<?xml version="1.0" encoding="UTF-8"?>
<testsuites name="Credisol" time="150.08" tests="6" failures="0" errors="0">
   <testsuite name="Credisol" tests="6" failures="0" errors="0" time="150.08" skipped="0" timestamp="2021-11-04 14:29:53" hostname="nicolas.aquino - NB-IT11.paigo.intra" id="Test Suites/Primera Venta/Credisol">
      <properties>
         <property name="deviceName" value=""/>
         <property name="devicePlatform" value=""/>
         <property name="logFolder" value="C:\\Users\\nicolas.aquino\\Katalon Studio\\Paigo\\Reports\\20211104_142945\\Primera Venta\\Credisol\\20211104_142945"/>
         <property name="logFiles" value="C:\\Users\\nicolas.aquino\\Katalon Studio\\Paigo\\Reports\\20211104_142945\\Primera Venta\\Credisol\\20211104_142945\\execution0.log"/>
         <property name="attachments" value="C:\Users\nicolas.aquino\Desktop\Trabajo\Screenshots Katalon\57595327\1_CedulaGenerada.jpg, C:\Users\nicolas.aquino\Desktop\Trabajo\Screenshots Katalon\57595327\2_FlujoCreditoUruguayo.jpg, C:\Users\nicolas.aquino\Desktop\Trabajo\Screenshots Katalon\57595327\3_Desembolso.jpg"/>
         <property name="hostName" value="nicolas.aquino - NB-IT11.paigo.intra"/>
         <property name="os" value="Windows 10 64bit"/>
         <property name="katalonVersion" value="8.1.0.208"/>
         <property name="browser" value="Chrome 95.0.4638.54"/>
         <property name="hostAddress" value="192.168.0.141"/>
         <property name="sessionId" value="c1df8ef6da27fd8c6bd261e8086211d6"/>
         <property name="seleniumVersion" value="3.141.59"/>
         <property name="proxyInformation" value="ProxyInformation { proxyOption=NO_PROXY, proxyServerType=HTTP, username=, password=********, proxyServerAddress=, proxyServerPort=0, executionList=&quot;&quot;, isApplyToDesiredCapabilities=true }"/>
         <property name="platform" value="Windows 10"/>
      </properties>
      <testcase name="Test Cases/General/Generar Cedula Random" time="6.288" classname="Test Cases/General/Generar Cedula Random" status="PASSED">
         <system-out><![CDATA[2021-11-04 14:29:53 - [TEST_CASE][PASSED] - Test Cases/General/Generar Cedula Random: Test Cases/General/Generar Cedula Random

2021-11-04 14:29:54 - [TEST_STEP][PASSED] - openBrowser("https://picandocodigo.github.io/ci_js/"): Browser is opened with url: 'https://picandocodigo.github.io/ci_js/'

2021-11-04 14:29:54 - [MESSAGE][INFO] - Starting 'Chrome' driver

2021-11-04 14:29:54 - [MESSAGE][INFO] - Action delay is set to 0 milliseconds

2021-11-04 14:29:57 - [MESSAGE][PASSED] - Browser is opened with url: 'https://picandocodigo.github.io/ci_js/'

2021-11-04 14:29:57 - [TEST_STEP][PASSED] - maximizeWindow(): Current window maximized

2021-11-04 14:29:57 - [MESSAGE][PASSED] - Current window maximized

2021-11-04 14:29:57 - [TEST_STEP][PASSED] - click(findTestObject("Generador de cedulas/botonGenerar")): Object: 'Object Repository/Generador de cedulas/botonGenerar' is clicked on

2021-11-04 14:29:58 - [MESSAGE][PASSED] - Object: 'Object Repository/Generador de cedulas/botonGenerar' is clicked on

2021-11-04 14:29:58 - [TEST_STEP][PASSED] - cedulaRandom = getAttribute(findTestObject("Generador de cedulas/obtenerCedulaRandom"), "value"): Attribute 'value' of object 'Object Repository/Generador de cedulas/obtenerCedulaRandom' is: '57595327'

2021-11-04 14:29:58 - [MESSAGE][PASSED] - Attribute 'value' of object 'Object Repository/Generador de cedulas/obtenerCedulaRandom' is: '57595327'

2021-11-04 14:29:59 - [TEST_STEP][PASSED] - while (cedulaRandom >= "60000000"): null

2021-11-04 14:29:59 - [TEST_STEP][PASSED] - takeScreenshot(C:\Users\nicolas.aquino\Desktop\Trabajo\Screenshots Katalon\$GlobalVariable.cedulaRandom\1_CedulaGenerada.jpg): Taking screenshot successfully

2021-11-04 14:30:00 - [MESSAGE][PASSED] - Taking screenshot successfully
[[ATTACHMENT|C:\Users\nicolas.aquino\Desktop\Trabajo\Screenshots Katalon\57595327\1_CedulaGenerada.jpg]]]]></system-out>
         <system-err><![CDATA[]]></system-err>
      </testcase>
      <testcase name="Test Cases/Credisol/CS - Flujo Web" time="67.349" classname="Test Cases/Credisol/CS - Flujo Web" status="PASSED">
         <system-out><![CDATA[2021-11-04 14:30:00 - [TEST_CASE][PASSED] - Test Cases/Credisol/CS - Flujo Web: Test Cases/Credisol/CS - Flujo Web

2021-11-04 14:30:01 - [TEST_STEP][PASSED] - currentPage = getUrl(): Current window's url is: 'https://picandocodigo.github.io/ci_js/'

2021-11-04 14:30:01 - [MESSAGE][PASSED] - Current window's url is: 'https://picandocodigo.github.io/ci_js/'

2021-11-04 14:30:01 - [TEST_STEP][PASSED] - currentTab = getWindowIndex(): Current window's index is: 0

2021-11-04 14:30:01 - [MESSAGE][PASSED] - Current window's index is: 0

2021-11-04 14:30:01 - [TEST_STEP][PASSED] - driver = getWebDriver(): null

2021-11-04 14:30:01 - [TEST_STEP][PASSED] - js = driver: null

2021-11-04 14:30:01 - [TEST_STEP][PASSED] - js.executeScript("window.open();"): null

2021-11-04 14:30:01 - [TEST_STEP][PASSED] - switchToWindowIndex(currentTab + 1): Switched to window with index: '1'

2021-11-04 14:30:01 - [MESSAGE][PASSED] - Switched to window with index: '1'

2021-11-04 14:30:01 - [TEST_STEP][PASSED] - navigateToUrl(Credisol): Navigate to 'https://dev-credisol.paigo.uy' successfully

2021-11-04 14:30:08 - [MESSAGE][PASSED] - Navigate to 'https://dev-credisol.paigo.uy' successfully

2021-11-04 14:30:08 - [TEST_STEP][PASSED] - waitForElementPresent(findTestObject("Credisol/Inicio/h3_InicioFlujo"), 0): Object 'Object Repository/Credisol/Inicio/h3_InicioFlujo' is present

2021-11-04 14:30:08 - [MESSAGE][WARNING] - Timeout '0' is invalid. Using default page load timeout: '30'

2021-11-04 14:30:09 - [MESSAGE][PASSED] - Object 'Object Repository/Credisol/Inicio/h3_InicioFlujo' is present

2021-11-04 14:30:09 - [TEST_STEP][PASSED] - enhancedClick(findTestObject("Credisol/Inicio/h3_InicioFlujo")): Object: 'Object Repository/Credisol/Inicio/h3_InicioFlujo' is clicked on

2021-11-04 14:30:09 - [MESSAGE][PASSED] - Object: 'Object Repository/Credisol/Inicio/h3_InicioFlujo' is clicked on

2021-11-04 14:30:09 - [TEST_STEP][PASSED] - waitForElementPresent(findTestObject("Credisol/Flujo 1/input_Cedula"), 0): Object 'Object Repository/Credisol/Flujo 1/input_Cedula' is present

2021-11-04 14:30:09 - [MESSAGE][WARNING] - Timeout '0' is invalid. Using default page load timeout: '30'

2021-11-04 14:30:10 - [MESSAGE][PASSED] - Object 'Object Repository/Credisol/Flujo 1/input_Cedula' is present

2021-11-04 14:30:10 - [TEST_STEP][PASSED] - setText(findTestObject("Credisol/Flujo 1/input_Cedula"), cedulaRandom): Text '57595327' is set on object 'Object Repository/Credisol/Flujo 1/input_Cedula'

2021-11-04 14:30:11 - [MESSAGE][PASSED] - Text '57595327' is set on object 'Object Repository/Credisol/Flujo 1/input_Cedula'

2021-11-04 14:30:11 - [TEST_STEP][PASSED] - setText(findTestObject("Credisol/Flujo 1/input_Celular"), findTestData("DatosUsuario").getValue(2, 3)): Text '94040738' is set on object 'Object Repository/Credisol/Flujo 1/input_Celular'

2021-11-04 14:30:12 - [MESSAGE][PASSED] - Text '94040738' is set on object 'Object Repository/Credisol/Flujo 1/input_Celular'

2021-11-04 14:30:12 - [TEST_STEP][PASSED] - enhancedClick(findTestObject("Credisol/Flujo 1/input_TyC-1")): Object: 'Object Repository/Credisol/Flujo 1/input_TyC-1' is clicked on

2021-11-04 14:30:13 - [MESSAGE][PASSED] - Object: 'Object Repository/Credisol/Flujo 1/input_TyC-1' is clicked on

2021-11-04 14:30:13 - [TEST_STEP][PASSED] - enhancedClick(findTestObject("Credisol/Flujo 1/div_Continuar-1")): Object: 'Object Repository/Credisol/Flujo 1/div_Continuar-1' is clicked on

2021-11-04 14:30:13 - [MESSAGE][PASSED] - Object: 'Object Repository/Credisol/Flujo 1/div_Continuar-1' is clicked on

2021-11-04 14:30:13 - [TEST_STEP][PASSED] - waitForElementPresent(findTestObject("Credisol/Flujo 2/input_Nombre"), 0): Object 'Object Repository/Credisol/Flujo 2/input_Nombre' is present

2021-11-04 14:30:13 - [MESSAGE][WARNING] - Timeout '0' is invalid. Using default page load timeout: '30'

2021-11-04 14:30:14 - [MESSAGE][PASSED] - Object 'Object Repository/Credisol/Flujo 2/input_Nombre' is present

2021-11-04 14:30:14 - [TEST_STEP][PASSED] - setText(findTestObject("Credisol/Flujo 2/input_Nombre"), findTestData("DatosUsuario").getValue(2, 7)): Text 'Nicolas' is set on object 'Object Repository/Credisol/Flujo 2/input_Nombre'

2021-11-04 14:30:15 - [MESSAGE][PASSED] - Text 'Nicolas' is set on object 'Object Repository/Credisol/Flujo 2/input_Nombre'

2021-11-04 14:30:16 - [TEST_STEP][PASSED] - setText(findTestObject("Credisol/Flujo 2/input_Apellido"), findTestData("DatosUsuario").getValue(2, 8)): Text 'Aquino' is set on object 'Object Repository/Credisol/Flujo 2/input_Apellido'

2021-11-04 14:30:16 - [MESSAGE][PASSED] - Text 'Aquino' is set on object 'Object Repository/Credisol/Flujo 2/input_Apellido'

2021-11-04 14:30:16 - [TEST_STEP][PASSED] - selectOptionByValue(findTestObject("Credisol/Flujo 2/select_Anio"), "1970", false): All options with value '1970' are selected in object 'Object Repository/Credisol/Flujo 2/select_Anio' 

2021-11-04 14:30:17 - [MESSAGE][PASSED] - All options with value '1970' are selected in object 'Object Repository/Credisol/Flujo 2/select_Anio' 

2021-11-04 14:30:17 - [TEST_STEP][PASSED] - selectOptionByValue(findTestObject("Credisol/Flujo 2/select_Mes"), "2", false): All options with value '2' are selected in object 'Object Repository/Credisol/Flujo 2/select_Mes' 

2021-11-04 14:30:18 - [MESSAGE][PASSED] - All options with value '2' are selected in object 'Object Repository/Credisol/Flujo 2/select_Mes' 

2021-11-04 14:30:18 - [TEST_STEP][PASSED] - selectOptionByValue(findTestObject("Credisol/Flujo 2/select_Dia"), "14", false): All options with value '14' are selected in object 'Object Repository/Credisol/Flujo 2/select_Dia' 

2021-11-04 14:30:19 - [MESSAGE][PASSED] - All options with value '14' are selected in object 'Object Repository/Credisol/Flujo 2/select_Dia' 

2021-11-04 14:30:19 - [TEST_STEP][PASSED] - delay(0.7): Delayed 0,7 second(s)

2021-11-04 14:30:20 - [MESSAGE][PASSED] - Delayed 0,7 second(s)

2021-11-04 14:30:20 - [TEST_STEP][PASSED] - setText(findTestObject("Credisol/Flujo 2/input_Email"), findTestData("DatosUsuario").getValue(2, 6)): Text 'nicolas.aquino@paigo.com.uyy' is set on object 'Object Repository/Credisol/Flujo 2/input_Email'

2021-11-04 14:30:21 - [MESSAGE][PASSED] - Text 'nicolas.aquino@paigo.com.uyy' is set on object 'Object Repository/Credisol/Flujo 2/input_Email'

2021-11-04 14:30:21 - [TEST_STEP][PASSED] - delay(0.7): Delayed 0,7 second(s)

2021-11-04 14:30:22 - [MESSAGE][PASSED] - Delayed 0,7 second(s)

2021-11-04 14:30:22 - [TEST_STEP][PASSED] - sendKeys(findTestObject("Credisol/Flujo 2/input_EmailInvalido"), Keys.chord(BACK_SPACE)): Keys 'BACK_SPACE + ' sent to object: 'Object Repository/Credisol/Flujo 2/input_EmailInvalido'

2021-11-04 14:30:22 - [MESSAGE][PASSED] - Keys 'BACK_SPACE + ' sent to object: 'Object Repository/Credisol/Flujo 2/input_EmailInvalido'

2021-11-04 14:30:22 - [TEST_STEP][PASSED] - selectOptionByValue(findTestObject("Credisol/Flujo 2/select_Departamento"), "Montevideo", false): All options with value 'Montevideo' are selected in object 'Object Repository/Credisol/Flujo 2/select_Departamento' 

2021-11-04 14:30:23 - [MESSAGE][PASSED] - All options with value 'Montevideo' are selected in object 'Object Repository/Credisol/Flujo 2/select_Departamento' 

2021-11-04 14:30:23 - [TEST_STEP][PASSED] - selectOptionByValue(findTestObject("Credisol/Flujo 2/select_Localidad"), "Pocitos", false): All options with value 'Pocitos' are selected in object 'Object Repository/Credisol/Flujo 2/select_Localidad' 

2021-11-04 14:30:24 - [MESSAGE][PASSED] - All options with value 'Pocitos' are selected in object 'Object Repository/Credisol/Flujo 2/select_Localidad' 

2021-11-04 14:30:24 - [TEST_STEP][PASSED] - setText(findTestObject("Credisol/Flujo 2/input_Ingresos"), "12000"): Text '12000' is set on object 'Object Repository/Credisol/Flujo 2/input_Ingresos'

2021-11-04 14:30:25 - [MESSAGE][PASSED] - Text '12000' is set on object 'Object Repository/Credisol/Flujo 2/input_Ingresos'

2021-11-04 14:30:25 - [TEST_STEP][PASSED] - selectOptionByValue(findTestObject("Credisol/Flujo 2/select_Genero"), "Male", false): All options with value 'Male' are selected in object 'Object Repository/Credisol/Flujo 2/select_Genero' 

2021-11-04 14:30:26 - [MESSAGE][PASSED] - All options with value 'Male' are selected in object 'Object Repository/Credisol/Flujo 2/select_Genero' 

2021-11-04 14:30:26 - [TEST_STEP][PASSED] - enhancedClick(findTestObject("Credisol/Flujo 2/div_Continuar-2")): Object: 'Object Repository/Credisol/Flujo 2/div_Continuar-2' is clicked on

2021-11-04 14:30:27 - [MESSAGE][PASSED] - Object: 'Object Repository/Credisol/Flujo 2/div_Continuar-2' is clicked on

2021-11-04 14:30:27 - [TEST_STEP][PASSED] - waitForElementPresent(findTestObject("Credisol/Flujo 3/select_Vencimiento"), 0): Object 'Object Repository/Credisol/Flujo 3/select_Vencimiento' is present

2021-11-04 14:30:27 - [MESSAGE][WARNING] - Timeout '0' is invalid. Using default page load timeout: '30'

2021-11-04 14:30:41 - [MESSAGE][PASSED] - Object 'Object Repository/Credisol/Flujo 3/select_Vencimiento' is present

2021-11-04 14:30:41 - [TEST_STEP][PASSED] - enhancedClick(findTestObject("Credisol/Flujo 3/select_Vencimiento"), STOP_ON_FAILURE): Object: 'Object Repository/Credisol/Flujo 3/select_Vencimiento' is clicked on

2021-11-04 14:30:41 - [MESSAGE][PASSED] - Object: 'Object Repository/Credisol/Flujo 3/select_Vencimiento' is clicked on

2021-11-04 14:30:41 - [TEST_STEP][PASSED] - sendKeys(findTestObject("Credisol/Flujo 3/select_Vencimiento"), Keys.chord(ARROW_DOWN, ENTER)): Keys 'DOWN + ENTER + ' sent to object: 'Object Repository/Credisol/Flujo 3/select_Vencimiento'

2021-11-04 14:30:42 - [MESSAGE][PASSED] - Keys 'DOWN + ENTER + ' sent to object: 'Object Repository/Credisol/Flujo 3/select_Vencimiento'

2021-11-04 14:30:42 - [TEST_STEP][PASSED] - delay(7, STOP_ON_FAILURE): Delayed 7 second(s)

2021-11-04 14:30:49 - [MESSAGE][PASSED] - Delayed 7 second(s)

2021-11-04 14:30:49 - [TEST_STEP][PASSED] - enhancedClick(findTestObject("Credisol/Flujo 3/select_Cuotas"), STOP_ON_FAILURE): Object: 'Object Repository/Credisol/Flujo 3/select_Cuotas' is clicked on

2021-11-04 14:30:50 - [MESSAGE][PASSED] - Object: 'Object Repository/Credisol/Flujo 3/select_Cuotas' is clicked on

2021-11-04 14:30:50 - [TEST_STEP][PASSED] - sendKeys(findTestObject("Credisol/Flujo 3/select_Cuotas"), Keys.chord(ARROW_DOWN, ENTER)): Keys 'DOWN + ENTER + ' sent to object: 'Object Repository/Credisol/Flujo 3/select_Cuotas'

2021-11-04 14:30:50 - [MESSAGE][PASSED] - Keys 'DOWN + ENTER + ' sent to object: 'Object Repository/Credisol/Flujo 3/select_Cuotas'

2021-11-04 14:30:50 - [TEST_STEP][PASSED] - selectOptionByValue(findTestObject("Credisol/Flujo 4/select_MetodoDesembolso"), "BankTransfer", false): All options with value 'BankTransfer' are selected in object 'Object Repository/Credisol/Flujo 4/select_MetodoDesembolso' 

2021-11-04 14:30:51 - [MESSAGE][PASSED] - All options with value 'BankTransfer' are selected in object 'Object Repository/Credisol/Flujo 4/select_MetodoDesembolso' 

2021-11-04 14:30:51 - [TEST_STEP][PASSED] - selectOptionByLabel(findTestObject("Credisol/Flujo 3/select_Banco"), "Itaú", false): All options with label 'Itaú' are selected in object 'Object Repository/Credisol/Flujo 3/select_Banco' 

2021-11-04 14:30:52 - [MESSAGE][PASSED] - All options with label 'Itaú' are selected in object 'Object Repository/Credisol/Flujo 3/select_Banco' 

2021-11-04 14:30:52 - [TEST_STEP][PASSED] - setText(findTestObject("Credisol/Flujo 3/input_Cuenta"), findTestData("DatosUsuario").getValue(2, 10)): Text '1234567' is set on object 'Object Repository/Credisol/Flujo 3/input_Cuenta'

2021-11-04 14:30:53 - [MESSAGE][PASSED] - Text '1234567' is set on object 'Object Repository/Credisol/Flujo 3/input_Cuenta'

2021-11-04 14:30:53 - [TEST_STEP][PASSED] - enhancedClick(findTestObject("Credisol/Flujo 3/div_Continuar-3")): Object: 'Object Repository/Credisol/Flujo 3/div_Continuar-3' is clicked on

2021-11-04 14:30:54 - [MESSAGE][PASSED] - Object: 'Object Repository/Credisol/Flujo 3/div_Continuar-3' is clicked on

2021-11-04 14:30:54 - [TEST_STEP][PASSED] - waitForElementPresent(findTestObject("Credisol/Flujo 4/input_Direccion"), 0): Object 'Object Repository/Credisol/Flujo 4/input_Direccion' is present

2021-11-04 14:30:54 - [MESSAGE][WARNING] - Timeout '0' is invalid. Using default page load timeout: '30'

2021-11-04 14:30:55 - [MESSAGE][PASSED] - Object 'Object Repository/Credisol/Flujo 4/input_Direccion' is present

2021-11-04 14:30:55 - [TEST_STEP][PASSED] - setText(findTestObject("Credisol/Flujo 4/input_Direccion"), findTestData("DatosUsuario").getValue(2, 9)): Text 'Calle falsa 123' is set on object 'Object Repository/Credisol/Flujo 4/input_Direccion'

2021-11-04 14:30:56 - [MESSAGE][PASSED] - Text 'Calle falsa 123' is set on object 'Object Repository/Credisol/Flujo 4/input_Direccion'

2021-11-04 14:30:56 - [TEST_STEP][PASSED] - enhancedClick(findTestObject("Credisol/Flujo 4/input_TyC-2")): Object: 'Object Repository/Credisol/Flujo 4/input_TyC-2' is clicked on

2021-11-04 14:30:57 - [MESSAGE][PASSED] - Object: 'Object Repository/Credisol/Flujo 4/input_TyC-2' is clicked on

2021-11-04 14:30:57 - [TEST_STEP][PASSED] - enhancedClick(findTestObject("Credisol/Flujo 4/div_Continuar-4")): Object: 'Object Repository/Credisol/Flujo 4/div_Continuar-4' is clicked on

2021-11-04 14:30:57 - [MESSAGE][PASSED] - Object: 'Object Repository/Credisol/Flujo 4/div_Continuar-4' is clicked on

2021-11-04 14:30:57 - [TEST_STEP][PASSED] - waitForElementPresent(findTestObject("Credisol/Flujo 5/div_QuieroQueMeLlamen"), 0): Object 'Object Repository/Credisol/Flujo 5/div_QuieroQueMeLlamen' is present

2021-11-04 14:30:58 - [MESSAGE][WARNING] - Timeout '0' is invalid. Using default page load timeout: '30'

2021-11-04 14:31:04 - [MESSAGE][PASSED] - Object 'Object Repository/Credisol/Flujo 5/div_QuieroQueMeLlamen' is present

2021-11-04 14:31:04 - [TEST_STEP][PASSED] - enhancedClick(findTestObject("Credisol/Flujo 5/div_QuieroQueMeLlamen")): Object: 'Object Repository/Credisol/Flujo 5/div_QuieroQueMeLlamen' is clicked on

2021-11-04 14:31:04 - [MESSAGE][PASSED] - Object: 'Object Repository/Credisol/Flujo 5/div_QuieroQueMeLlamen' is clicked on

2021-11-04 14:31:04 - [TEST_STEP][PASSED] - takeFullPageScreenshot(C:\Users\nicolas.aquino\Desktop\Trabajo\Screenshots Katalon\$GlobalVariable.cedulaRandom\2_FlujoCreditoUruguayo.jpg): Taking screenshot successfully

2021-11-04 14:31:05 - [MESSAGE][INFO] - 0 hidden object(s)

2021-11-04 14:31:06 - [MESSAGE][PASSED] - Taking screenshot successfully
[[ATTACHMENT|C:\Users\nicolas.aquino\Desktop\Trabajo\Screenshots Katalon\57595327\2_FlujoCreditoUruguayo.jpg]]

2021-11-04 14:31:06 - [TEST_STEP][PASSED] - waitForElementPresent(findTestObject("Credisol/Flujo 6/div_FINALIZAR"), 0): Object 'Object Repository/Credisol/Flujo 6/div_FINALIZAR' is present

2021-11-04 14:31:06 - [MESSAGE][WARNING] - Timeout '0' is invalid. Using default page load timeout: '30'

2021-11-04 14:31:06 - [MESSAGE][PASSED] - Object 'Object Repository/Credisol/Flujo 6/div_FINALIZAR' is present

2021-11-04 14:31:06 - [TEST_STEP][PASSED] - enhancedClick(findTestObject("Credisol/Flujo 6/div_FINALIZAR")): Object: 'Object Repository/Credisol/Flujo 6/div_FINALIZAR' is clicked on

2021-11-04 14:31:07 - [MESSAGE][PASSED] - Object: 'Object Repository/Credisol/Flujo 6/div_FINALIZAR' is clicked on]]></system-out>
         <system-err><![CDATA[]]></system-err>
      </testcase>
      <testcase name="Test Cases/Admin/Logueo" time="9.131" classname="Test Cases/Admin/Logueo" status="PASSED">
         <system-out><![CDATA[2021-11-04 14:31:07 - [TEST_CASE][PASSED] - Test Cases/Admin/Logueo: Test Cases/Admin/Logueo

2021-11-04 14:31:08 - [TEST_STEP][PASSED] - currentPage = getUrl(): Current window's url is: 'https://dev-credisol.paigo.uy/'

2021-11-04 14:31:10 - [MESSAGE][PASSED] - Current window's url is: 'https://dev-credisol.paigo.uy/'

2021-11-04 14:31:10 - [TEST_STEP][PASSED] - currentTab = getWindowIndex(): Current window's index is: 1

2021-11-04 14:31:10 - [MESSAGE][PASSED] - Current window's index is: 1

2021-11-04 14:31:10 - [TEST_STEP][PASSED] - driver = getWebDriver(): null

2021-11-04 14:31:10 - [TEST_STEP][PASSED] - js = driver: null

2021-11-04 14:31:10 - [TEST_STEP][PASSED] - js.executeScript("window.open();"): null

2021-11-04 14:31:11 - [TEST_STEP][PASSED] - switchToWindowIndex(currentTab + 1): Switched to window with index: '2'

2021-11-04 14:31:11 - [MESSAGE][PASSED] - Switched to window with index: '2'

2021-11-04 14:31:11 - [TEST_STEP][PASSED] - navigateToUrl(Admin): Navigate to 'https://dev-admin-int.paigo.uy/login' successfully

2021-11-04 14:31:13 - [MESSAGE][PASSED] - Navigate to 'https://dev-admin-int.paigo.uy/login' successfully

2021-11-04 14:31:13 - [TEST_STEP][PASSED] - maximizeWindow(): Current window maximized

2021-11-04 14:31:13 - [MESSAGE][PASSED] - Current window maximized

2021-11-04 14:31:14 - [TEST_STEP][PASSED] - setText(findTestObject("Admin/Logueo/input_Usuario"), findTestData("DatosUsuario").getValue(2, 1)): Text 'gabriel.gayol@paigo.com.uy' is set on object 'Object Repository/Admin/Logueo/input_Usuario'

2021-11-04 14:31:15 - [MESSAGE][PASSED] - Text 'gabriel.gayol@paigo.com.uy' is set on object 'Object Repository/Admin/Logueo/input_Usuario'

2021-11-04 14:31:15 - [TEST_STEP][PASSED] - setText(findTestObject("Admin/Logueo/input_Contrasena"), findTestData("DatosUsuario").getValue(2, 2)): Text '12345678' is set on object 'Object Repository/Admin/Logueo/input_Contrasena'

2021-11-04 14:31:16 - [MESSAGE][PASSED] - Text '12345678' is set on object 'Object Repository/Admin/Logueo/input_Contrasena'

2021-11-04 14:31:16 - [TEST_STEP][PASSED] - enhancedClick(findTestObject("Admin/Logueo/button_Ingresar")): Object: 'Object Repository/Admin/Logueo/button_Ingresar' is clicked on

2021-11-04 14:31:16 - [MESSAGE][PASSED] - Object: 'Object Repository/Admin/Logueo/button_Ingresar' is clicked on]]></system-out>
         <system-err><![CDATA[]]></system-err>
      </testcase>
      <testcase name="Test Cases/Admin/SPI/Credisol" time="9.143" classname="Test Cases/Admin/SPI/Credisol" status="PASSED">
         <system-out><![CDATA[2021-11-04 14:31:16 - [TEST_CASE][PASSED] - Test Cases/Admin/SPI/Credisol: Test Cases/Admin/SPI/Credisol

2021-11-04 14:31:17 - [TEST_STEP][PASSED] - waitForElementPresent(findTestObject("Admin/Alta de cuenta - SPI/p_CuentasBancarias"), 0): Object 'Object Repository/Admin/Alta de cuenta - SPI/p_CuentasBancarias' is present

2021-11-04 14:31:17 - [MESSAGE][WARNING] - Timeout '0' is invalid. Using default page load timeout: '30'

2021-11-04 14:31:18 - [MESSAGE][PASSED] - Object 'Object Repository/Admin/Alta de cuenta - SPI/p_CuentasBancarias' is present

2021-11-04 14:31:18 - [TEST_STEP][PASSED] - enhancedClick(findTestObject("Admin/Alta de cuenta - SPI/p_CuentasBancarias")): Object: 'Object Repository/Admin/Alta de cuenta - SPI/p_CuentasBancarias' is clicked on

2021-11-04 14:31:19 - [MESSAGE][PASSED] - Object: 'Object Repository/Admin/Alta de cuenta - SPI/p_CuentasBancarias' is clicked on

2021-11-04 14:31:19 - [TEST_STEP][PASSED] - setText(findTestObject("Admin/Alta de cuenta - SPI/input_Cedula"), cedulaRandom): Text '57595327' is set on object 'Object Repository/Admin/Alta de cuenta - SPI/input_Cedula'

2021-11-04 14:31:20 - [MESSAGE][PASSED] - Text '57595327' is set on object 'Object Repository/Admin/Alta de cuenta - SPI/input_Cedula'

2021-11-04 14:31:20 - [TEST_STEP][PASSED] - selectOptionByLabel(findTestObject("Admin/Alta de cuenta - SPI/select_Marca"), Marca_CS, false): All options with label 'Credisol' are selected in object 'Object Repository/Admin/Alta de cuenta - SPI/select_Marca' 

2021-11-04 14:31:21 - [MESSAGE][PASSED] - All options with label 'Credisol' are selected in object 'Object Repository/Admin/Alta de cuenta - SPI/select_Marca' 

2021-11-04 14:31:21 - [TEST_STEP][PASSED] - enhancedClick(findTestObject("Admin/Alta de cuenta - SPI/button_Obtener")): Object: 'Object Repository/Admin/Alta de cuenta - SPI/button_Obtener' is clicked on

2021-11-04 14:31:22 - [MESSAGE][PASSED] - Object: 'Object Repository/Admin/Alta de cuenta - SPI/button_Obtener' is clicked on

2021-11-04 14:31:22 - [TEST_STEP][PASSED] - waitForElementPresent(findTestObject("Admin/Edicion de cuenta - SPI/i_EditarCuenta"), 0): Object 'Object Repository/Admin/Edicion de cuenta - SPI/i_EditarCuenta' is present

2021-11-04 14:31:22 - [MESSAGE][WARNING] - Timeout '0' is invalid. Using default page load timeout: '30'

2021-11-04 14:31:23 - [MESSAGE][PASSED] - Object 'Object Repository/Admin/Edicion de cuenta - SPI/i_EditarCuenta' is present

2021-11-04 14:31:23 - [TEST_STEP][PASSED] - enhancedClick(findTestObject("Admin/Edicion de cuenta - SPI/i_EditarCuenta")): Object: 'Object Repository/Admin/Edicion de cuenta - SPI/i_EditarCuenta' is clicked on

2021-11-04 14:31:23 - [MESSAGE][PASSED] - Object: 'Object Repository/Admin/Edicion de cuenta - SPI/i_EditarCuenta' is clicked on

2021-11-04 14:31:23 - [TEST_STEP][PASSED] - setText(findTestObject("Admin/Edicion de cuenta - SPI/input_Cuenta"), findTestData("DatosUsuario").getValue(2, 10)): Text '1234567' is set on object 'Object Repository/Admin/Edicion de cuenta - SPI/input_Cuenta'

2021-11-04 14:31:24 - [MESSAGE][PASSED] - Text '1234567' is set on object 'Object Repository/Admin/Edicion de cuenta - SPI/input_Cuenta'

2021-11-04 14:31:24 - [TEST_STEP][PASSED] - sendKeys(findTestObject("Admin/Alta de cuenta - SPI/select_TipoCuenta"), Keys.chord(TAB, TAB, SPACE)): Keys 'TAB + TAB + SPACE + ' sent to object: 'Object Repository/Admin/Alta de cuenta - SPI/select_TipoCuenta'

2021-11-04 14:31:25 - [MESSAGE][PASSED] - Keys 'TAB + TAB + SPACE + ' sent to object: 'Object Repository/Admin/Alta de cuenta - SPI/select_TipoCuenta'

2021-11-04 14:31:25 - [TEST_STEP][PASSED] - enhancedClick(findTestObject("Admin/Edicion de cuenta - SPI/button_Guardar")): Object: 'Object Repository/Admin/Edicion de cuenta - SPI/button_Guardar' is clicked on

2021-11-04 14:31:25 - [MESSAGE][PASSED] - Object: 'Object Repository/Admin/Edicion de cuenta - SPI/button_Guardar' is clicked on]]></system-out>
         <system-err><![CDATA[]]></system-err>
      </testcase>
      <testcase name="Test Cases/Admin/Credisol/Verificación" time="43.533" classname="Test Cases/Admin/Credisol/Verificación" status="PASSED">
         <system-out><![CDATA[2021-11-04 14:31:25 - [TEST_CASE][PASSED] - Test Cases/Admin/Credisol/Verificación: Test Cases/Admin/Credisol/Verificación

2021-11-04 14:31:26 - [TEST_STEP][PASSED] - waitForElementPresent(findTestObject("Admin/Verificacion/p_CreditosEnVerificacion"), 0): Object 'Object Repository/Admin/Verificacion/p_CreditosEnVerificacion' is present

2021-11-04 14:31:27 - [MESSAGE][WARNING] - Timeout '0' is invalid. Using default page load timeout: '30'

2021-11-04 14:31:27 - [MESSAGE][PASSED] - Object 'Object Repository/Admin/Verificacion/p_CreditosEnVerificacion' is present

2021-11-04 14:31:27 - [TEST_STEP][PASSED] - enhancedClick(findTestObject("Admin/Verificacion/p_CreditosEnVerificacion")): Object: 'Object Repository/Admin/Verificacion/p_CreditosEnVerificacion' is clicked on

2021-11-04 14:31:27 - [MESSAGE][PASSED] - Object: 'Object Repository/Admin/Verificacion/p_CreditosEnVerificacion' is clicked on

2021-11-04 14:31:27 - [TEST_STEP][PASSED] - waitForElementVisible(findTestObject("Admin/Verificacion/select_SeleccionarMarca"), 0): Object 'Object Repository/Admin/Verificacion/select_SeleccionarMarca' is visible

2021-11-04 14:31:28 - [MESSAGE][WARNING] - Timeout '0' is invalid. Using default page load timeout: '30'

2021-11-04 14:31:28 - [MESSAGE][PASSED] - Object 'Object Repository/Admin/Verificacion/select_SeleccionarMarca' is visible

2021-11-04 14:31:28 - [TEST_STEP][PASSED] - selectOptionByLabel(findTestObject("Admin/Verificacion/select_SeleccionarMarca"), Marca_CS, false): All options with label 'Credisol' are selected in object 'Object Repository/Admin/Verificacion/select_SeleccionarMarca' 

2021-11-04 14:31:29 - [MESSAGE][PASSED] - All options with label 'Credisol' are selected in object 'Object Repository/Admin/Verificacion/select_SeleccionarMarca' 

2021-11-04 14:31:29 - [TEST_STEP][PASSED] - enhancedClick(findTestObject("Admin/Verificacion/button_Obtener")): Object: 'Object Repository/Admin/Verificacion/button_Obtener' is clicked on

2021-11-04 14:31:30 - [MESSAGE][PASSED] - Object: 'Object Repository/Admin/Verificacion/button_Obtener' is clicked on

2021-11-04 14:31:30 - [TEST_STEP][PASSED] - waitForElementVisible(findTestObject("Admin/Verificacion/input_FiltrarCI"), 0): Object 'Object Repository/Admin/Verificacion/input_FiltrarCI' is visible

2021-11-04 14:31:30 - [MESSAGE][WARNING] - Timeout '0' is invalid. Using default page load timeout: '30'

2021-11-04 14:31:32 - [MESSAGE][PASSED] - Object 'Object Repository/Admin/Verificacion/input_FiltrarCI' is visible

2021-11-04 14:31:32 - [TEST_STEP][PASSED] - setText(findTestObject("Admin/Verificacion/input_FiltrarCI"), cedulaRandom): Text '57595327' is set on object 'Object Repository/Admin/Verificacion/input_FiltrarCI'

2021-11-04 14:31:32 - [MESSAGE][PASSED] - Text '57595327' is set on object 'Object Repository/Admin/Verificacion/input_FiltrarCI'

2021-11-04 14:31:32 - [TEST_STEP][PASSED] - enhancedClick(findTestObject("Admin/Verificacion/button_Retomar VI")): Object: 'Object Repository/Admin/Verificacion/button_Retomar VI' is clicked on

2021-11-04 14:31:35 - [MESSAGE][PASSED] - Object: 'Object Repository/Admin/Verificacion/button_Retomar VI' is clicked on

2021-11-04 14:31:35 - [TEST_STEP][PASSED] - waitForElementPresent(findTestObject("Admin/Verificacion/button_Subir_1"), 0): Object 'Object Repository/Admin/Verificacion/button_Subir_1' is present

2021-11-04 14:31:35 - [MESSAGE][WARNING] - Timeout '0' is invalid. Using default page load timeout: '30'

2021-11-04 14:31:42 - [MESSAGE][PASSED] - Object 'Object Repository/Admin/Verificacion/button_Subir_1' is present

2021-11-04 14:31:42 - [TEST_STEP][PASSED] - enhancedClick(findTestObject("Admin/Verificacion/button_Subir_1")): Object: 'Object Repository/Admin/Verificacion/button_Subir_1' is clicked on

2021-11-04 14:31:43 - [MESSAGE][PASSED] - Object: 'Object Repository/Admin/Verificacion/button_Subir_1' is clicked on

2021-11-04 14:31:43 - [TEST_STEP][PASSED] - uploadFile(findTestObject("Admin/Verificacion/input_File"), "C:\Users\nicolas.aquino\Desktop\Trabajo\TomMeme.jpg"): File 'C:\Users\nicolas.aquino\Desktop\Trabajo\TomMeme.jpg' sent to object: 'Object Repository/Admin/Verificacion/input_File'

2021-11-04 14:31:43 - [MESSAGE][PASSED] - File 'C:\Users\nicolas.aquino\Desktop\Trabajo\TomMeme.jpg' sent to object: 'Object Repository/Admin/Verificacion/input_File'

2021-11-04 14:31:43 - [TEST_STEP][PASSED] - waitForElementClickable(findTestObject("Admin/Verificacion/button_ConfirmarSubidaImagen_1"), 0): Object 'Object Repository/Admin/Verificacion/button_ConfirmarSubidaImagen_1' is clickable

2021-11-04 14:31:44 - [MESSAGE][WARNING] - Timeout '0' is invalid. Using default page load timeout: '30'

2021-11-04 14:31:44 - [MESSAGE][PASSED] - Object 'Object Repository/Admin/Verificacion/button_ConfirmarSubidaImagen_1' is clickable

2021-11-04 14:31:44 - [TEST_STEP][PASSED] - enhancedClick(findTestObject("Admin/Verificacion/button_ConfirmarSubidaImagen_1")): Object: 'Object Repository/Admin/Verificacion/button_ConfirmarSubidaImagen_1' is clicked on

2021-11-04 14:31:45 - [MESSAGE][PASSED] - Object: 'Object Repository/Admin/Verificacion/button_ConfirmarSubidaImagen_1' is clicked on

2021-11-04 14:31:45 - [TEST_STEP][PASSED] - check(findTestObject("Admin/Verificacion/input_ConfirmarImagen_1")): Object 'Object Repository/Admin/Verificacion/input_ConfirmarImagen_1' is checked

2021-11-04 14:31:46 - [MESSAGE][PASSED] - Object 'Object Repository/Admin/Verificacion/input_ConfirmarImagen_1' is checked

2021-11-04 14:31:46 - [TEST_STEP][PASSED] - waitForElementVisible(findTestObject("Admin/Verificacion/button_Subir_2"), 0): Object 'Object Repository/Admin/Verificacion/button_Subir_2' is visible

2021-11-04 14:31:47 - [MESSAGE][WARNING] - Timeout '0' is invalid. Using default page load timeout: '30'

2021-11-04 14:31:47 - [MESSAGE][PASSED] - Object 'Object Repository/Admin/Verificacion/button_Subir_2' is visible

2021-11-04 14:31:47 - [TEST_STEP][PASSED] - enhancedClick(findTestObject("Admin/Verificacion/button_Subir_2")): Object: 'Object Repository/Admin/Verificacion/button_Subir_2' is clicked on

2021-11-04 14:31:47 - [MESSAGE][PASSED] - Object: 'Object Repository/Admin/Verificacion/button_Subir_2' is clicked on

2021-11-04 14:31:47 - [TEST_STEP][PASSED] - uploadFile(findTestObject("Admin/Verificacion/input_File"), "C:\Users\nicolas.aquino\Desktop\Trabajo\TomMeme.jpg"): File 'C:\Users\nicolas.aquino\Desktop\Trabajo\TomMeme.jpg' sent to object: 'Object Repository/Admin/Verificacion/input_File'

2021-11-04 14:31:48 - [MESSAGE][PASSED] - File 'C:\Users\nicolas.aquino\Desktop\Trabajo\TomMeme.jpg' sent to object: 'Object Repository/Admin/Verificacion/input_File'

2021-11-04 14:31:48 - [TEST_STEP][PASSED] - waitForElementClickable(findTestObject("Admin/Verificacion/button_ConfirmarSubidaImagen_2"), 0): Object 'Object Repository/Admin/Verificacion/button_ConfirmarSubidaImagen_2' is clickable

2021-11-04 14:31:48 - [MESSAGE][WARNING] - Timeout '0' is invalid. Using default page load timeout: '30'

2021-11-04 14:31:48 - [MESSAGE][PASSED] - Object 'Object Repository/Admin/Verificacion/button_ConfirmarSubidaImagen_2' is clickable

2021-11-04 14:31:48 - [TEST_STEP][PASSED] - enhancedClick(findTestObject("Admin/Verificacion/button_ConfirmarSubidaImagen_2")): Object: 'Object Repository/Admin/Verificacion/button_ConfirmarSubidaImagen_2' is clicked on

2021-11-04 14:31:49 - [MESSAGE][PASSED] - Object: 'Object Repository/Admin/Verificacion/button_ConfirmarSubidaImagen_2' is clicked on

2021-11-04 14:31:49 - [TEST_STEP][PASSED] - check(findTestObject("Admin/Verificacion/input_ConfirmarImagen_2")): Object 'Object Repository/Admin/Verificacion/input_ConfirmarImagen_2' is checked

2021-11-04 14:31:50 - [MESSAGE][PASSED] - Object 'Object Repository/Admin/Verificacion/input_ConfirmarImagen_2' is checked

2021-11-04 14:31:50 - [TEST_STEP][PASSED] - waitForElementVisible(findTestObject("Admin/Verificacion/button_Subir_3"), 0): Object 'Object Repository/Admin/Verificacion/button_Subir_3' is visible

2021-11-04 14:31:51 - [MESSAGE][WARNING] - Timeout '0' is invalid. Using default page load timeout: '30'

2021-11-04 14:31:51 - [MESSAGE][PASSED] - Object 'Object Repository/Admin/Verificacion/button_Subir_3' is visible

2021-11-04 14:31:51 - [TEST_STEP][PASSED] - enhancedClick(findTestObject("Admin/Verificacion/button_Subir_3")): Object: 'Object Repository/Admin/Verificacion/button_Subir_3' is clicked on

2021-11-04 14:31:51 - [MESSAGE][PASSED] - Object: 'Object Repository/Admin/Verificacion/button_Subir_3' is clicked on

2021-11-04 14:31:51 - [TEST_STEP][PASSED] - uploadFile(findTestObject("Admin/Verificacion/input_File"), "C:\Users\nicolas.aquino\Desktop\Trabajo\TomMeme.jpg"): File 'C:\Users\nicolas.aquino\Desktop\Trabajo\TomMeme.jpg' sent to object: 'Object Repository/Admin/Verificacion/input_File'

2021-11-04 14:31:52 - [MESSAGE][PASSED] - File 'C:\Users\nicolas.aquino\Desktop\Trabajo\TomMeme.jpg' sent to object: 'Object Repository/Admin/Verificacion/input_File'

2021-11-04 14:31:52 - [TEST_STEP][PASSED] - waitForElementClickable(findTestObject("Admin/Verificacion/button_ConfirmarSubidaImagen_3"), 0): Object 'Object Repository/Admin/Verificacion/button_ConfirmarSubidaImagen_3' is clickable

2021-11-04 14:31:52 - [MESSAGE][WARNING] - Timeout '0' is invalid. Using default page load timeout: '30'

2021-11-04 14:31:53 - [MESSAGE][PASSED] - Object 'Object Repository/Admin/Verificacion/button_ConfirmarSubidaImagen_3' is clickable

2021-11-04 14:31:53 - [TEST_STEP][PASSED] - enhancedClick(findTestObject("Admin/Verificacion/button_ConfirmarSubidaImagen_3")): Object: 'Object Repository/Admin/Verificacion/button_ConfirmarSubidaImagen_3' is clicked on

2021-11-04 14:31:53 - [MESSAGE][PASSED] - Object: 'Object Repository/Admin/Verificacion/button_ConfirmarSubidaImagen_3' is clicked on

2021-11-04 14:31:53 - [TEST_STEP][PASSED] - check(findTestObject("Admin/Verificacion/input_ConfirmarImagen_3")): Object 'Object Repository/Admin/Verificacion/input_ConfirmarImagen_3' is checked

2021-11-04 14:31:55 - [MESSAGE][PASSED] - Object 'Object Repository/Admin/Verificacion/input_ConfirmarImagen_3' is checked

2021-11-04 14:31:55 - [TEST_STEP][PASSED] - setText(findTestObject("Admin/Verificacion/input_NumeroSerieCI"), "123456"): Text '123456' is set on object 'Object Repository/Admin/Verificacion/input_NumeroSerieCI'

2021-11-04 14:31:56 - [MESSAGE][PASSED] - Text '123456' is set on object 'Object Repository/Admin/Verificacion/input_NumeroSerieCI'

2021-11-04 14:31:56 - [TEST_STEP][PASSED] - url = getUrl(): Current window's url is: 'https://dev-admin-int.paigo.uy/admin/iv?request=2f2ee024-bb21-4e41-8652-ffe7d0c67cdf&brand=Credisol&moment=ManualVerification&reason=VerificationNeeded'

2021-11-04 14:31:56 - [MESSAGE][PASSED] - Current window's url is: 'https://dev-admin-int.paigo.uy/admin/iv?request=2f2ee024-bb21-4e41-8652-ffe7d0c67cdf&brand=Credisol&moment=ManualVerification&reason=VerificationNeeded'

2021-11-04 14:31:56 - [TEST_STEP][PASSED] - enhancedClick(findTestObject("Admin/Verificacion/button_Obtener")): Object: 'Object Repository/Admin/Verificacion/button_Obtener' is clicked on

2021-11-04 14:31:57 - [MESSAGE][PASSED] - Object: 'Object Repository/Admin/Verificacion/button_Obtener' is clicked on

2021-11-04 14:31:57 - [TEST_STEP][PASSED] - delay(5, STOP_ON_FAILURE): Delayed 5 second(s)

2021-11-04 14:32:02 - [MESSAGE][PASSED] - Delayed 5 second(s)

2021-11-04 14:32:02 - [TEST_STEP][PASSED] - switchToWindowUrl(url): Switched to window with url: 'https://dev-admin-int.paigo.uy/admin/iv?request=2f2ee024-bb21-4e41-8652-ffe7d0c67cdf&brand=Credisol&moment=ManualVerification&reason=VerificationNeeded'

2021-11-04 14:32:02 - [MESSAGE][PASSED] - Switched to window with url: 'https://dev-admin-int.paigo.uy/admin/iv?request=2f2ee024-bb21-4e41-8652-ffe7d0c67cdf&brand=Credisol&moment=ManualVerification&reason=VerificationNeeded'

2021-11-04 14:32:02 - [TEST_STEP][PASSED] - sendKeys(findTestObject("Admin/Verificacion/button_Obtener"), Keys.chord(TAB, "14021970")): Keys 'TAB + 14021970' sent to object: 'Object Repository/Admin/Verificacion/button_Obtener'

2021-11-04 14:32:02 - [MESSAGE][PASSED] - Keys 'TAB + 14021970' sent to object: 'Object Repository/Admin/Verificacion/button_Obtener'

2021-11-04 14:32:02 - [TEST_STEP][PASSED] - sendKeys(findTestObject("Admin/Verificacion/input_FechaNacimiento"), Keys.chord(TAB, "14022002")): Keys 'TAB + 14022002' sent to object: 'Object Repository/Admin/Verificacion/input_FechaNacimiento'

2021-11-04 14:32:03 - [MESSAGE][PASSED] - Keys 'TAB + 14022002' sent to object: 'Object Repository/Admin/Verificacion/input_FechaNacimiento'

2021-11-04 14:32:03 - [TEST_STEP][PASSED] - sendKeys(findTestObject("Admin/Verificacion/input_FechaEmisionCI"), Keys.chord(TAB, "14022040")): Keys 'TAB + 14022040' sent to object: 'Object Repository/Admin/Verificacion/input_FechaEmisionCI'

2021-11-04 14:32:04 - [MESSAGE][PASSED] - Keys 'TAB + 14022040' sent to object: 'Object Repository/Admin/Verificacion/input_FechaEmisionCI'

2021-11-04 14:32:04 - [TEST_STEP][PASSED] - enhancedClick(findTestObject("Admin/Verificacion/button_ConfirmarIdentidad")): Object: 'Object Repository/Admin/Verificacion/button_ConfirmarIdentidad' is clicked on

2021-11-04 14:32:04 - [MESSAGE][PASSED] - Object: 'Object Repository/Admin/Verificacion/button_ConfirmarIdentidad' is clicked on

2021-11-04 14:32:04 - [TEST_STEP][PASSED] - waitForElementVisible(findTestObject("Admin/Verificacion/button_Confirmar"), 0): Object 'Object Repository/Admin/Verificacion/button_Confirmar' is visible

2021-11-04 14:32:04 - [MESSAGE][WARNING] - Timeout '0' is invalid. Using default page load timeout: '30'

2021-11-04 14:32:05 - [MESSAGE][PASSED] - Object 'Object Repository/Admin/Verificacion/button_Confirmar' is visible

2021-11-04 14:32:05 - [TEST_STEP][PASSED] - enhancedClick(findTestObject("Admin/Verificacion/button_Confirmar")): Object: 'Object Repository/Admin/Verificacion/button_Confirmar' is clicked on

2021-11-04 14:32:05 - [MESSAGE][PASSED] - Object: 'Object Repository/Admin/Verificacion/button_Confirmar' is clicked on

2021-11-04 14:32:05 - [TEST_STEP][PASSED] - delay(3): Delayed 3 second(s)

2021-11-04 14:32:08 - [MESSAGE][PASSED] - Delayed 3 second(s)

2021-11-04 14:32:08 - [TEST_STEP][PASSED] - verifyTextPresent("VERIFICACIÓN COMPLETADA", false): Text 'VERIFICACIÓN COMPLETADA' is present on page 

2021-11-04 14:32:09 - [MESSAGE][PASSED] - Text 'VERIFICACIÓN COMPLETADA' is present on page]]></system-out>
         <system-err><![CDATA[]]></system-err>
      </testcase>
      <testcase name="Test Cases/Admin/Credisol/Desembolso" time="14.194" classname="Test Cases/Admin/Credisol/Desembolso" status="PASSED">
         <system-out><![CDATA[2021-11-04 14:32:09 - [TEST_CASE][PASSED] - Test Cases/Admin/Credisol/Desembolso: Test Cases/Admin/Credisol/Desembolso

2021-11-04 14:32:10 - [TEST_STEP][PASSED] - waitForElementPresent(findTestObject("Admin/Desembolso/p_DESEMBOLSO"), 0): Object 'Object Repository/Admin/Desembolso/p_DESEMBOLSO' is present

2021-11-04 14:32:10 - [MESSAGE][WARNING] - Timeout '0' is invalid. Using default page load timeout: '30'

2021-11-04 14:32:10 - [MESSAGE][PASSED] - Object 'Object Repository/Admin/Desembolso/p_DESEMBOLSO' is present

2021-11-04 14:32:10 - [TEST_STEP][PASSED] - enhancedClick(findTestObject("Admin/Desembolso/p_DESEMBOLSO")): Object: 'Object Repository/Admin/Desembolso/p_DESEMBOLSO' is clicked on

2021-11-04 14:32:11 - [MESSAGE][PASSED] - Object: 'Object Repository/Admin/Desembolso/p_DESEMBOLSO' is clicked on

2021-11-04 14:32:11 - [TEST_STEP][PASSED] - selectOptionByLabel(findTestObject("Admin/Desembolso/select_Marca"), Marca_CS, false): All options with label 'Credisol' are selected in object 'Object Repository/Admin/Desembolso/select_Marca' 

2021-11-04 14:32:12 - [MESSAGE][PASSED] - All options with label 'Credisol' are selected in object 'Object Repository/Admin/Desembolso/select_Marca' 

2021-11-04 14:32:12 - [TEST_STEP][PASSED] - enhancedClick(findTestObject("Admin/Desembolso/button_Obtener")): Object: 'Object Repository/Admin/Desembolso/button_Obtener' is clicked on

2021-11-04 14:32:12 - [MESSAGE][PASSED] - Object: 'Object Repository/Admin/Desembolso/button_Obtener' is clicked on

2021-11-04 14:32:12 - [TEST_STEP][PASSED] - waitForElementVisible(findTestObject("Admin/Desembolso/input_FiltrarCI"), 0): Object 'Object Repository/Admin/Desembolso/input_FiltrarCI' is visible

2021-11-04 14:32:13 - [MESSAGE][WARNING] - Timeout '0' is invalid. Using default page load timeout: '30'

2021-11-04 14:32:15 - [MESSAGE][PASSED] - Object 'Object Repository/Admin/Desembolso/input_FiltrarCI' is visible

2021-11-04 14:32:15 - [TEST_STEP][PASSED] - setText(findTestObject("Admin/Desembolso/input_FiltrarCI"), cedulaRandom): Text '57595327' is set on object 'Object Repository/Admin/Desembolso/input_FiltrarCI'

2021-11-04 14:32:16 - [MESSAGE][PASSED] - Text '57595327' is set on object 'Object Repository/Admin/Desembolso/input_FiltrarCI'

2021-11-04 14:32:16 - [TEST_STEP][PASSED] - enhancedClick(findTestObject("Admin/Desembolso/button_Desembolsar")): Object: 'Object Repository/Admin/Desembolso/button_Desembolsar' is clicked on

2021-11-04 14:32:16 - [MESSAGE][PASSED] - Object: 'Object Repository/Admin/Desembolso/button_Desembolsar' is clicked on

2021-11-04 14:32:16 - [TEST_STEP][PASSED] - sendKeys(findTestObject(null), Keys.chord(TAB, TAB, ARROW_DOWN)): Keys 'TAB + TAB + DOWN + ' sent to object: 'tempBody'

2021-11-04 14:32:16 - [MESSAGE][WARNING] - Test object id is null

2021-11-04 14:32:16 - [MESSAGE][WARNING] - Test object with id 'Object Repository/' does not exist

2021-11-04 14:32:17 - [MESSAGE][PASSED] - Keys 'TAB + TAB + DOWN + ' sent to object: 'tempBody'

2021-11-04 14:32:17 - [TEST_STEP][PASSED] - delay(1): Delayed 1 second(s)

2021-11-04 14:32:18 - [MESSAGE][PASSED] - Delayed 1 second(s)

2021-11-04 14:32:18 - [TEST_STEP][PASSED] - enhancedClick(findTestObject("Admin/Desembolso/button_AceptarDesembolso")): Object: 'Object Repository/Admin/Desembolso/button_AceptarDesembolso' is clicked on

2021-11-04 14:32:18 - [MESSAGE][PASSED] - Object: 'Object Repository/Admin/Desembolso/button_AceptarDesembolso' is clicked on

2021-11-04 14:32:18 - [TEST_STEP][PASSED] - delay(3): Delayed 3 second(s)

2021-11-04 14:32:21 - [MESSAGE][PASSED] - Delayed 3 second(s)

2021-11-04 14:32:21 - [TEST_STEP][PASSED] - verifyTextPresent("✓ Transacción generada correctamente", false): Text '✓ Transacción generada correctamente' is present on page 

2021-11-04 14:32:22 - [MESSAGE][PASSED] - Text '✓ Transacción generada correctamente' is present on page 

2021-11-04 14:32:22 - [TEST_STEP][PASSED] - takeFullPageScreenshot(C:\Users\nicolas.aquino\Desktop\Trabajo\Screenshots Katalon\$GlobalVariable.cedulaRandom\3_Desembolso.jpg): Taking screenshot successfully

2021-11-04 14:32:22 - [MESSAGE][INFO] - 0 hidden object(s)

2021-11-04 14:32:23 - [MESSAGE][PASSED] - Taking screenshot successfully
[[ATTACHMENT|C:\Users\nicolas.aquino\Desktop\Trabajo\Screenshots Katalon\57595327\3_Desembolso.jpg]]]]></system-out>
         <system-err><![CDATA[]]></system-err>
      </testcase>
      <system-out><![CDATA[2021-11-04 14:29:53 - [TEST_SUITE][PASSED] - Credisol: Test Cases/Admin/Credisol/Desembolso]]></system-out>
      <system-err><![CDATA[]]></system-err>
   </testsuite>
</testsuites>
