<?xml version="1.0" encoding="UTF-8"?>
<testsuites name="Credisol" time="42.411" tests="2" failures="0" errors="0">
   <testsuite name="Credisol" tests="2" failures="0" errors="0" time="42.411" skipped="0" timestamp="2021-10-27 12:51:18" hostname="nicolas.aquino - ip-192-168-0-142.ec2.internal" id="Test Suites/Primera Venta/Credisol">
      <properties>
         <property name="deviceName" value=""/>
         <property name="devicePlatform" value=""/>
         <property name="logFolder" value="C:\\Users\\nicolas.aquino\\Katalon Studio\\Paigo\\Reports\\20211027_125109\\Primera Venta\\Credisol\\20211027_125110"/>
         <property name="logFiles" value="C:\\Users\\nicolas.aquino\\Katalon Studio\\Paigo\\Reports\\20211027_125109\\Primera Venta\\Credisol\\20211027_125110\\execution0.log"/>
         <property name="attachments" value="C:\Users\nicolas.aquino\Desktop\Trabajo\Screenshots Katalon\35390347\1_CedulaGenerada.jpg"/>
         <property name="hostName" value="nicolas.aquino - ip-192-168-0-142.ec2.internal"/>
         <property name="os" value="Windows 10 64bit"/>
         <property name="katalonVersion" value="8.1.0.208"/>
         <property name="browser" value="Chrome 94.0.4606.81"/>
         <property name="hostAddress" value="192.168.0.142"/>
         <property name="sessionId" value="a010f2e66381cbf1941611bc143a2176"/>
         <property name="seleniumVersion" value="3.141.59"/>
         <property name="proxyInformation" value="ProxyInformation { proxyOption=NO_PROXY, proxyServerType=HTTP, username=, password=********, proxyServerAddress=, proxyServerPort=0, executionList=&quot;&quot;, isApplyToDesiredCapabilities=true }"/>
         <property name="platform" value="Windows 10"/>
      </properties>
      <testcase name="Test Cases/General/Generar Cedula Random" time="5.188" classname="Test Cases/General/Generar Cedula Random" status="PASSED">
         <system-out><![CDATA[2021-10-27 12:51:18 - [TEST_CASE][PASSED] - Test Cases/General/Generar Cedula Random: Test Cases/General/Generar Cedula Random

2021-10-27 12:51:18 - [TEST_STEP][PASSED] - openBrowser("https://picandocodigo.github.io/ci_js/"): Browser is opened with url: 'https://picandocodigo.github.io/ci_js/'

2021-10-27 12:51:18 - [MESSAGE][INFO] - Starting 'Chrome' driver

2021-10-27 12:51:19 - [MESSAGE][INFO] - Action delay is set to 0 milliseconds

2021-10-27 12:51:20 - [MESSAGE][PASSED] - Browser is opened with url: 'https://picandocodigo.github.io/ci_js/'

2021-10-27 12:51:20 - [TEST_STEP][PASSED] - maximizeWindow(): Current window maximized

2021-10-27 12:51:21 - [MESSAGE][PASSED] - Current window maximized

2021-10-27 12:51:21 - [TEST_STEP][PASSED] - click(findTestObject("Generador de cedulas/botonGenerar")): Object: 'Object Repository/Generador de cedulas/botonGenerar' is clicked on

2021-10-27 12:51:21 - [MESSAGE][PASSED] - Object: 'Object Repository/Generador de cedulas/botonGenerar' is clicked on

2021-10-27 12:51:21 - [TEST_STEP][PASSED] - cedulaRandom = getAttribute(findTestObject("Generador de cedulas/obtenerCedulaRandom"), "value"): Attribute 'value' of object 'Object Repository/Generador de cedulas/obtenerCedulaRandom' is: '96813190'

2021-10-27 12:51:21 - [MESSAGE][PASSED] - Attribute 'value' of object 'Object Repository/Generador de cedulas/obtenerCedulaRandom' is: '96813190'

2021-10-27 12:51:22 - [TEST_STEP][PASSED] - while (cedulaRandom >= "60000000"): Attribute 'value' of object 'Object Repository/Generador de cedulas/obtenerCedulaRandom' is: '35390347'

2021-10-27 12:51:22 - [TEST_STEP][PASSED] - click(findTestObject("Generador de cedulas/botonGenerar")): Object: 'Object Repository/Generador de cedulas/botonGenerar' is clicked on

2021-10-27 12:51:22 - [MESSAGE][PASSED] - Object: 'Object Repository/Generador de cedulas/botonGenerar' is clicked on

2021-10-27 12:51:22 - [TEST_STEP][PASSED] - cedulaRandom = getAttribute(findTestObject("Generador de cedulas/obtenerCedulaRandom"), "value"): Attribute 'value' of object 'Object Repository/Generador de cedulas/obtenerCedulaRandom' is: '35390347'

2021-10-27 12:51:22 - [MESSAGE][PASSED] - Attribute 'value' of object 'Object Repository/Generador de cedulas/obtenerCedulaRandom' is: '35390347'

2021-10-27 12:51:22 - [TEST_STEP][PASSED] - takeFullPageScreenshot(C:\Users\nicolas.aquino\Desktop\Trabajo\Screenshots Katalon\$GlobalVariable.cedulaRandom\1_CedulaGenerada.jpg): Taking screenshot successfully

2021-10-27 12:51:23 - [MESSAGE][INFO] - 0 hidden object(s)

2021-10-27 12:51:23 - [MESSAGE][PASSED] - Taking screenshot successfully
[[ATTACHMENT|C:\Users\nicolas.aquino\Desktop\Trabajo\Screenshots Katalon\35390347\1_CedulaGenerada.jpg]]]]></system-out>
         <system-err><![CDATA[]]></system-err>
      </testcase>
      <testcase name="Test Cases/Credisol/CS - Flujo Web" time="36.952" classname="Test Cases/Credisol/CS - Flujo Web" status="PASSED">
         <system-out><![CDATA[2021-10-27 12:51:23 - [TEST_CASE][PASSED] - Test Cases/Credisol/CS - Flujo Web: Test Cases/Credisol/CS - Flujo Web

2021-10-27 12:51:24 - [TEST_STEP][PASSED] - currentPage = getUrl(): Current window's url is: 'https://picandocodigo.github.io/ci_js/'

2021-10-27 12:51:24 - [MESSAGE][PASSED] - Current window's url is: 'https://picandocodigo.github.io/ci_js/'

2021-10-27 12:51:24 - [TEST_STEP][PASSED] - currentTab = getWindowIndex(): Current window's index is: 0

2021-10-27 12:51:24 - [MESSAGE][PASSED] - Current window's index is: 0

2021-10-27 12:51:24 - [TEST_STEP][PASSED] - driver = getWebDriver(): null

2021-10-27 12:51:24 - [TEST_STEP][PASSED] - js = driver: null

2021-10-27 12:51:24 - [TEST_STEP][PASSED] - js.executeScript("window.open();"): null

2021-10-27 12:51:24 - [TEST_STEP][PASSED] - switchToWindowIndex(currentTab + 1): Switched to window with index: '1'

2021-10-27 12:51:24 - [MESSAGE][PASSED] - Switched to window with index: '1'

2021-10-27 12:51:24 - [TEST_STEP][PASSED] - navigateToUrl(Credisol): Navigate to 'https://dev-credisol.paigo.uy' successfully

2021-10-27 12:51:29 - [MESSAGE][PASSED] - Navigate to 'https://dev-credisol.paigo.uy' successfully

2021-10-27 12:51:29 - [TEST_STEP][PASSED] - waitForElementPresent(findTestObject("Credisol/Inicio/h4_InicioFlujo"), 0): Object 'Object Repository/Credisol/Inicio/h4_InicioFlujo' is present

2021-10-27 12:51:29 - [MESSAGE][WARNING] - Timeout '0' is invalid. Using default page load timeout: '30'

2021-10-27 12:51:30 - [MESSAGE][PASSED] - Object 'Object Repository/Credisol/Inicio/h4_InicioFlujo' is present

2021-10-27 12:51:30 - [TEST_STEP][PASSED] - enhancedClick(findTestObject("Credisol/Inicio/h4_InicioFlujo")): Object: 'Object Repository/Credisol/Inicio/h4_InicioFlujo' is clicked on

2021-10-27 12:51:30 - [MESSAGE][PASSED] - Object: 'Object Repository/Credisol/Inicio/h4_InicioFlujo' is clicked on

2021-10-27 12:51:30 - [TEST_STEP][PASSED] - waitForElementPresent(findTestObject("Credisol/Flujo 1/input_Cedula"), 0): Object 'Object Repository/Credisol/Flujo 1/input_Cedula' is present

2021-10-27 12:51:30 - [MESSAGE][WARNING] - Timeout '0' is invalid. Using default page load timeout: '30'

2021-10-27 12:51:31 - [MESSAGE][PASSED] - Object 'Object Repository/Credisol/Flujo 1/input_Cedula' is present

2021-10-27 12:51:31 - [TEST_STEP][PASSED] - setText(findTestObject("Credisol/Flujo 1/input_Cedula"), cedulaRandom): Text '35390347' is set on object 'Object Repository/Credisol/Flujo 1/input_Cedula'

2021-10-27 12:51:31 - [MESSAGE][PASSED] - Text '35390347' is set on object 'Object Repository/Credisol/Flujo 1/input_Cedula'

2021-10-27 12:51:31 - [TEST_STEP][PASSED] - setText(findTestObject("Credisol/Flujo 1/input_Celular"), findTestData("DatosUsuario").getValue(2, 3)): Text '94040738' is set on object 'Object Repository/Credisol/Flujo 1/input_Celular'

2021-10-27 12:51:32 - [MESSAGE][PASSED] - Text '94040738' is set on object 'Object Repository/Credisol/Flujo 1/input_Celular'

2021-10-27 12:51:32 - [TEST_STEP][PASSED] - enhancedClick(findTestObject("Credisol/Flujo 1/input_TyC-1")): Object: 'Object Repository/Credisol/Flujo 1/input_TyC-1' is clicked on

2021-10-27 12:51:33 - [MESSAGE][PASSED] - Object: 'Object Repository/Credisol/Flujo 1/input_TyC-1' is clicked on

2021-10-27 12:51:33 - [TEST_STEP][PASSED] - enhancedClick(findTestObject("Credisol/Flujo 1/div_Continuar-1")): Object: 'Object Repository/Credisol/Flujo 1/div_Continuar-1' is clicked on

2021-10-27 12:51:33 - [MESSAGE][PASSED] - Object: 'Object Repository/Credisol/Flujo 1/div_Continuar-1' is clicked on

2021-10-27 12:51:33 - [TEST_STEP][PASSED] - waitForElementPresent(findTestObject("Credisol/Flujo 2/input_Nombre"), 0): Object 'Object Repository/Credisol/Flujo 2/input_Nombre' is present

2021-10-27 12:51:33 - [MESSAGE][WARNING] - Timeout '0' is invalid. Using default page load timeout: '30'

2021-10-27 12:51:34 - [MESSAGE][PASSED] - Object 'Object Repository/Credisol/Flujo 2/input_Nombre' is present

2021-10-27 12:51:34 - [TEST_STEP][PASSED] - setText(findTestObject("Credisol/Flujo 2/input_Nombre"), findTestData("DatosUsuario").getValue(2, 7)): Text 'Nicolas' is set on object 'Object Repository/Credisol/Flujo 2/input_Nombre'

2021-10-27 12:51:35 - [MESSAGE][PASSED] - Text 'Nicolas' is set on object 'Object Repository/Credisol/Flujo 2/input_Nombre'

2021-10-27 12:51:35 - [TEST_STEP][PASSED] - setText(findTestObject("Credisol/Flujo 2/input_Apellido"), findTestData("DatosUsuario").getValue(2, 8)): Text 'Aquino' is set on object 'Object Repository/Credisol/Flujo 2/input_Apellido'

2021-10-27 12:51:35 - [MESSAGE][PASSED] - Text 'Aquino' is set on object 'Object Repository/Credisol/Flujo 2/input_Apellido'

2021-10-27 12:51:35 - [TEST_STEP][PASSED] - selectOptionByValue(findTestObject("Credisol/Flujo 2/select_Anio"), "1970", false): All options with value '1970' are selected in object 'Object Repository/Credisol/Flujo 2/select_Anio' 

2021-10-27 12:51:36 - [MESSAGE][PASSED] - All options with value '1970' are selected in object 'Object Repository/Credisol/Flujo 2/select_Anio' 

2021-10-27 12:51:36 - [TEST_STEP][PASSED] - selectOptionByValue(findTestObject("Credisol/Flujo 2/select_Mes"), "2", false): All options with value '2' are selected in object 'Object Repository/Credisol/Flujo 2/select_Mes' 

2021-10-27 12:51:37 - [MESSAGE][PASSED] - All options with value '2' are selected in object 'Object Repository/Credisol/Flujo 2/select_Mes' 

2021-10-27 12:51:37 - [TEST_STEP][PASSED] - selectOptionByValue(findTestObject("Credisol/Flujo 2/select_Dia"), "14", false): All options with value '14' are selected in object 'Object Repository/Credisol/Flujo 2/select_Dia' 

2021-10-27 12:51:38 - [MESSAGE][PASSED] - All options with value '14' are selected in object 'Object Repository/Credisol/Flujo 2/select_Dia' 

2021-10-27 12:51:38 - [TEST_STEP][PASSED] - delay(0.7): Delayed 0,7 second(s)

2021-10-27 12:51:38 - [MESSAGE][PASSED] - Delayed 0,7 second(s)

2021-10-27 12:51:38 - [TEST_STEP][PASSED] - setText(findTestObject("Credisol/Flujo 2/input_Email"), findTestData("DatosUsuario").getValue(2, 6)): Text 'nicolas.aquino@paigo.com.uyy' is set on object 'Object Repository/Credisol/Flujo 2/input_Email'

2021-10-27 12:51:39 - [MESSAGE][PASSED] - Text 'nicolas.aquino@paigo.com.uyy' is set on object 'Object Repository/Credisol/Flujo 2/input_Email'

2021-10-27 12:51:39 - [TEST_STEP][PASSED] - delay(0.7): Delayed 0,7 second(s)

2021-10-27 12:51:40 - [MESSAGE][PASSED] - Delayed 0,7 second(s)

2021-10-27 12:51:40 - [TEST_STEP][PASSED] - sendKeys(findTestObject("Credisol/Flujo 2/input_EmailInvalido"), Keys.chord(BACK_SPACE)): Keys 'BACK_SPACE + ' sent to object: 'Object Repository/Credisol/Flujo 2/input_EmailInvalido'

2021-10-27 12:51:40 - [MESSAGE][PASSED] - Keys 'BACK_SPACE + ' sent to object: 'Object Repository/Credisol/Flujo 2/input_EmailInvalido'

2021-10-27 12:51:40 - [TEST_STEP][PASSED] - selectOptionByValue(findTestObject("Credisol/Flujo 2/select_Departamento"), "Montevideo", false): All options with value 'Montevideo' are selected in object 'Object Repository/Credisol/Flujo 2/select_Departamento' 

2021-10-27 12:51:41 - [MESSAGE][PASSED] - All options with value 'Montevideo' are selected in object 'Object Repository/Credisol/Flujo 2/select_Departamento' 

2021-10-27 12:51:41 - [TEST_STEP][PASSED] - selectOptionByValue(findTestObject("Credisol/Flujo 2/select_Localidad"), "Pocitos", false): All options with value 'Pocitos' are selected in object 'Object Repository/Credisol/Flujo 2/select_Localidad' 

2021-10-27 12:51:42 - [MESSAGE][PASSED] - All options with value 'Pocitos' are selected in object 'Object Repository/Credisol/Flujo 2/select_Localidad' 

2021-10-27 12:51:42 - [TEST_STEP][PASSED] - setText(findTestObject("Credisol/Flujo 2/input_Ingresos"), "12000"): Text '12000' is set on object 'Object Repository/Credisol/Flujo 2/input_Ingresos'

2021-10-27 12:51:43 - [MESSAGE][PASSED] - Text '12000' is set on object 'Object Repository/Credisol/Flujo 2/input_Ingresos'

2021-10-27 12:51:43 - [TEST_STEP][PASSED] - selectOptionByValue(findTestObject("Credisol/Flujo 2/select_Genero"), "Male", false): All options with value 'Male' are selected in object 'Object Repository/Credisol/Flujo 2/select_Genero' 

2021-10-27 12:51:43 - [MESSAGE][PASSED] - All options with value 'Male' are selected in object 'Object Repository/Credisol/Flujo 2/select_Genero' 

2021-10-27 12:51:43 - [TEST_STEP][PASSED] - enhancedClick(findTestObject("Credisol/Flujo 2/div_Continuar-2")): Object: 'Object Repository/Credisol/Flujo 2/div_Continuar-2' is clicked on

2021-10-27 12:51:44 - [MESSAGE][PASSED] - Object: 'Object Repository/Credisol/Flujo 2/div_Continuar-2' is clicked on

2021-10-27 12:51:44 - [TEST_STEP][PASSED] - waitForElementPresent(findTestObject("Credisol/Flujo 3/select_Vencimiento"), 0): Object 'Object Repository/Credisol/Flujo 3/select_Vencimiento' is present

2021-10-27 12:51:44 - [MESSAGE][WARNING] - Timeout '0' is invalid. Using default page load timeout: '30'

2021-10-27 12:51:50 - [MESSAGE][PASSED] - Object 'Object Repository/Credisol/Flujo 3/select_Vencimiento' is present

2021-10-27 12:51:50 - [TEST_STEP][PASSED] - enhancedClick(findTestObject("Credisol/Flujo 3/select_Vencimiento"), STOP_ON_FAILURE): Object: 'Object Repository/Credisol/Flujo 3/select_Vencimiento' is clicked on

2021-10-27 12:51:50 - [MESSAGE][PASSED] - Object: 'Object Repository/Credisol/Flujo 3/select_Vencimiento' is clicked on

2021-10-27 12:51:50 - [TEST_STEP][PASSED] - sendKeys(findTestObject("Credisol/Flujo 3/select_Vencimiento"), Keys.chord(ARROW_DOWN, ENTER)): Keys 'DOWN + ENTER + ' sent to object: 'Object Repository/Credisol/Flujo 3/select_Vencimiento'

2021-10-27 12:51:51 - [MESSAGE][PASSED] - Keys 'DOWN + ENTER + ' sent to object: 'Object Repository/Credisol/Flujo 3/select_Vencimiento'

2021-10-27 12:51:51 - [TEST_STEP][PASSED] - delay(3, STOP_ON_FAILURE): Delayed 3 second(s)

2021-10-27 12:51:54 - [MESSAGE][PASSED] - Delayed 3 second(s)

2021-10-27 12:51:54 - [TEST_STEP][PASSED] - enhancedClick(findTestObject("Credisol/Flujo 3/select_Cuotas"), STOP_ON_FAILURE): Object: 'Object Repository/Credisol/Flujo 3/select_Cuotas' is clicked on

2021-10-27 12:51:55 - [MESSAGE][PASSED] - Object: 'Object Repository/Credisol/Flujo 3/select_Cuotas' is clicked on

2021-10-27 12:51:55 - [TEST_STEP][PASSED] - sendKeys(findTestObject("Credisol/Flujo 3/select_Cuotas"), Keys.chord(ARROW_DOWN, ENTER)): Keys 'DOWN + ENTER + ' sent to object: 'Object Repository/Credisol/Flujo 3/select_Cuotas'

2021-10-27 12:51:55 - [MESSAGE][PASSED] - Keys 'DOWN + ENTER + ' sent to object: 'Object Repository/Credisol/Flujo 3/select_Cuotas'

2021-10-27 12:51:55 - [TEST_STEP][PASSED] - selectOptionByLabel(findTestObject("Credisol/Flujo 3/select_Banco"), "Itaú", false): All options with label 'Itaú' are selected in object 'Object Repository/Credisol/Flujo 3/select_Banco' 

2021-10-27 12:51:56 - [MESSAGE][PASSED] - All options with label 'Itaú' are selected in object 'Object Repository/Credisol/Flujo 3/select_Banco' 

2021-10-27 12:51:56 - [TEST_STEP][PASSED] - setText(findTestObject("Credisol/Flujo 3/input_Cuenta"), findTestData("DatosUsuario").getValue(2, 10)): Text '1234567' is set on object 'Object Repository/Credisol/Flujo 3/input_Cuenta'

2021-10-27 12:51:57 - [MESSAGE][PASSED] - Text '1234567' is set on object 'Object Repository/Credisol/Flujo 3/input_Cuenta'

2021-10-27 12:51:57 - [TEST_STEP][PASSED] - enhancedClick(findTestObject("Credisol/Flujo 3/div_Continuar-3")): Object: 'Object Repository/Credisol/Flujo 3/div_Continuar-3' is clicked on

2021-10-27 12:51:57 - [MESSAGE][PASSED] - Object: 'Object Repository/Credisol/Flujo 3/div_Continuar-3' is clicked on

2021-10-27 12:51:57 - [TEST_STEP][PASSED] - waitForElementPresent(findTestObject("Credisol/Flujo 4/input_Direccion"), 0): Object 'Object Repository/Credisol/Flujo 4/input_Direccion' is present

2021-10-27 12:51:57 - [MESSAGE][WARNING] - Timeout '0' is invalid. Using default page load timeout: '30'

2021-10-27 12:51:59 - [MESSAGE][PASSED] - Object 'Object Repository/Credisol/Flujo 4/input_Direccion' is present

2021-10-27 12:51:59 - [TEST_STEP][PASSED] - setText(findTestObject("Credisol/Flujo 4/input_Direccion"), findTestData("DatosUsuario").getValue(2, 9)): Text 'Calle falsa 123' is set on object 'Object Repository/Credisol/Flujo 4/input_Direccion'

2021-10-27 12:51:59 - [MESSAGE][PASSED] - Text 'Calle falsa 123' is set on object 'Object Repository/Credisol/Flujo 4/input_Direccion'

2021-10-27 12:51:59 - [TEST_STEP][PASSED] - enhancedClick(findTestObject("Credisol/Flujo 4/input_TyC-2")): Object: 'Object Repository/Credisol/Flujo 4/input_TyC-2' is clicked on

2021-10-27 12:52:00 - [MESSAGE][PASSED] - Object: 'Object Repository/Credisol/Flujo 4/input_TyC-2' is clicked on

2021-10-27 12:52:00 - [TEST_STEP][PASSED] - enhancedClick(findTestObject("Credisol/Flujo 4/div_Continuar-4")): Object: 'Object Repository/Credisol/Flujo 4/div_Continuar-4' is clicked on

2021-10-27 12:52:00 - [MESSAGE][PASSED] - Object: 'Object Repository/Credisol/Flujo 4/div_Continuar-4' is clicked on]]></system-out>
         <system-err><![CDATA[]]></system-err>
      </testcase>
      <system-out><![CDATA[2021-10-27 12:51:18 - [TEST_SUITE][PASSED] - Credisol: Test Cases/Credisol/CS - Flujo Web]]></system-out>
      <system-err><![CDATA[]]></system-err>
   </testsuite>
</testsuites>
