<?xml version="1.0" encoding="UTF-8"?>
<testsuites name="Credito Uruguayo" time="190.656" tests="6" failures="0" errors="0">
   <testsuite name="Credito Uruguayo" tests="6" failures="0" errors="0" time="190.656" skipped="0" timestamp="2021-10-20 14:42:31" hostname="nicolas.aquino - ip-192-168-0-142.ec2.internal" id="Test Suites/Primera Venta/Credito Uruguayo">
      <properties>
         <property name="deviceName" value=""/>
         <property name="devicePlatform" value=""/>
         <property name="logFolder" value="C:\\Users\\nicolas.aquino\\Katalon Studio\\Paigo\\Reports\\20211020_144225\\Primera Venta\\Credito Uruguayo\\20211020_144225"/>
         <property name="logFiles" value="C:\\Users\\nicolas.aquino\\Katalon Studio\\Paigo\\Reports\\20211020_144225\\Primera Venta\\Credito Uruguayo\\20211020_144225\\execution0.log"/>
         <property name="attachments" value=""/>
         <property name="hostName" value="nicolas.aquino - ip-192-168-0-142.ec2.internal"/>
         <property name="os" value="Windows 10 64bit"/>
         <property name="katalonVersion" value="8.1.0.208"/>
         <property name="browser" value="Chrome 94.0.4606.81"/>
         <property name="hostAddress" value="192.168.0.142"/>
         <property name="sessionId" value="3de2f4e301d8ca9ec0a4a9630dd796bc"/>
         <property name="seleniumVersion" value="3.141.59"/>
         <property name="proxyInformation" value="ProxyInformation { proxyOption=NO_PROXY, proxyServerType=HTTP, username=, password=********, proxyServerAddress=, proxyServerPort=0, executionList=&quot;&quot;, isApplyToDesiredCapabilities=true }"/>
         <property name="platform" value="Windows 10"/>
      </properties>
      <testcase name="Test Cases/General/Generar cedula random" time="3.986" classname="Test Cases/General/Generar cedula random" status="PASSED">
         <system-out><![CDATA[2021-10-20 14:42:32 - [TEST_CASE][PASSED] - Test Cases/General/Generar cedula random: Test Cases/General/Generar cedula random

2021-10-20 14:42:32 - [TEST_STEP][PASSED] - openBrowser("https://picandocodigo.github.io/ci_js/"): Browser is opened with url: 'https://picandocodigo.github.io/ci_js/'

2021-10-20 14:42:32 - [MESSAGE][INFO] - Starting 'Chrome' driver

2021-10-20 14:42:32 - [MESSAGE][INFO] - Action delay is set to 0 milliseconds

2021-10-20 14:42:34 - [MESSAGE][PASSED] - Browser is opened with url: 'https://picandocodigo.github.io/ci_js/'

2021-10-20 14:42:35 - [TEST_STEP][PASSED] - maximizeWindow(): Current window maximized

2021-10-20 14:42:35 - [MESSAGE][PASSED] - Current window maximized

2021-10-20 14:42:35 - [TEST_STEP][PASSED] - click(findTestObject("Generador de cedulas/botonGenerar")): Object: 'Object Repository/Generador de cedulas/botonGenerar' is clicked on

2021-10-20 14:42:35 - [MESSAGE][PASSED] - Object: 'Object Repository/Generador de cedulas/botonGenerar' is clicked on

2021-10-20 14:42:35 - [TEST_STEP][PASSED] - cedulaRandom = getAttribute(findTestObject("Generador de cedulas/obtenerCedulaRandom"), "value"): Attribute 'value' of object 'Object Repository/Generador de cedulas/obtenerCedulaRandom' is: '55635363'

2021-10-20 14:42:35 - [MESSAGE][PASSED] - Attribute 'value' of object 'Object Repository/Generador de cedulas/obtenerCedulaRandom' is: '55635363']]></system-out>
         <system-err><![CDATA[]]></system-err>
      </testcase>
      <testcase name="Test Cases/CreditoUruguayo/CU - Flujo Web" time="77.915" classname="Test Cases/CreditoUruguayo/CU - Flujo Web" status="PASSED">
         <system-out><![CDATA[2021-10-20 14:42:36 - [TEST_CASE][PASSED] - Test Cases/CreditoUruguayo/CU - Flujo Web: Test Cases/CreditoUruguayo/CU - Flujo Web

2021-10-20 14:42:36 - [TEST_STEP][PASSED] - currentPage = getUrl(): Current window's url is: 'https://picandocodigo.github.io/ci_js/'

2021-10-20 14:42:36 - [MESSAGE][PASSED] - Current window's url is: 'https://picandocodigo.github.io/ci_js/'

2021-10-20 14:42:36 - [TEST_STEP][PASSED] - currentTab = getWindowIndex(): Current window's index is: 0

2021-10-20 14:42:36 - [MESSAGE][PASSED] - Current window's index is: 0

2021-10-20 14:42:36 - [TEST_STEP][PASSED] - driver = getWebDriver(): null

2021-10-20 14:42:36 - [TEST_STEP][PASSED] - js = driver: null

2021-10-20 14:42:36 - [TEST_STEP][PASSED] - js.executeScript("window.open();"): null

2021-10-20 14:42:36 - [TEST_STEP][PASSED] - switchToWindowIndex(currentTab + 1): Switched to window with index: '1'

2021-10-20 14:42:36 - [MESSAGE][PASSED] - Switched to window with index: '1'

2021-10-20 14:42:36 - [TEST_STEP][PASSED] - navigateToUrl(CreditoUruguayo): Navigate to 'https://dev-www.creditouruguayo.com.uy' successfully

2021-10-20 14:42:40 - [MESSAGE][PASSED] - Navigate to 'https://dev-www.creditouruguayo.com.uy' successfully

2021-10-20 14:42:40 - [TEST_STEP][PASSED] - waitForElementPresent(findTestObject("CreditoUruguayo/Inicio/a_InicioFlujo"), 0): Object 'Object Repository/CreditoUruguayo/Inicio/a_InicioFlujo' is present

2021-10-20 14:42:40 - [MESSAGE][WARNING] - Timeout '0' is invalid. Using default page load timeout: '30'

2021-10-20 14:42:41 - [MESSAGE][PASSED] - Object 'Object Repository/CreditoUruguayo/Inicio/a_InicioFlujo' is present

2021-10-20 14:42:41 - [TEST_STEP][PASSED] - enhancedClick(findTestObject("CreditoUruguayo/Inicio/a_InicioFlujo")): Object: 'Object Repository/CreditoUruguayo/Inicio/a_InicioFlujo' is clicked on

2021-10-20 14:42:41 - [MESSAGE][PASSED] - Object: 'Object Repository/CreditoUruguayo/Inicio/a_InicioFlujo' is clicked on

2021-10-20 14:42:41 - [TEST_STEP][PASSED] - waitForElementPresent(findTestObject("CreditoUruguayo/Flujo 1/input_Cedula"), 0): Object 'Object Repository/CreditoUruguayo/Flujo 1/input_Cedula' is present

2021-10-20 14:42:41 - [MESSAGE][WARNING] - Timeout '0' is invalid. Using default page load timeout: '30'

2021-10-20 14:42:42 - [MESSAGE][PASSED] - Object 'Object Repository/CreditoUruguayo/Flujo 1/input_Cedula' is present

2021-10-20 14:42:42 - [TEST_STEP][PASSED] - setText(findTestObject("CreditoUruguayo/Flujo 1/input_Cedula"), cedulaRandom): Text '55635363' is set on object 'Object Repository/CreditoUruguayo/Flujo 1/input_Cedula'

2021-10-20 14:42:43 - [MESSAGE][PASSED] - Text '55635363' is set on object 'Object Repository/CreditoUruguayo/Flujo 1/input_Cedula'

2021-10-20 14:42:43 - [TEST_STEP][PASSED] - setText(findTestObject("CreditoUruguayo/Flujo 1/input_Celular"), findTestData("DatosUsuario").getValue(2, 3)): Text '94040738' is set on object 'Object Repository/CreditoUruguayo/Flujo 1/input_Celular'

2021-10-20 14:42:44 - [MESSAGE][PASSED] - Text '94040738' is set on object 'Object Repository/CreditoUruguayo/Flujo 1/input_Celular'

2021-10-20 14:42:44 - [TEST_STEP][PASSED] - enhancedClick(findTestObject("CreditoUruguayo/Flujo 1/input_TyC")): Object: 'Object Repository/CreditoUruguayo/Flujo 1/input_TyC' is clicked on

2021-10-20 14:42:44 - [MESSAGE][PASSED] - Object: 'Object Repository/CreditoUruguayo/Flujo 1/input_TyC' is clicked on

2021-10-20 14:42:44 - [TEST_STEP][PASSED] - enhancedClick(findTestObject("CreditoUruguayo/Flujo 1/button_Continuar-1")): Object: 'Object Repository/CreditoUruguayo/Flujo 1/button_Continuar-1' is clicked on

2021-10-20 14:42:45 - [MESSAGE][PASSED] - Object: 'Object Repository/CreditoUruguayo/Flujo 1/button_Continuar-1' is clicked on

2021-10-20 14:42:45 - [TEST_STEP][PASSED] - waitForElementPresent(findTestObject("CreditoUruguayo/Flujo 2/input_Nombre"), 0): Object 'Object Repository/CreditoUruguayo/Flujo 2/input_Nombre' is present

2021-10-20 14:42:45 - [MESSAGE][WARNING] - Timeout '0' is invalid. Using default page load timeout: '30'

2021-10-20 14:42:46 - [MESSAGE][PASSED] - Object 'Object Repository/CreditoUruguayo/Flujo 2/input_Nombre' is present

2021-10-20 14:42:46 - [TEST_STEP][PASSED] - setText(findTestObject("CreditoUruguayo/Flujo 2/input_Nombre"), findTestData("DatosUsuario").getValue(2, 7)): Text 'Nicolas' is set on object 'Object Repository/CreditoUruguayo/Flujo 2/input_Nombre'

2021-10-20 14:42:47 - [MESSAGE][PASSED] - Text 'Nicolas' is set on object 'Object Repository/CreditoUruguayo/Flujo 2/input_Nombre'

2021-10-20 14:42:47 - [TEST_STEP][PASSED] - setText(findTestObject("CreditoUruguayo/Flujo 2/input_Apellido"), findTestData("DatosUsuario").getValue(2, 8)): Text 'Aquino' is set on object 'Object Repository/CreditoUruguayo/Flujo 2/input_Apellido'

2021-10-20 14:42:48 - [MESSAGE][PASSED] - Text 'Aquino' is set on object 'Object Repository/CreditoUruguayo/Flujo 2/input_Apellido'

2021-10-20 14:42:48 - [TEST_STEP][PASSED] - selectOptionByValue(findTestObject("CreditoUruguayo/Flujo 2/select_Dia"), "15", false): All options with value '15' are selected in object 'Object Repository/CreditoUruguayo/Flujo 2/select_Dia' 

2021-10-20 14:42:48 - [MESSAGE][PASSED] - All options with value '15' are selected in object 'Object Repository/CreditoUruguayo/Flujo 2/select_Dia' 

2021-10-20 14:42:48 - [TEST_STEP][PASSED] - selectOptionByValue(findTestObject("CreditoUruguayo/Flujo 2/select_Mes"), "10", false): All options with value '10' are selected in object 'Object Repository/CreditoUruguayo/Flujo 2/select_Mes' 

2021-10-20 14:42:49 - [MESSAGE][PASSED] - All options with value '10' are selected in object 'Object Repository/CreditoUruguayo/Flujo 2/select_Mes' 

2021-10-20 14:42:49 - [TEST_STEP][PASSED] - selectOptionByValue(findTestObject("CreditoUruguayo/Flujo 2/select_Anio"), "1970", false): All options with value '1970' are selected in object 'Object Repository/CreditoUruguayo/Flujo 2/select_Anio' 

2021-10-20 14:42:50 - [MESSAGE][PASSED] - All options with value '1970' are selected in object 'Object Repository/CreditoUruguayo/Flujo 2/select_Anio' 

2021-10-20 14:42:50 - [TEST_STEP][PASSED] - delay(0.7): Delayed 0,7 second(s)

2021-10-20 14:42:51 - [MESSAGE][PASSED] - Delayed 0,7 second(s)

2021-10-20 14:42:51 - [TEST_STEP][PASSED] - setText(findTestObject("CreditoUruguayo/Flujo 2/input_Email"), findTestData("DatosUsuario").getValue(2, 6)): Text 'nicolas.aquino@paigo.com.uyy' is set on object 'Object Repository/CreditoUruguayo/Flujo 2/input_Email'

2021-10-20 14:42:51 - [MESSAGE][PASSED] - Text 'nicolas.aquino@paigo.com.uyy' is set on object 'Object Repository/CreditoUruguayo/Flujo 2/input_Email'

2021-10-20 14:42:51 - [TEST_STEP][PASSED] - delay(0.7): Delayed 0,7 second(s)

2021-10-20 14:42:52 - [MESSAGE][PASSED] - Delayed 0,7 second(s)

2021-10-20 14:42:52 - [TEST_STEP][PASSED] - sendKeys(findTestObject("CreditoUruguayo/Flujo 2/emailNoValidoFocus"), Keys.chord(BACK_SPACE)): Keys 'BACK_SPACE + ' sent to object: 'Object Repository/CreditoUruguayo/Flujo 2/emailNoValidoFocus'

2021-10-20 14:42:53 - [MESSAGE][PASSED] - Keys 'BACK_SPACE + ' sent to object: 'Object Repository/CreditoUruguayo/Flujo 2/emailNoValidoFocus'

2021-10-20 14:42:53 - [TEST_STEP][PASSED] - sendKeys(findTestObject("CreditoUruguayo/Flujo 2/input_Email"), Keys.chord(TAB, ARROW_DOWN, ENTER)): Keys 'TAB + DOWN + ENTER + ' sent to object: 'Object Repository/CreditoUruguayo/Flujo 2/input_Email'

2021-10-20 14:42:53 - [MESSAGE][PASSED] - Keys 'TAB + DOWN + ENTER + ' sent to object: 'Object Repository/CreditoUruguayo/Flujo 2/input_Email'

2021-10-20 14:42:53 - [TEST_STEP][PASSED] - sendKeys(findTestObject(null), Keys.chord(TAB, TAB, ARROW_DOWN, ENTER)): Keys 'TAB + TAB + DOWN + ENTER + ' sent to object: 'tempBody'

2021-10-20 14:42:53 - [MESSAGE][WARNING] - Test object id is null

2021-10-20 14:42:53 - [MESSAGE][WARNING] - Test object with id 'Object Repository/' does not exist

2021-10-20 14:42:54 - [MESSAGE][PASSED] - Keys 'TAB + TAB + DOWN + ENTER + ' sent to object: 'tempBody'

2021-10-20 14:42:54 - [TEST_STEP][PASSED] - setText(findTestObject("CreditoUruguayo/Flujo 2/input_Ingresos"), "12000"): Text '12000' is set on object 'Object Repository/CreditoUruguayo/Flujo 2/input_Ingresos'

2021-10-20 14:42:55 - [MESSAGE][PASSED] - Text '12000' is set on object 'Object Repository/CreditoUruguayo/Flujo 2/input_Ingresos'

2021-10-20 14:42:55 - [TEST_STEP][PASSED] - selectOptionByValue(findTestObject("CreditoUruguayo/Flujo 2/select_Genero"), "Male", false): All options with value 'Male' are selected in object 'Object Repository/CreditoUruguayo/Flujo 2/select_Genero' 

2021-10-20 14:42:55 - [MESSAGE][PASSED] - All options with value 'Male' are selected in object 'Object Repository/CreditoUruguayo/Flujo 2/select_Genero' 

2021-10-20 14:42:55 - [TEST_STEP][PASSED] - enhancedClick(findTestObject("CreditoUruguayo/Flujo 2/button_Continuar-2")): Object: 'Object Repository/CreditoUruguayo/Flujo 2/button_Continuar-2' is clicked on

2021-10-20 14:42:56 - [MESSAGE][PASSED] - Object: 'Object Repository/CreditoUruguayo/Flujo 2/button_Continuar-2' is clicked on

2021-10-20 14:42:56 - [TEST_STEP][PASSED] - if (verifyElementPresent(findTestObject("CreditoUruguayo/Flujo 3/div_SinOferta"), 0, OPTIONAL)): null

2021-10-20 14:42:56 - [MESSAGE][WARNING] - Timeout '0' is invalid. Using default page load timeout: '30'

2021-10-20 14:43:12 - [MESSAGE][PASSED] - Object 'Object Repository/CreditoUruguayo/Flujo 3/div_SinOferta' is present

2021-10-20 14:43:12 - [TEST_STEP][PASSED] - database.query.connectDB(DB, "processor_uy_pago_despues", "3306", "root", "r{OD_XIn(Ec]"): database.query.connectDB is PASSED

2021-10-20 14:43:14 - [MESSAGE][PASSED] - database.query.connectDB is PASSED

2021-10-20 14:43:14 - [TEST_STEP][PASSED] - database.query.execute(UPDATE ScoringSourceQualification S INNER JOIN Client C ON C.id = S.clientId INNER JOIN Person P ON P.id = C.personId INNER JOIN Entity E ON E.id = P.id INNER JOIN Brand B ON B.id = C.brandId AND B.name = 'CreditoUruguayo' SET qualification =	(CASE	    WHEN sourceType = 'Paigo' THEN 'PAIGO_1'	    WHEN sourceType = 'Person' THEN 'M3***'	    WHEN sourceType = 'RiskCentral' THEN 'RISKCENTRAL_1'	    WHEN S.sourceType = 'Background' THEN CONCAT('PX2-' , RIGHT(S.qualification, locate('-', S.qualification,4)))	    ELSE qualification    END) WHERE E.legalId = $GlobalVariable.cedulaRandom AND S.date = DATE(NOW());): database.query.execute is PASSED

2021-10-20 14:43:15 - [MESSAGE][PASSED] - database.query.execute is PASSED

2021-10-20 14:43:15 - [TEST_STEP][PASSED] - database.query.closeDatabaseConnection(): database.query.closeDatabaseConnection is PASSED

2021-10-20 14:43:15 - [MESSAGE][PASSED] - database.query.closeDatabaseConnection is PASSED

2021-10-20 14:43:15 - [TEST_STEP][PASSED] - back(): Navigate back successfully

2021-10-20 14:43:16 - [MESSAGE][PASSED] - Navigate back successfully

2021-10-20 14:43:16 - [TEST_STEP][PASSED] - delay(1): Delayed 1 second(s)

2021-10-20 14:43:17 - [MESSAGE][PASSED] - Delayed 1 second(s)

2021-10-20 14:43:17 - [TEST_STEP][PASSED] - click(findTestObject("CreditoUruguayo/Flujo 2/button_Continuar-2")): Object: 'Object Repository/CreditoUruguayo/Flujo 2/button_Continuar-2' is clicked on

2021-10-20 14:43:17 - [MESSAGE][PASSED] - Object: 'Object Repository/CreditoUruguayo/Flujo 2/button_Continuar-2' is clicked on

2021-10-20 14:43:17 - [TEST_STEP][PASSED] - delay(1): Delayed 1 second(s)

2021-10-20 14:43:18 - [MESSAGE][PASSED] - Delayed 1 second(s)

2021-10-20 14:43:18 - [TEST_STEP][PASSED] - waitForElementPresent(findTestObject("CreditoUruguayo/Flujo 3/select_FechaVencimiento"), 0): Object 'Object Repository/CreditoUruguayo/Flujo 3/select_FechaVencimiento' is present

2021-10-20 14:43:18 - [MESSAGE][WARNING] - Timeout '0' is invalid. Using default page load timeout: '30'

2021-10-20 14:43:25 - [MESSAGE][PASSED] - Object 'Object Repository/CreditoUruguayo/Flujo 3/select_FechaVencimiento' is present

2021-10-20 14:43:25 - [TEST_STEP][PASSED] - enhancedClick(findTestObject("CreditoUruguayo/Flujo 3/select_FechaVencimiento")): Object: 'Object Repository/CreditoUruguayo/Flujo 3/select_FechaVencimiento' is clicked on

2021-10-20 14:43:26 - [MESSAGE][PASSED] - Object: 'Object Repository/CreditoUruguayo/Flujo 3/select_FechaVencimiento' is clicked on

2021-10-20 14:43:26 - [TEST_STEP][PASSED] - sendKeys(findTestObject("CreditoUruguayo/Flujo 3/select_FechaVencimiento"), Keys.chord(ARROW_DOWN, ENTER)): Keys 'DOWN + ENTER + ' sent to object: 'Object Repository/CreditoUruguayo/Flujo 3/select_FechaVencimiento'

2021-10-20 14:43:26 - [MESSAGE][PASSED] - Keys 'DOWN + ENTER + ' sent to object: 'Object Repository/CreditoUruguayo/Flujo 3/select_FechaVencimiento'

2021-10-20 14:43:26 - [TEST_STEP][PASSED] - waitForElementPresent(findTestObject("CreditoUruguayo/Flujo 3/select_Cuotas"), 0): Object 'Object Repository/CreditoUruguayo/Flujo 3/select_Cuotas' is present

2021-10-20 14:43:26 - [MESSAGE][WARNING] - Timeout '0' is invalid. Using default page load timeout: '30'

2021-10-20 14:43:35 - [MESSAGE][PASSED] - Object 'Object Repository/CreditoUruguayo/Flujo 3/select_Cuotas' is present

2021-10-20 14:43:35 - [TEST_STEP][PASSED] - enhancedClick(findTestObject("CreditoUruguayo/Flujo 3/select_Cuotas")): Object: 'Object Repository/CreditoUruguayo/Flujo 3/select_Cuotas' is clicked on

2021-10-20 14:43:35 - [MESSAGE][PASSED] - Object: 'Object Repository/CreditoUruguayo/Flujo 3/select_Cuotas' is clicked on

2021-10-20 14:43:35 - [TEST_STEP][PASSED] - sendKeys(findTestObject("CreditoUruguayo/Flujo 3/select_Cuotas"), Keys.chord(ARROW_DOWN, ENTER)): Keys 'DOWN + ENTER + ' sent to object: 'Object Repository/CreditoUruguayo/Flujo 3/select_Cuotas'

2021-10-20 14:43:36 - [MESSAGE][PASSED] - Keys 'DOWN + ENTER + ' sent to object: 'Object Repository/CreditoUruguayo/Flujo 3/select_Cuotas'

2021-10-20 14:43:36 - [TEST_STEP][PASSED] - setText(findTestObject("CreditoUruguayo/Flujo 3/input_CuentaBancaria"), findTestData("DatosUsuario").getValue(2, 10)): Text '1234567' is set on object 'Object Repository/CreditoUruguayo/Flujo 3/input_CuentaBancaria'

2021-10-20 14:43:36 - [MESSAGE][PASSED] - Text '1234567' is set on object 'Object Repository/CreditoUruguayo/Flujo 3/input_CuentaBancaria'

2021-10-20 14:43:36 - [TEST_STEP][PASSED] - enhancedClick(findTestObject("CreditoUruguayo/Flujo 3/button_Continuar-3")): Object: 'Object Repository/CreditoUruguayo/Flujo 3/button_Continuar-3' is clicked on

2021-10-20 14:43:37 - [MESSAGE][PASSED] - Object: 'Object Repository/CreditoUruguayo/Flujo 3/button_Continuar-3' is clicked on

2021-10-20 14:43:37 - [TEST_STEP][PASSED] - waitForElementPresent(findTestObject("CreditoUruguayo/Flujo 4/a_ConfirmarCredito"), 0): Object 'Object Repository/CreditoUruguayo/Flujo 4/a_ConfirmarCredito' is present

2021-10-20 14:43:37 - [MESSAGE][WARNING] - Timeout '0' is invalid. Using default page load timeout: '30'

2021-10-20 14:43:38 - [MESSAGE][PASSED] - Object 'Object Repository/CreditoUruguayo/Flujo 4/a_ConfirmarCredito' is present

2021-10-20 14:43:38 - [TEST_STEP][PASSED] - enhancedClick(findTestObject("CreditoUruguayo/Flujo 4/a_ConfirmarCredito")): Object: 'Object Repository/CreditoUruguayo/Flujo 4/a_ConfirmarCredito' is clicked on

2021-10-20 14:43:38 - [MESSAGE][PASSED] - Object: 'Object Repository/CreditoUruguayo/Flujo 4/a_ConfirmarCredito' is clicked on

2021-10-20 14:43:38 - [TEST_STEP][PASSED] - waitForElementPresent(findTestObject("CreditoUruguayo/Flujo 5/input_Direccion"), 0): Object 'Object Repository/CreditoUruguayo/Flujo 5/input_Direccion' is present

2021-10-20 14:43:38 - [MESSAGE][WARNING] - Timeout '0' is invalid. Using default page load timeout: '30'

2021-10-20 14:43:40 - [MESSAGE][PASSED] - Object 'Object Repository/CreditoUruguayo/Flujo 5/input_Direccion' is present

2021-10-20 14:43:40 - [TEST_STEP][PASSED] - setText(findTestObject("CreditoUruguayo/Flujo 5/input_Direccion"), findTestData("DatosUsuario").getValue(2, 9)): Text 'Calle falsa 123' is set on object 'Object Repository/CreditoUruguayo/Flujo 5/input_Direccion'

2021-10-20 14:43:41 - [MESSAGE][PASSED] - Text 'Calle falsa 123' is set on object 'Object Repository/CreditoUruguayo/Flujo 5/input_Direccion'

2021-10-20 14:43:41 - [TEST_STEP][PASSED] - enhancedClick(findTestObject("CreditoUruguayo/Flujo 5/button_CrearContrasena")): Object: 'Object Repository/CreditoUruguayo/Flujo 5/button_CrearContrasena' is clicked on

2021-10-20 14:43:41 - [MESSAGE][PASSED] - Object: 'Object Repository/CreditoUruguayo/Flujo 5/button_CrearContrasena' is clicked on

2021-10-20 14:43:41 - [TEST_STEP][PASSED] - setText(findTestObject("CreditoUruguayo/Flujo 5/input_Contrasena"), findTestData("DatosUsuario").getValue(2, 11)): Text 'paigo123' is set on object 'Object Repository/CreditoUruguayo/Flujo 5/input_Contrasena'

2021-10-20 14:43:42 - [MESSAGE][PASSED] - Text 'paigo123' is set on object 'Object Repository/CreditoUruguayo/Flujo 5/input_Contrasena'

2021-10-20 14:43:42 - [TEST_STEP][PASSED] - setText(findTestObject("CreditoUruguayo/Flujo 5/input_ConfirmarContrasena"), findTestData("DatosUsuario").getValue(2, 11)): Text 'paigo123' is set on object 'Object Repository/CreditoUruguayo/Flujo 5/input_ConfirmarContrasena'

2021-10-20 14:43:43 - [MESSAGE][PASSED] - Text 'paigo123' is set on object 'Object Repository/CreditoUruguayo/Flujo 5/input_ConfirmarContrasena'

2021-10-20 14:43:43 - [TEST_STEP][PASSED] - enhancedClick(findTestObject("CreditoUruguayo/Flujo 5/input_TyC-2")): Object: 'Object Repository/CreditoUruguayo/Flujo 5/input_TyC-2' is clicked on

2021-10-20 14:43:43 - [MESSAGE][PASSED] - Object: 'Object Repository/CreditoUruguayo/Flujo 5/input_TyC-2' is clicked on

2021-10-20 14:43:43 - [TEST_STEP][PASSED] - enhancedClick(findTestObject("CreditoUruguayo/Flujo 5/button_Continuar-4")): Object: 'Object Repository/CreditoUruguayo/Flujo 5/button_Continuar-4' is clicked on

2021-10-20 14:43:44 - [MESSAGE][PASSED] - Object: 'Object Repository/CreditoUruguayo/Flujo 5/button_Continuar-4' is clicked on

2021-10-20 14:43:44 - [TEST_STEP][PASSED] - waitForElementPresent(findTestObject("CreditoUruguayo/Flujo 6/button_QuieroQueMeLlamen"), 0): Object 'Object Repository/CreditoUruguayo/Flujo 6/button_QuieroQueMeLlamen' is present

2021-10-20 14:43:44 - [MESSAGE][WARNING] - Timeout '0' is invalid. Using default page load timeout: '30'

2021-10-20 14:43:52 - [MESSAGE][PASSED] - Object 'Object Repository/CreditoUruguayo/Flujo 6/button_QuieroQueMeLlamen' is present

2021-10-20 14:43:52 - [TEST_STEP][PASSED] - enhancedClick(findTestObject("CreditoUruguayo/Flujo 6/button_QuieroQueMeLlamen")): Object: 'Object Repository/CreditoUruguayo/Flujo 6/button_QuieroQueMeLlamen' is clicked on

2021-10-20 14:43:52 - [MESSAGE][PASSED] - Object: 'Object Repository/CreditoUruguayo/Flujo 6/button_QuieroQueMeLlamen' is clicked on

2021-10-20 14:43:52 - [TEST_STEP][PASSED] - waitForElementPresent(findTestObject("CreditoUruguayo/Flujo 7/a_Finalizar"), 0): Object 'Object Repository/CreditoUruguayo/Flujo 7/a_Finalizar' is present

2021-10-20 14:43:52 - [MESSAGE][WARNING] - Timeout '0' is invalid. Using default page load timeout: '30'

2021-10-20 14:43:53 - [MESSAGE][PASSED] - Object 'Object Repository/CreditoUruguayo/Flujo 7/a_Finalizar' is present

2021-10-20 14:43:53 - [TEST_STEP][PASSED] - enhancedClick(findTestObject("CreditoUruguayo/Flujo 7/a_Finalizar")): Object: 'Object Repository/CreditoUruguayo/Flujo 7/a_Finalizar' is clicked on

2021-10-20 14:43:54 - [MESSAGE][PASSED] - Object: 'Object Repository/CreditoUruguayo/Flujo 7/a_Finalizar' is clicked on]]></system-out>
         <system-err><![CDATA[]]></system-err>
      </testcase>
      <testcase name="Test Cases/Admin/Logueo" time="6.603" classname="Test Cases/Admin/Logueo" status="PASSED">
         <system-out><![CDATA[2021-10-20 14:43:54 - [TEST_CASE][PASSED] - Test Cases/Admin/Logueo: Test Cases/Admin/Logueo

2021-10-20 14:43:54 - [TEST_STEP][PASSED] - currentPage = getUrl(): Current window's url is: 'https://dev-www.creditouruguayo.com.uy/'

2021-10-20 14:43:54 - [MESSAGE][PASSED] - Current window's url is: 'https://dev-www.creditouruguayo.com.uy/'

2021-10-20 14:43:54 - [TEST_STEP][PASSED] - currentTab = getWindowIndex(): Current window's index is: 1

2021-10-20 14:43:54 - [MESSAGE][PASSED] - Current window's index is: 1

2021-10-20 14:43:54 - [TEST_STEP][PASSED] - driver = getWebDriver(): null

2021-10-20 14:43:54 - [TEST_STEP][PASSED] - js = driver: null

2021-10-20 14:43:54 - [TEST_STEP][PASSED] - js.executeScript("window.open();"): null

2021-10-20 14:43:54 - [TEST_STEP][PASSED] - switchToWindowIndex(currentTab + 1): Switched to window with index: '2'

2021-10-20 14:43:54 - [MESSAGE][PASSED] - Switched to window with index: '2'

2021-10-20 14:43:54 - [TEST_STEP][PASSED] - navigateToUrl(Admin): Navigate to 'https://dev-admin-int.paigo.uy/login' successfully

2021-10-20 14:43:58 - [MESSAGE][PASSED] - Navigate to 'https://dev-admin-int.paigo.uy/login' successfully

2021-10-20 14:43:58 - [TEST_STEP][PASSED] - maximizeWindow(): Current window maximized

2021-10-20 14:43:58 - [MESSAGE][PASSED] - Current window maximized

2021-10-20 14:43:58 - [TEST_STEP][PASSED] - setText(findTestObject("Admin/Logueo/input_Usuario"), findTestData("DatosUsuario").getValue(2, 1)): Text 'gabriel.gayol@paigo.com.uy' is set on object 'Object Repository/Admin/Logueo/input_Usuario'

2021-10-20 14:43:59 - [MESSAGE][PASSED] - Text 'gabriel.gayol@paigo.com.uy' is set on object 'Object Repository/Admin/Logueo/input_Usuario'

2021-10-20 14:43:59 - [TEST_STEP][PASSED] - setText(findTestObject("Admin/Logueo/input_Contrasena"), findTestData("DatosUsuario").getValue(2, 2)): Text '12345678' is set on object 'Object Repository/Admin/Logueo/input_Contrasena'

2021-10-20 14:44:00 - [MESSAGE][PASSED] - Text '12345678' is set on object 'Object Repository/Admin/Logueo/input_Contrasena'

2021-10-20 14:44:00 - [TEST_STEP][PASSED] - enhancedClick(findTestObject("Admin/Logueo/button_Ingresar")): Object: 'Object Repository/Admin/Logueo/button_Ingresar' is clicked on

2021-10-20 14:44:00 - [MESSAGE][PASSED] - Object: 'Object Repository/Admin/Logueo/button_Ingresar' is clicked on]]></system-out>
         <system-err><![CDATA[]]></system-err>
      </testcase>
      <testcase name="Test Cases/Admin/Activación Cuenta" time="8.597" classname="Test Cases/Admin/Activación Cuenta" status="PASSED">
         <system-out><![CDATA[2021-10-20 14:44:00 - [TEST_CASE][PASSED] - Test Cases/Admin/Activación Cuenta: Test Cases/Admin/Activación Cuenta

2021-10-20 14:44:01 - [TEST_STEP][PASSED] - waitForElementPresent(findTestObject("Admin/Activación Cuenta/p_BUSCAR CLIENTES"), 0): Object 'Object Repository/Admin/Activación Cuenta/p_BUSCAR CLIENTES' is present

2021-10-20 14:44:01 - [MESSAGE][WARNING] - Timeout '0' is invalid. Using default page load timeout: '30'

2021-10-20 14:44:02 - [MESSAGE][PASSED] - Object 'Object Repository/Admin/Activación Cuenta/p_BUSCAR CLIENTES' is present

2021-10-20 14:44:02 - [TEST_STEP][PASSED] - enhancedClick(findTestObject("Admin/Activación Cuenta/p_BUSCAR CLIENTES")): Object: 'Object Repository/Admin/Activación Cuenta/p_BUSCAR CLIENTES' is clicked on

2021-10-20 14:44:03 - [MESSAGE][PASSED] - Object: 'Object Repository/Admin/Activación Cuenta/p_BUSCAR CLIENTES' is clicked on

2021-10-20 14:44:03 - [TEST_STEP][PASSED] - waitForElementPresent(findTestObject("Admin/Activación Cuenta/input_Cedula"), 0): Object 'Object Repository/Admin/Activación Cuenta/input_Cedula' is present

2021-10-20 14:44:03 - [MESSAGE][WARNING] - Timeout '0' is invalid. Using default page load timeout: '30'

2021-10-20 14:44:03 - [MESSAGE][PASSED] - Object 'Object Repository/Admin/Activación Cuenta/input_Cedula' is present

2021-10-20 14:44:03 - [TEST_STEP][PASSED] - setText(findTestObject("Admin/Activación Cuenta/input_Cedula"), cedulaRandom): Text '55635363' is set on object 'Object Repository/Admin/Activación Cuenta/input_Cedula'

2021-10-20 14:44:04 - [MESSAGE][PASSED] - Text '55635363' is set on object 'Object Repository/Admin/Activación Cuenta/input_Cedula'

2021-10-20 14:44:04 - [TEST_STEP][PASSED] - selectOptionByLabel(findTestObject("Admin/Activación Cuenta/select_SeleccionarMarca"), Marca_CU, false): All options with label 'CreditoUruguayo' are selected in object 'Object Repository/Admin/Activación Cuenta/select_SeleccionarMarca' 

2021-10-20 14:44:04 - [MESSAGE][PASSED] - All options with label 'CreditoUruguayo' are selected in object 'Object Repository/Admin/Activación Cuenta/select_SeleccionarMarca' 

2021-10-20 14:44:04 - [TEST_STEP][PASSED] - enhancedClick(findTestObject("Admin/Activación Cuenta/button_Obtener")): Object: 'Object Repository/Admin/Activación Cuenta/button_Obtener' is clicked on

2021-10-20 14:44:05 - [MESSAGE][PASSED] - Object: 'Object Repository/Admin/Activación Cuenta/button_Obtener' is clicked on

2021-10-20 14:44:05 - [TEST_STEP][PASSED] - waitForElementPresent(findTestObject("Admin/Activación Cuenta/button_Guardar"), 0): Object 'Object Repository/Admin/Activación Cuenta/button_Guardar' is present

2021-10-20 14:44:05 - [MESSAGE][WARNING] - Timeout '0' is invalid. Using default page load timeout: '30'

2021-10-20 14:44:06 - [MESSAGE][PASSED] - Object 'Object Repository/Admin/Activación Cuenta/button_Guardar' is present

2021-10-20 14:44:06 - [TEST_STEP][PASSED] - sendKeys(findTestObject("Admin/Activación Cuenta/input_IngresosReferencia"), Keys.chord(TAB, TAB, TAB, SPACE)): Keys 'TAB + TAB + TAB + SPACE + ' sent to object: 'Object Repository/Admin/Activación Cuenta/input_IngresosReferencia'

2021-10-20 14:44:07 - [MESSAGE][PASSED] - Keys 'TAB + TAB + TAB + SPACE + ' sent to object: 'Object Repository/Admin/Activación Cuenta/input_IngresosReferencia'

2021-10-20 14:44:07 - [TEST_STEP][PASSED] - enhancedClick(findTestObject("Admin/Activación Cuenta/button_Guardar")): Object: 'Object Repository/Admin/Activación Cuenta/button_Guardar' is clicked on

2021-10-20 14:44:08 - [MESSAGE][PASSED] - Object: 'Object Repository/Admin/Activación Cuenta/button_Guardar' is clicked on

2021-10-20 14:44:08 - [TEST_STEP][PASSED] - verifyElementVisible(findTestObject("Admin/Activación Cuenta/p_ValidacionGuardado")): Object 'Object Repository/Admin/Activación Cuenta/p_ValidacionGuardado' is visible

2021-10-20 14:44:09 - [MESSAGE][PASSED] - Object 'Object Repository/Admin/Activación Cuenta/p_ValidacionGuardado' is visible]]></system-out>
         <system-err><![CDATA[]]></system-err>
      </testcase>
      <testcase name="Test Cases/Admin/Verificación" time="64.278" classname="Test Cases/Admin/Verificación" status="PASSED">
         <system-out><![CDATA[2021-10-20 14:44:09 - [TEST_CASE][PASSED] - Test Cases/Admin/Verificación: Test Cases/Admin/Verificación

2021-10-20 14:44:09 - [TEST_STEP][PASSED] - waitForElementPresent(findTestObject("Admin/Verificacion/p_CreditosEnVerificacion"), 0): Object 'Object Repository/Admin/Verificacion/p_CreditosEnVerificacion' is present

2021-10-20 14:44:09 - [MESSAGE][WARNING] - Timeout '0' is invalid. Using default page load timeout: '30'

2021-10-20 14:44:09 - [MESSAGE][PASSED] - Object 'Object Repository/Admin/Verificacion/p_CreditosEnVerificacion' is present

2021-10-20 14:44:09 - [TEST_STEP][PASSED] - enhancedClick(findTestObject("Admin/Verificacion/p_CreditosEnVerificacion")): Object: 'Object Repository/Admin/Verificacion/p_CreditosEnVerificacion' is clicked on

2021-10-20 14:44:10 - [MESSAGE][PASSED] - Object: 'Object Repository/Admin/Verificacion/p_CreditosEnVerificacion' is clicked on

2021-10-20 14:44:10 - [TEST_STEP][PASSED] - waitForElementVisible(findTestObject("Admin/Verificacion/select_SeleccionarMarca"), 0): Object 'Object Repository/Admin/Verificacion/select_SeleccionarMarca' is visible

2021-10-20 14:44:10 - [MESSAGE][WARNING] - Timeout '0' is invalid. Using default page load timeout: '30'

2021-10-20 14:44:10 - [MESSAGE][PASSED] - Object 'Object Repository/Admin/Verificacion/select_SeleccionarMarca' is visible

2021-10-20 14:44:10 - [TEST_STEP][PASSED] - selectOptionByLabel(findTestObject("Admin/Verificacion/select_SeleccionarMarca"), Marca_CU, false): All options with label 'CreditoUruguayo' are selected in object 'Object Repository/Admin/Verificacion/select_SeleccionarMarca' 

2021-10-20 14:44:11 - [MESSAGE][PASSED] - All options with label 'CreditoUruguayo' are selected in object 'Object Repository/Admin/Verificacion/select_SeleccionarMarca' 

2021-10-20 14:44:11 - [TEST_STEP][PASSED] - enhancedClick(findTestObject("Admin/Verificacion/button_Obtener")): Object: 'Object Repository/Admin/Verificacion/button_Obtener' is clicked on

2021-10-20 14:44:11 - [MESSAGE][PASSED] - Object: 'Object Repository/Admin/Verificacion/button_Obtener' is clicked on

2021-10-20 14:44:11 - [TEST_STEP][PASSED] - waitForElementVisible(findTestObject("Admin/Verificacion/input_FiltrarCI"), 0): Object 'Object Repository/Admin/Verificacion/input_FiltrarCI' is visible

2021-10-20 14:44:11 - [MESSAGE][WARNING] - Timeout '0' is invalid. Using default page load timeout: '30'

2021-10-20 14:44:34 - [MESSAGE][PASSED] - Object 'Object Repository/Admin/Verificacion/input_FiltrarCI' is visible

2021-10-20 14:44:34 - [TEST_STEP][PASSED] - setText(findTestObject("Admin/Verificacion/input_FiltrarCI"), cedulaRandom): Text '55635363' is set on object 'Object Repository/Admin/Verificacion/input_FiltrarCI'

2021-10-20 14:44:34 - [MESSAGE][PASSED] - Text '55635363' is set on object 'Object Repository/Admin/Verificacion/input_FiltrarCI'

2021-10-20 14:44:34 - [TEST_STEP][PASSED] - enhancedClick(findTestObject("Admin/Verificacion/button_Retomar VI")): Object: 'Object Repository/Admin/Verificacion/button_Retomar VI' is clicked on

2021-10-20 14:44:36 - [MESSAGE][PASSED] - Object: 'Object Repository/Admin/Verificacion/button_Retomar VI' is clicked on

2021-10-20 14:44:36 - [TEST_STEP][PASSED] - waitForElementPresent(findTestObject("Admin/Verificacion/button_Subir_1"), 0): Object 'Object Repository/Admin/Verificacion/button_Subir_1' is present

2021-10-20 14:44:36 - [MESSAGE][WARNING] - Timeout '0' is invalid. Using default page load timeout: '30'

2021-10-20 14:44:43 - [MESSAGE][PASSED] - Object 'Object Repository/Admin/Verificacion/button_Subir_1' is present

2021-10-20 14:44:43 - [TEST_STEP][PASSED] - enhancedClick(findTestObject("Admin/Verificacion/button_Subir_1")): Object: 'Object Repository/Admin/Verificacion/button_Subir_1' is clicked on

2021-10-20 14:44:44 - [MESSAGE][PASSED] - Object: 'Object Repository/Admin/Verificacion/button_Subir_1' is clicked on

2021-10-20 14:44:44 - [TEST_STEP][PASSED] - enhancedClick(findTestObject("Admin/Verificacion/button_CargarImagen_1")): Object: 'Object Repository/Admin/Verificacion/button_CargarImagen_1' is clicked on

2021-10-20 14:44:44 - [MESSAGE][PASSED] - Object: 'Object Repository/Admin/Verificacion/button_CargarImagen_1' is clicked on

2021-10-20 14:44:44 - [TEST_STEP][PASSED] - waitForElementClickable(findTestObject("Admin/Verificacion/button_ConfirmarSubidaImagen_1"), 0): Object 'Object Repository/Admin/Verificacion/button_ConfirmarSubidaImagen_1' is clickable

2021-10-20 14:44:44 - [MESSAGE][WARNING] - Timeout '0' is invalid. Using default page load timeout: '30'

2021-10-20 14:44:49 - [MESSAGE][PASSED] - Object 'Object Repository/Admin/Verificacion/button_ConfirmarSubidaImagen_1' is clickable

2021-10-20 14:44:49 - [TEST_STEP][PASSED] - enhancedClick(findTestObject("Admin/Verificacion/button_ConfirmarSubidaImagen_1")): Object: 'Object Repository/Admin/Verificacion/button_ConfirmarSubidaImagen_1' is clicked on

2021-10-20 14:44:50 - [MESSAGE][PASSED] - Object: 'Object Repository/Admin/Verificacion/button_ConfirmarSubidaImagen_1' is clicked on

2021-10-20 14:44:50 - [TEST_STEP][PASSED] - check(findTestObject("Admin/Verificacion/input_ConfirmarImagen_1")): Object 'Object Repository/Admin/Verificacion/input_ConfirmarImagen_1' is checked

2021-10-20 14:44:51 - [MESSAGE][PASSED] - Object 'Object Repository/Admin/Verificacion/input_ConfirmarImagen_1' is checked

2021-10-20 14:44:51 - [TEST_STEP][PASSED] - waitForElementVisible(findTestObject("Admin/Verificacion/button_Subir_2"), 0): Object 'Object Repository/Admin/Verificacion/button_Subir_2' is visible

2021-10-20 14:44:51 - [MESSAGE][WARNING] - Timeout '0' is invalid. Using default page load timeout: '30'

2021-10-20 14:44:52 - [MESSAGE][PASSED] - Object 'Object Repository/Admin/Verificacion/button_Subir_2' is visible

2021-10-20 14:44:52 - [TEST_STEP][PASSED] - enhancedClick(findTestObject("Admin/Verificacion/button_Subir_2")): Object: 'Object Repository/Admin/Verificacion/button_Subir_2' is clicked on

2021-10-20 14:44:52 - [MESSAGE][PASSED] - Object: 'Object Repository/Admin/Verificacion/button_Subir_2' is clicked on

2021-10-20 14:44:52 - [TEST_STEP][PASSED] - enhancedClick(findTestObject("Admin/Verificacion/button_CargarImagen_2")): Object: 'Object Repository/Admin/Verificacion/button_CargarImagen_2' is clicked on

2021-10-20 14:44:53 - [MESSAGE][PASSED] - Object: 'Object Repository/Admin/Verificacion/button_CargarImagen_2' is clicked on

2021-10-20 14:44:53 - [TEST_STEP][PASSED] - waitForElementClickable(findTestObject("Admin/Verificacion/button_ConfirmarSubidaImagen_2"), 0): Object 'Object Repository/Admin/Verificacion/button_ConfirmarSubidaImagen_2' is clickable

2021-10-20 14:44:53 - [MESSAGE][WARNING] - Timeout '0' is invalid. Using default page load timeout: '30'

2021-10-20 14:44:54 - [MESSAGE][PASSED] - Object 'Object Repository/Admin/Verificacion/button_ConfirmarSubidaImagen_2' is clickable

2021-10-20 14:44:54 - [TEST_STEP][PASSED] - enhancedClick(findTestObject("Admin/Verificacion/button_ConfirmarSubidaImagen_2")): Object: 'Object Repository/Admin/Verificacion/button_ConfirmarSubidaImagen_2' is clicked on

2021-10-20 14:44:55 - [MESSAGE][PASSED] - Object: 'Object Repository/Admin/Verificacion/button_ConfirmarSubidaImagen_2' is clicked on

2021-10-20 14:44:55 - [TEST_STEP][PASSED] - check(findTestObject("Admin/Verificacion/input_ConfirmarImagen_2")): Object 'Object Repository/Admin/Verificacion/input_ConfirmarImagen_2' is checked

2021-10-20 14:44:56 - [MESSAGE][PASSED] - Object 'Object Repository/Admin/Verificacion/input_ConfirmarImagen_2' is checked

2021-10-20 14:44:56 - [TEST_STEP][PASSED] - waitForElementVisible(findTestObject("Admin/Verificacion/button_Subir_3"), 0): Object 'Object Repository/Admin/Verificacion/button_Subir_3' is visible

2021-10-20 14:44:56 - [MESSAGE][WARNING] - Timeout '0' is invalid. Using default page load timeout: '30'

2021-10-20 14:44:57 - [MESSAGE][PASSED] - Object 'Object Repository/Admin/Verificacion/button_Subir_3' is visible

2021-10-20 14:44:57 - [TEST_STEP][PASSED] - enhancedClick(findTestObject("Admin/Verificacion/button_Subir_3")): Object: 'Object Repository/Admin/Verificacion/button_Subir_3' is clicked on

2021-10-20 14:44:57 - [MESSAGE][PASSED] - Object: 'Object Repository/Admin/Verificacion/button_Subir_3' is clicked on

2021-10-20 14:44:57 - [TEST_STEP][PASSED] - enhancedClick(findTestObject("Admin/Verificacion/button_CargarImagen_3")): Object: 'Object Repository/Admin/Verificacion/button_CargarImagen_3' is clicked on

2021-10-20 14:44:58 - [MESSAGE][PASSED] - Object: 'Object Repository/Admin/Verificacion/button_CargarImagen_3' is clicked on

2021-10-20 14:44:58 - [TEST_STEP][PASSED] - waitForElementClickable(findTestObject("Admin/Verificacion/button_ConfirmarSubidaImagen_3"), 0): Object 'Object Repository/Admin/Verificacion/button_ConfirmarSubidaImagen_3' is clickable

2021-10-20 14:44:58 - [MESSAGE][WARNING] - Timeout '0' is invalid. Using default page load timeout: '30'

2021-10-20 14:44:59 - [MESSAGE][PASSED] - Object 'Object Repository/Admin/Verificacion/button_ConfirmarSubidaImagen_3' is clickable

2021-10-20 14:44:59 - [TEST_STEP][PASSED] - enhancedClick(findTestObject("Admin/Verificacion/button_ConfirmarSubidaImagen_3")): Object: 'Object Repository/Admin/Verificacion/button_ConfirmarSubidaImagen_3' is clicked on

2021-10-20 14:44:59 - [MESSAGE][PASSED] - Object: 'Object Repository/Admin/Verificacion/button_ConfirmarSubidaImagen_3' is clicked on

2021-10-20 14:44:59 - [TEST_STEP][PASSED] - check(findTestObject("Admin/Verificacion/input_ConfirmarImagen_3")): Object 'Object Repository/Admin/Verificacion/input_ConfirmarImagen_3' is checked

2021-10-20 14:45:01 - [MESSAGE][PASSED] - Object 'Object Repository/Admin/Verificacion/input_ConfirmarImagen_3' is checked

2021-10-20 14:45:01 - [TEST_STEP][PASSED] - setText(findTestObject("Admin/Verificacion/input_NumeroSerieCI"), "123456"): Text '123456' is set on object 'Object Repository/Admin/Verificacion/input_NumeroSerieCI'

2021-10-20 14:45:02 - [MESSAGE][PASSED] - Text '123456' is set on object 'Object Repository/Admin/Verificacion/input_NumeroSerieCI'

2021-10-20 14:45:02 - [TEST_STEP][PASSED] - url = getUrl(): Current window's url is: 'https://dev-admin-int.paigo.uy/admin/iv?request=2bcdaf0e-5371-4d3e-aaf1-44701b32bfc8&brand=CreditoUruguayo&moment=ManualVerification&reason=VerificationNeeded'

2021-10-20 14:45:02 - [MESSAGE][PASSED] - Current window's url is: 'https://dev-admin-int.paigo.uy/admin/iv?request=2bcdaf0e-5371-4d3e-aaf1-44701b32bfc8&brand=CreditoUruguayo&moment=ManualVerification&reason=VerificationNeeded'

2021-10-20 14:45:02 - [TEST_STEP][PASSED] - enhancedClick(findTestObject("Admin/Verificacion/button_Obtener")): Object: 'Object Repository/Admin/Verificacion/button_Obtener' is clicked on

2021-10-20 14:45:02 - [MESSAGE][PASSED] - Object: 'Object Repository/Admin/Verificacion/button_Obtener' is clicked on

2021-10-20 14:45:02 - [TEST_STEP][PASSED] - delay(5, STOP_ON_FAILURE): Delayed 5 second(s)

2021-10-20 14:45:07 - [MESSAGE][PASSED] - Delayed 5 second(s)

2021-10-20 14:45:07 - [TEST_STEP][PASSED] - switchToWindowUrl(url): Switched to window with url: 'https://dev-admin-int.paigo.uy/admin/iv?request=2bcdaf0e-5371-4d3e-aaf1-44701b32bfc8&brand=CreditoUruguayo&moment=ManualVerification&reason=VerificationNeeded'

2021-10-20 14:45:07 - [MESSAGE][PASSED] - Switched to window with url: 'https://dev-admin-int.paigo.uy/admin/iv?request=2bcdaf0e-5371-4d3e-aaf1-44701b32bfc8&brand=CreditoUruguayo&moment=ManualVerification&reason=VerificationNeeded'

2021-10-20 14:45:07 - [TEST_STEP][PASSED] - sendKeys(findTestObject("Admin/Verificacion/button_Obtener"), Keys.chord(TAB, "14021970")): Keys 'TAB + 14021970' sent to object: 'Object Repository/Admin/Verificacion/button_Obtener'

2021-10-20 14:45:08 - [MESSAGE][PASSED] - Keys 'TAB + 14021970' sent to object: 'Object Repository/Admin/Verificacion/button_Obtener'

2021-10-20 14:45:08 - [TEST_STEP][PASSED] - sendKeys(findTestObject("Admin/Verificacion/input_FechaNacimiento"), Keys.chord(TAB, "14022002")): Keys 'TAB + 14022002' sent to object: 'Object Repository/Admin/Verificacion/input_FechaNacimiento'

2021-10-20 14:45:08 - [MESSAGE][PASSED] - Keys 'TAB + 14022002' sent to object: 'Object Repository/Admin/Verificacion/input_FechaNacimiento'

2021-10-20 14:45:08 - [TEST_STEP][PASSED] - sendKeys(findTestObject("Admin/Verificacion/input_FechaEmisionCI"), Keys.chord(TAB, "14022040")): Keys 'TAB + 14022040' sent to object: 'Object Repository/Admin/Verificacion/input_FechaEmisionCI'

2021-10-20 14:45:08 - [MESSAGE][PASSED] - Keys 'TAB + 14022040' sent to object: 'Object Repository/Admin/Verificacion/input_FechaEmisionCI'

2021-10-20 14:45:08 - [TEST_STEP][PASSED] - enhancedClick(findTestObject("Admin/Verificacion/button_ConfirmarIdentidad")): Object: 'Object Repository/Admin/Verificacion/button_ConfirmarIdentidad' is clicked on

2021-10-20 14:45:09 - [MESSAGE][PASSED] - Object: 'Object Repository/Admin/Verificacion/button_ConfirmarIdentidad' is clicked on

2021-10-20 14:45:09 - [TEST_STEP][PASSED] - waitForElementVisible(findTestObject("Admin/Verificacion/button_Confirmar"), 0): Object 'Object Repository/Admin/Verificacion/button_Confirmar' is visible

2021-10-20 14:45:09 - [MESSAGE][WARNING] - Timeout '0' is invalid. Using default page load timeout: '30'

2021-10-20 14:45:09 - [MESSAGE][PASSED] - Object 'Object Repository/Admin/Verificacion/button_Confirmar' is visible

2021-10-20 14:45:09 - [TEST_STEP][PASSED] - enhancedClick(findTestObject("Admin/Verificacion/button_Confirmar")): Object: 'Object Repository/Admin/Verificacion/button_Confirmar' is clicked on

2021-10-20 14:45:10 - [MESSAGE][PASSED] - Object: 'Object Repository/Admin/Verificacion/button_Confirmar' is clicked on

2021-10-20 14:45:10 - [TEST_STEP][PASSED] - delay(3): Delayed 3 second(s)

2021-10-20 14:45:13 - [MESSAGE][PASSED] - Delayed 3 second(s)

2021-10-20 14:45:13 - [TEST_STEP][PASSED] - verifyTextPresent("VERIFICACIÓN COMPLETADA", false): Text 'VERIFICACIÓN COMPLETADA' is present on page 

2021-10-20 14:45:13 - [MESSAGE][PASSED] - Text 'VERIFICACIÓN COMPLETADA' is present on page]]></system-out>
         <system-err><![CDATA[]]></system-err>
      </testcase>
      <testcase name="Test Cases/Admin/Desembolso" time="28.989" classname="Test Cases/Admin/Desembolso" status="PASSED">
         <system-out><![CDATA[2021-10-20 14:45:13 - [TEST_CASE][PASSED] - Test Cases/Admin/Desembolso: Test Cases/Admin/Desembolso

2021-10-20 14:45:13 - [TEST_STEP][PASSED] - waitForElementVisible(findTestObject("Admin/Desembolso/p_DESEMBOLSO"), 0): Object 'Object Repository/Admin/Desembolso/p_DESEMBOLSO' is visible

2021-10-20 14:45:13 - [MESSAGE][WARNING] - Timeout '0' is invalid. Using default page load timeout: '30'

2021-10-20 14:45:14 - [MESSAGE][PASSED] - Object 'Object Repository/Admin/Desembolso/p_DESEMBOLSO' is visible

2021-10-20 14:45:14 - [TEST_STEP][PASSED] - enhancedClick(findTestObject("Admin/Desembolso/p_DESEMBOLSO")): Object: 'Object Repository/Admin/Desembolso/p_DESEMBOLSO' is clicked on

2021-10-20 14:45:14 - [MESSAGE][PASSED] - Object: 'Object Repository/Admin/Desembolso/p_DESEMBOLSO' is clicked on

2021-10-20 14:45:14 - [TEST_STEP][PASSED] - selectOptionByLabel(findTestObject("Admin/Desembolso/select_Marca"), Marca_CU, false): All options with label 'CreditoUruguayo' are selected in object 'Object Repository/Admin/Desembolso/select_Marca' 

2021-10-20 14:45:15 - [MESSAGE][PASSED] - All options with label 'CreditoUruguayo' are selected in object 'Object Repository/Admin/Desembolso/select_Marca' 

2021-10-20 14:45:15 - [TEST_STEP][PASSED] - enhancedClick(findTestObject("Admin/Desembolso/button_Obtener")): Object: 'Object Repository/Admin/Desembolso/button_Obtener' is clicked on

2021-10-20 14:45:15 - [MESSAGE][PASSED] - Object: 'Object Repository/Admin/Desembolso/button_Obtener' is clicked on

2021-10-20 14:45:15 - [TEST_STEP][PASSED] - waitForElementVisible(findTestObject("Admin/Desembolso/input_FiltrarCI"), 0): Object 'Object Repository/Admin/Desembolso/input_FiltrarCI' is visible

2021-10-20 14:45:15 - [MESSAGE][WARNING] - Timeout '0' is invalid. Using default page load timeout: '30'

2021-10-20 14:45:36 - [MESSAGE][PASSED] - Object 'Object Repository/Admin/Desembolso/input_FiltrarCI' is visible

2021-10-20 14:45:36 - [TEST_STEP][PASSED] - setText(findTestObject("Admin/Desembolso/input_FiltrarCI"), cedulaRandom): Text '55635363' is set on object 'Object Repository/Admin/Desembolso/input_FiltrarCI'

2021-10-20 14:45:36 - [MESSAGE][PASSED] - Text '55635363' is set on object 'Object Repository/Admin/Desembolso/input_FiltrarCI'

2021-10-20 14:45:36 - [TEST_STEP][PASSED] - enhancedClick(findTestObject("Admin/Desembolso/button_Desembolsar")): Object: 'Object Repository/Admin/Desembolso/button_Desembolsar' is clicked on

2021-10-20 14:45:37 - [MESSAGE][PASSED] - Object: 'Object Repository/Admin/Desembolso/button_Desembolsar' is clicked on

2021-10-20 14:45:37 - [TEST_STEP][PASSED] - sendKeys(findTestObject(null), Keys.chord(TAB, TAB, ARROW_DOWN)): Keys 'TAB + TAB + DOWN + ' sent to object: 'tempBody'

2021-10-20 14:45:37 - [MESSAGE][WARNING] - Test object id is null

2021-10-20 14:45:37 - [MESSAGE][WARNING] - Test object with id 'Object Repository/' does not exist

2021-10-20 14:45:37 - [MESSAGE][PASSED] - Keys 'TAB + TAB + DOWN + ' sent to object: 'tempBody'

2021-10-20 14:45:37 - [TEST_STEP][PASSED] - delay(1): Delayed 1 second(s)

2021-10-20 14:45:38 - [MESSAGE][PASSED] - Delayed 1 second(s)

2021-10-20 14:45:38 - [TEST_STEP][PASSED] - enhancedClick(findTestObject("Admin/Desembolso/button_AceptarDesembolso")): Object: 'Object Repository/Admin/Desembolso/button_AceptarDesembolso' is clicked on

2021-10-20 14:45:39 - [MESSAGE][PASSED] - Object: 'Object Repository/Admin/Desembolso/button_AceptarDesembolso' is clicked on

2021-10-20 14:45:39 - [TEST_STEP][PASSED] - delay(3): Delayed 3 second(s)

2021-10-20 14:45:42 - [MESSAGE][PASSED] - Delayed 3 second(s)

2021-10-20 14:45:42 - [TEST_STEP][PASSED] - verifyTextPresent("✓ Desembolso completado correctamente", false): Text '✓ Desembolso completado correctamente' is present on page 

2021-10-20 14:45:42 - [MESSAGE][PASSED] - Text '✓ Desembolso completado correctamente' is present on page]]></system-out>
         <system-err><![CDATA[]]></system-err>
      </testcase>
      <system-out><![CDATA[2021-10-20 14:42:31 - [TEST_SUITE][PASSED] - Credito Uruguayo: Test Cases/Admin/Desembolso]]></system-out>
      <system-err><![CDATA[]]></system-err>
   </testsuite>
</testsuites>
