<?xml version="1.0" encoding="UTF-8"?>
<testsuites name="UinUin" time="182.152" tests="6" failures="0" errors="0">
   <testsuite name="UinUin" tests="6" failures="0" errors="0" time="182.152" skipped="0" timestamp="2021-10-20 16:27:41" hostname="nicolas.aquino - ip-192-168-0-142.ec2.internal" id="Test Suites/Primera Venta/UinUin">
      <properties>
         <property name="deviceName" value=""/>
         <property name="devicePlatform" value=""/>
         <property name="logFolder" value="C:\\Users\\nicolas.aquino\\Katalon Studio\\Paigo\\Reports\\20211020_162734\\Primera Venta\\UinUin\\20211020_162734"/>
         <property name="logFiles" value="C:\\Users\\nicolas.aquino\\Katalon Studio\\Paigo\\Reports\\20211020_162734\\Primera Venta\\UinUin\\20211020_162734\\execution0.log"/>
         <property name="attachments" value="C:\\Users\\nicolas.aquino\\Katalon Studio\\Paigo\\Reports\\20211020_162734\\Primera Venta\\UinUin\\20211020_162734\\1634758118651.png"/>
         <property name="hostName" value="nicolas.aquino - ip-192-168-0-142.ec2.internal"/>
         <property name="os" value="Windows 10 64bit"/>
         <property name="katalonVersion" value="8.1.0.208"/>
         <property name="browser" value="Chrome 94.0.4606.81"/>
         <property name="hostAddress" value="192.168.0.142"/>
         <property name="sessionId" value="5655832d1bd041e2c75fb6d2dde3848b"/>
         <property name="seleniumVersion" value="3.141.59"/>
         <property name="proxyInformation" value="ProxyInformation { proxyOption=NO_PROXY, proxyServerType=HTTP, username=, password=********, proxyServerAddress=, proxyServerPort=0, executionList=&quot;&quot;, isApplyToDesiredCapabilities=true }"/>
         <property name="platform" value="Windows 10"/>
      </properties>
      <testcase name="Test Cases/General/Generar cedula random" time="4.359" classname="Test Cases/General/Generar cedula random" status="PASSED">
         <system-out><![CDATA[2021-10-20 16:27:41 - [TEST_CASE][PASSED] - Test Cases/General/Generar cedula random: Test Cases/General/Generar cedula random

2021-10-20 16:27:41 - [TEST_STEP][PASSED] - openBrowser("https://picandocodigo.github.io/ci_js/"): Browser is opened with url: 'https://picandocodigo.github.io/ci_js/'

2021-10-20 16:27:41 - [MESSAGE][INFO] - Starting 'Chrome' driver

2021-10-20 16:27:41 - [MESSAGE][INFO] - Action delay is set to 0 milliseconds

2021-10-20 16:27:44 - [MESSAGE][PASSED] - Browser is opened with url: 'https://picandocodigo.github.io/ci_js/'

2021-10-20 16:27:44 - [TEST_STEP][PASSED] - maximizeWindow(): Current window maximized

2021-10-20 16:27:44 - [MESSAGE][PASSED] - Current window maximized

2021-10-20 16:27:44 - [TEST_STEP][PASSED] - click(findTestObject("Generador de cedulas/botonGenerar")): Object: 'Object Repository/Generador de cedulas/botonGenerar' is clicked on

2021-10-20 16:27:44 - [MESSAGE][PASSED] - Object: 'Object Repository/Generador de cedulas/botonGenerar' is clicked on

2021-10-20 16:27:44 - [TEST_STEP][PASSED] - cedulaRandom = getAttribute(findTestObject("Generador de cedulas/obtenerCedulaRandom"), "value"): Attribute 'value' of object 'Object Repository/Generador de cedulas/obtenerCedulaRandom' is: '62492097'

2021-10-20 16:27:44 - [MESSAGE][PASSED] - Attribute 'value' of object 'Object Repository/Generador de cedulas/obtenerCedulaRandom' is: '62492097'

2021-10-20 16:27:45 - [TEST_STEP][PASSED] - while (cedulaRandom >= "60000000"): Attribute 'value' of object 'Object Repository/Generador de cedulas/obtenerCedulaRandom' is: '29190872'

2021-10-20 16:27:45 - [TEST_STEP][PASSED] - click(findTestObject("Generador de cedulas/botonGenerar")): Object: 'Object Repository/Generador de cedulas/botonGenerar' is clicked on

2021-10-20 16:27:45 - [MESSAGE][PASSED] - Object: 'Object Repository/Generador de cedulas/botonGenerar' is clicked on

2021-10-20 16:27:45 - [TEST_STEP][PASSED] - cedulaRandom = getAttribute(findTestObject("Generador de cedulas/obtenerCedulaRandom"), "value"): Attribute 'value' of object 'Object Repository/Generador de cedulas/obtenerCedulaRandom' is: '29190872'

2021-10-20 16:27:45 - [MESSAGE][PASSED] - Attribute 'value' of object 'Object Repository/Generador de cedulas/obtenerCedulaRandom' is: '29190872']]></system-out>
         <system-err><![CDATA[]]></system-err>
      </testcase>
      <testcase name="Test Cases/UinUin/UU - Flujo Web" time="70.495" classname="Test Cases/UinUin/UU - Flujo Web" status="PASSED">
         <system-out><![CDATA[2021-10-20 16:27:45 - [TEST_CASE][PASSED] - Test Cases/UinUin/UU - Flujo Web: Test Cases/UinUin/UU - Flujo Web

2021-10-20 16:27:46 - [TEST_STEP][PASSED] - currentPage = getUrl(): Current window's url is: 'https://picandocodigo.github.io/ci_js/'

2021-10-20 16:27:46 - [MESSAGE][PASSED] - Current window's url is: 'https://picandocodigo.github.io/ci_js/'

2021-10-20 16:27:46 - [TEST_STEP][PASSED] - currentTab = getWindowIndex(): Current window's index is: 0

2021-10-20 16:27:46 - [MESSAGE][PASSED] - Current window's index is: 0

2021-10-20 16:27:46 - [TEST_STEP][PASSED] - driver = getWebDriver(): null

2021-10-20 16:27:46 - [TEST_STEP][PASSED] - js = driver: null

2021-10-20 16:27:46 - [TEST_STEP][PASSED] - js.executeScript("window.open();"): null

2021-10-20 16:27:46 - [TEST_STEP][PASSED] - switchToWindowIndex(currentTab + 1): Switched to window with index: '1'

2021-10-20 16:27:46 - [MESSAGE][PASSED] - Switched to window with index: '1'

2021-10-20 16:27:46 - [TEST_STEP][PASSED] - navigateToUrl(UinUin): Navigate to 'https://dev-www.uinuin.com.uy' successfully

2021-10-20 16:27:51 - [MESSAGE][PASSED] - Navigate to 'https://dev-www.uinuin.com.uy' successfully

2021-10-20 16:27:51 - [TEST_STEP][PASSED] - waitForElementPresent(findTestObject("UinUin/Inicio/a_ComienzoFlujo"), 0): Object 'Object Repository/UinUin/Inicio/a_ComienzoFlujo' is present

2021-10-20 16:27:51 - [MESSAGE][WARNING] - Timeout '0' is invalid. Using default page load timeout: '30'

2021-10-20 16:27:51 - [MESSAGE][PASSED] - Object 'Object Repository/UinUin/Inicio/a_ComienzoFlujo' is present

2021-10-20 16:27:51 - [TEST_STEP][PASSED] - enhancedClick(findTestObject("UinUin/Inicio/a_ComienzoFlujo")): Object: 'Object Repository/UinUin/Inicio/a_ComienzoFlujo' is clicked on

2021-10-20 16:27:52 - [MESSAGE][PASSED] - Object: 'Object Repository/UinUin/Inicio/a_ComienzoFlujo' is clicked on

2021-10-20 16:27:52 - [TEST_STEP][PASSED] - waitForElementPresent(findTestObject("UinUin/Flujo 1/input_Cedula"), 0): Object 'Object Repository/UinUin/Flujo 1/input_Cedula' is present

2021-10-20 16:27:52 - [MESSAGE][WARNING] - Timeout '0' is invalid. Using default page load timeout: '30'

2021-10-20 16:27:53 - [MESSAGE][PASSED] - Object 'Object Repository/UinUin/Flujo 1/input_Cedula' is present

2021-10-20 16:27:53 - [TEST_STEP][PASSED] - setText(findTestObject("UinUin/Flujo 1/input_Cedula"), cedulaRandom): Text '29190872' is set on object 'Object Repository/UinUin/Flujo 1/input_Cedula'

2021-10-20 16:27:54 - [MESSAGE][PASSED] - Text '29190872' is set on object 'Object Repository/UinUin/Flujo 1/input_Cedula'

2021-10-20 16:27:54 - [TEST_STEP][PASSED] - setText(findTestObject("UinUin/Flujo 1/input_Celular"), findTestData("DatosUsuario").getValue(2, 3)): Text '94040738' is set on object 'Object Repository/UinUin/Flujo 1/input_Celular'

2021-10-20 16:27:55 - [MESSAGE][PASSED] - Text '94040738' is set on object 'Object Repository/UinUin/Flujo 1/input_Celular'

2021-10-20 16:27:55 - [TEST_STEP][PASSED] - enhancedClick(findTestObject("UinUin/Flujo 1/input_TyC-1")): Object: 'Object Repository/UinUin/Flujo 1/input_TyC-1' is clicked on

2021-10-20 16:27:55 - [MESSAGE][PASSED] - Object: 'Object Repository/UinUin/Flujo 1/input_TyC-1' is clicked on

2021-10-20 16:27:55 - [TEST_STEP][PASSED] - enhancedClick(findTestObject("UinUin/Flujo 1/button_Continuar-1")): Object: 'Object Repository/UinUin/Flujo 1/button_Continuar-1' is clicked on

2021-10-20 16:27:56 - [MESSAGE][PASSED] - Object: 'Object Repository/UinUin/Flujo 1/button_Continuar-1' is clicked on

2021-10-20 16:27:56 - [TEST_STEP][PASSED] - waitForElementPresent(findTestObject("UinUin/Flujo 2/input_Nombre"), 0): Object 'Object Repository/UinUin/Flujo 2/input_Nombre' is present

2021-10-20 16:27:56 - [MESSAGE][WARNING] - Timeout '0' is invalid. Using default page load timeout: '30'

2021-10-20 16:27:57 - [MESSAGE][PASSED] - Object 'Object Repository/UinUin/Flujo 2/input_Nombre' is present

2021-10-20 16:27:57 - [TEST_STEP][PASSED] - setText(findTestObject("UinUin/Flujo 2/input_Nombre"), findTestData("DatosUsuario").getValue(2, 7)): Text 'Nicolas' is set on object 'Object Repository/UinUin/Flujo 2/input_Nombre'

2021-10-20 16:27:58 - [MESSAGE][PASSED] - Text 'Nicolas' is set on object 'Object Repository/UinUin/Flujo 2/input_Nombre'

2021-10-20 16:27:58 - [TEST_STEP][PASSED] - setText(findTestObject("UinUin/Flujo 2/input_Apellido"), findTestData("DatosUsuario").getValue(2, 8)): Text 'Aquino' is set on object 'Object Repository/UinUin/Flujo 2/input_Apellido'

2021-10-20 16:27:58 - [MESSAGE][PASSED] - Text 'Aquino' is set on object 'Object Repository/UinUin/Flujo 2/input_Apellido'

2021-10-20 16:27:58 - [TEST_STEP][PASSED] - selectOptionByValue(findTestObject("UinUin/Flujo 2/select_Dia"), "15", false): All options with value '15' are selected in object 'Object Repository/UinUin/Flujo 2/select_Dia' 

2021-10-20 16:27:59 - [MESSAGE][PASSED] - All options with value '15' are selected in object 'Object Repository/UinUin/Flujo 2/select_Dia' 

2021-10-20 16:27:59 - [TEST_STEP][PASSED] - selectOptionByValue(findTestObject("UinUin/Flujo 2/select_Mes"), "10", false): All options with value '10' are selected in object 'Object Repository/UinUin/Flujo 2/select_Mes' 

2021-10-20 16:28:00 - [MESSAGE][PASSED] - All options with value '10' are selected in object 'Object Repository/UinUin/Flujo 2/select_Mes' 

2021-10-20 16:28:00 - [TEST_STEP][PASSED] - selectOptionByValue(findTestObject("UinUin/Flujo 2/select_Anio"), "1970", false): All options with value '1970' are selected in object 'Object Repository/UinUin/Flujo 2/select_Anio' 

2021-10-20 16:28:00 - [MESSAGE][PASSED] - All options with value '1970' are selected in object 'Object Repository/UinUin/Flujo 2/select_Anio' 

2021-10-20 16:28:00 - [TEST_STEP][PASSED] - delay(0.7): Delayed 0,7 second(s)

2021-10-20 16:28:01 - [MESSAGE][PASSED] - Delayed 0,7 second(s)

2021-10-20 16:28:01 - [TEST_STEP][PASSED] - setText(findTestObject("UinUin/Flujo 2/input_Email"), findTestData("DatosUsuario").getValue(2, 6)): Text 'nicolas.aquino@paigo.com.uyy' is set on object 'Object Repository/UinUin/Flujo 2/input_Email'

2021-10-20 16:28:02 - [MESSAGE][PASSED] - Text 'nicolas.aquino@paigo.com.uyy' is set on object 'Object Repository/UinUin/Flujo 2/input_Email'

2021-10-20 16:28:02 - [TEST_STEP][PASSED] - delay(0.7): Delayed 0,7 second(s)

2021-10-20 16:28:03 - [MESSAGE][PASSED] - Delayed 0,7 second(s)

2021-10-20 16:28:03 - [TEST_STEP][PASSED] - sendKeys(findTestObject("UinUin/Flujo 2/emailNoValidoFocus"), Keys.chord(BACK_SPACE)): Keys 'BACK_SPACE + ' sent to object: 'Object Repository/UinUin/Flujo 2/emailNoValidoFocus'

2021-10-20 16:28:03 - [MESSAGE][PASSED] - Keys 'BACK_SPACE + ' sent to object: 'Object Repository/UinUin/Flujo 2/emailNoValidoFocus'

2021-10-20 16:28:03 - [TEST_STEP][PASSED] - sendKeys(findTestObject("UinUin/Flujo 2/input_Email"), Keys.chord(TAB)): Keys 'TAB + ' sent to object: 'Object Repository/UinUin/Flujo 2/input_Email'

2021-10-20 16:28:04 - [MESSAGE][PASSED] - Keys 'TAB + ' sent to object: 'Object Repository/UinUin/Flujo 2/input_Email'

2021-10-20 16:28:04 - [TEST_STEP][PASSED] - enhancedClick(findTestObject("UinUin/Flujo 2/select_Departamento")): Object: 'Object Repository/UinUin/Flujo 2/select_Departamento' is clicked on

2021-10-20 16:28:04 - [MESSAGE][PASSED] - Object: 'Object Repository/UinUin/Flujo 2/select_Departamento' is clicked on

2021-10-20 16:28:04 - [TEST_STEP][PASSED] - sendKeys(findTestObject("UinUin/Flujo 2/select_Departamento"), Keys.chord(ARROW_DOWN, ENTER)): Keys 'DOWN + ENTER + ' sent to object: 'Object Repository/UinUin/Flujo 2/select_Departamento'

2021-10-20 16:28:04 - [MESSAGE][PASSED] - Keys 'DOWN + ENTER + ' sent to object: 'Object Repository/UinUin/Flujo 2/select_Departamento'

2021-10-20 16:28:04 - [TEST_STEP][PASSED] - sendKeys(findTestObject(null), Keys.chord(TAB, TAB)): Keys 'TAB + TAB + ' sent to object: 'tempBody'

2021-10-20 16:28:04 - [MESSAGE][WARNING] - Test object id is null

2021-10-20 16:28:04 - [MESSAGE][WARNING] - Test object with id 'Object Repository/' does not exist

2021-10-20 16:28:05 - [MESSAGE][PASSED] - Keys 'TAB + TAB + ' sent to object: 'tempBody'

2021-10-20 16:28:05 - [TEST_STEP][PASSED] - setText(findTestObject("UinUin/Flujo 2/input_Ingresos"), "120000"): Text '120000' is set on object 'Object Repository/UinUin/Flujo 2/input_Ingresos'

2021-10-20 16:28:06 - [MESSAGE][PASSED] - Text '120000' is set on object 'Object Repository/UinUin/Flujo 2/input_Ingresos'

2021-10-20 16:28:06 - [TEST_STEP][PASSED] - selectOptionByValue(findTestObject("UinUin/Flujo 2/select_Genero"), "Male", false): All options with value 'Male' are selected in object 'Object Repository/UinUin/Flujo 2/select_Genero' 

2021-10-20 16:28:06 - [MESSAGE][PASSED] - All options with value 'Male' are selected in object 'Object Repository/UinUin/Flujo 2/select_Genero' 

2021-10-20 16:28:06 - [TEST_STEP][PASSED] - enhancedClick(findTestObject("UinUin/Flujo 2/button_Continuar-2")): Object: 'Object Repository/UinUin/Flujo 2/button_Continuar-2' is clicked on

2021-10-20 16:28:07 - [MESSAGE][PASSED] - Object: 'Object Repository/UinUin/Flujo 2/button_Continuar-2' is clicked on

2021-10-20 16:28:07 - [TEST_STEP][PASSED] - if (verifyElementPresent(findTestObject("UinUin/Flujo 3/div_SinOferta"), 0, OPTIONAL)): com.kms.katalon.core.webui.exception.WebElementNotFoundException: Web element with id: 'Object Repository/UinUin/Flujo 3/div_SinOferta' located by '//div[@id='__next']/div/section/div/div/div[2]/div[2]/div[2]' not found (Root cause: com.kms.katalon.core.exception.StepFailedException: com.kms.katalon.core.webui.exception.WebElementNotFoundException: Web element with id: 'Object Repository/UinUin/Flujo 3/div_SinOferta' located by '//div[@id='__next']/div/section/div/div/div[2]/div[2]/div[2]' not found
	at com.kms.katalon.core.webui.keyword.internal.WebUIKeywordMain.stepFailed(WebUIKeywordMain.groovy:64)
	at com.kms.katalon.core.webui.keyword.builtin.VerifyElementPresentKeyword$_verifyElementPresent_closure1.doCall(VerifyElementPresentKeyword.groovy:85)
	at com.kms.katalon.core.webui.keyword.builtin.VerifyElementPresentKeyword$_verifyElementPresent_closure1.call(VerifyElementPresentKeyword.groovy)
	at com.kms.katalon.core.webui.keyword.internal.WebUIKeywordMain.runKeyword(WebUIKeywordMain.groovy:20)
	at com.kms.katalon.core.webui.keyword.builtin.VerifyElementPresentKeyword.verifyElementPresent(VerifyElementPresentKeyword.groovy:92)
	at com.kms.katalon.core.webui.keyword.builtin.VerifyElementPresentKeyword.execute(VerifyElementPresentKeyword.groovy:68)
	at com.kms.katalon.core.keyword.internal.KeywordExecutor.executeKeywordForPlatform(KeywordExecutor.groovy:74)
	at com.kms.katalon.core.webui.keyword.WebUiBuiltInKeywords.verifyElementPresent(WebUiBuiltInKeywords.groovy:1448)
	at com.kms.katalon.core.webui.keyword.WebUiBuiltInKeywords$verifyElementPresent$12.call(Unknown Source)
	at UU - Flujo Web.run(UU - Flujo Web:100)
	at com.kms.katalon.core.main.ScriptEngine.run(ScriptEngine.java:194)
	at com.kms.katalon.core.main.ScriptEngine.runScriptAsRawText(ScriptEngine.java:119)
	at com.kms.katalon.core.main.TestCaseExecutor.runScript(TestCaseExecutor.java:430)
	at com.kms.katalon.core.main.TestCaseExecutor.doExecute(TestCaseExecutor.java:421)
	at com.kms.katalon.core.main.TestCaseExecutor.processExecutionPhase(TestCaseExecutor.java:400)
	at com.kms.katalon.core.main.TestCaseExecutor.accessMainPhase(TestCaseExecutor.java:392)
	at com.kms.katalon.core.main.TestCaseExecutor.execute(TestCaseExecutor.java:273)
	at com.kms.katalon.core.main.TestSuiteExecutor.accessTestCaseMainPhase(TestSuiteExecutor.java:202)
	at com.kms.katalon.core.main.TestSuiteExecutor.accessTestSuiteMainPhase(TestSuiteExecutor.java:164)
	at com.kms.katalon.core.main.TestSuiteExecutor.execute(TestSuiteExecutor.java:105)
	at com.kms.katalon.core.main.TestCaseMain.startTestSuite(TestCaseMain.java:185)
	at com.kms.katalon.core.main.TestCaseMain$startTestSuite$0.call(Unknown Source)
	at TempTestSuite1634758054356.run(TempTestSuite1634758054356.groovy:36)
)

2021-10-20 16:28:07 - [MESSAGE][WARNING] - Timeout '0' is invalid. Using default page load timeout: '30'

2021-10-20 16:28:38 - [MESSAGE][INFO] - Unable to find the element located by 'By.xpath: //div[@id='__next']/div/section/div/div/div[2]/div[2]/div[2]'. Please recheck the objects properties to make sure the desired element is located. 

2021-10-20 16:28:38 - [MESSAGE][WARNING] - com.kms.katalon.core.webui.exception.WebElementNotFoundException: Web element with id: 'Object Repository/UinUin/Flujo 3/div_SinOferta' located by '//div[@id='__next']/div/section/div/div/div[2]/div[2]/div[2]' not found (Root cause: com.kms.katalon.core.exception.StepFailedException: com.kms.katalon.core.webui.exception.WebElementNotFoundException: Web element with id: 'Object Repository/UinUin/Flujo 3/div_SinOferta' located by '//div[@id='__next']/div/section/div/div/div[2]/div[2]/div[2]' not found
	at com.kms.katalon.core.webui.keyword.internal.WebUIKeywordMain.stepFailed(WebUIKeywordMain.groovy:64)
	at com.kms.katalon.core.webui.keyword.builtin.VerifyElementPresentKeyword$_verifyElementPresent_closure1.doCall(VerifyElementPresentKeyword.groovy:85)
	at com.kms.katalon.core.webui.keyword.builtin.VerifyElementPresentKeyword$_verifyElementPresent_closure1.call(VerifyElementPresentKeyword.groovy)
	at com.kms.katalon.core.webui.keyword.internal.WebUIKeywordMain.runKeyword(WebUIKeywordMain.groovy:20)
	at com.kms.katalon.core.webui.keyword.builtin.VerifyElementPresentKeyword.verifyElementPresent(VerifyElementPresentKeyword.groovy:92)
	at com.kms.katalon.core.webui.keyword.builtin.VerifyElementPresentKeyword.execute(VerifyElementPresentKeyword.groovy:68)
	at com.kms.katalon.core.keyword.internal.KeywordExecutor.executeKeywordForPlatform(KeywordExecutor.groovy:74)
	at com.kms.katalon.core.webui.keyword.WebUiBuiltInKeywords.verifyElementPresent(WebUiBuiltInKeywords.groovy:1448)
	at com.kms.katalon.core.webui.keyword.WebUiBuiltInKeywords$verifyElementPresent$12.call(Unknown Source)
	at UU - Flujo Web.run(UU - Flujo Web:100)
	at com.kms.katalon.core.main.ScriptEngine.run(ScriptEngine.java:194)
	at com.kms.katalon.core.main.ScriptEngine.runScriptAsRawText(ScriptEngine.java:119)
	at com.kms.katalon.core.main.TestCaseExecutor.runScript(TestCaseExecutor.java:430)
	at com.kms.katalon.core.main.TestCaseExecutor.doExecute(TestCaseExecutor.java:421)
	at com.kms.katalon.core.main.TestCaseExecutor.processExecutionPhase(TestCaseExecutor.java:400)
	at com.kms.katalon.core.main.TestCaseExecutor.accessMainPhase(TestCaseExecutor.java:392)
	at com.kms.katalon.core.main.TestCaseExecutor.execute(TestCaseExecutor.java:273)
	at com.kms.katalon.core.main.TestSuiteExecutor.accessTestCaseMainPhase(TestSuiteExecutor.java:202)
	at com.kms.katalon.core.main.TestSuiteExecutor.accessTestSuiteMainPhase(TestSuiteExecutor.java:164)
	at com.kms.katalon.core.main.TestSuiteExecutor.execute(TestSuiteExecutor.java:105)
	at com.kms.katalon.core.main.TestCaseMain.startTestSuite(TestCaseMain.java:185)
	at com.kms.katalon.core.main.TestCaseMain$startTestSuite$0.call(Unknown Source)
	at TempTestSuite1634758054356.run(TempTestSuite1634758054356.groovy:36)
)
[[ATTACHMENT|C:\\Users\\nicolas.aquino\\Katalon Studio\\Paigo\\Reports\\20211020_162734\\Primera Venta\\UinUin\\20211020_162734\\1634758118651.png]]

2021-10-20 16:28:38 - [TEST_STEP][PASSED] - waitForElementPresent(findTestObject("UinUin/Flujo 3/select_Vencimiento"), 0): Object 'Object Repository/UinUin/Flujo 3/select_Vencimiento' is present

2021-10-20 16:28:38 - [MESSAGE][WARNING] - Timeout '0' is invalid. Using default page load timeout: '30'

2021-10-20 16:28:39 - [MESSAGE][PASSED] - Object 'Object Repository/UinUin/Flujo 3/select_Vencimiento' is present

2021-10-20 16:28:39 - [TEST_STEP][PASSED] - enhancedClick(findTestObject("UinUin/Flujo 3/select_Vencimiento")): Object: 'Object Repository/UinUin/Flujo 3/select_Vencimiento' is clicked on

2021-10-20 16:28:39 - [MESSAGE][PASSED] - Object: 'Object Repository/UinUin/Flujo 3/select_Vencimiento' is clicked on

2021-10-20 16:28:39 - [TEST_STEP][PASSED] - sendKeys(findTestObject("UinUin/Flujo 3/select_Vencimiento"), Keys.chord(ARROW_DOWN, ENTER)): Keys 'DOWN + ENTER + ' sent to object: 'Object Repository/UinUin/Flujo 3/select_Vencimiento'

2021-10-20 16:28:39 - [MESSAGE][PASSED] - Keys 'DOWN + ENTER + ' sent to object: 'Object Repository/UinUin/Flujo 3/select_Vencimiento'

2021-10-20 16:28:39 - [TEST_STEP][PASSED] - waitForElementPresent(findTestObject("UinUin/Flujo 3/select_Cuotas"), 0): Object 'Object Repository/UinUin/Flujo 3/select_Cuotas' is present

2021-10-20 16:28:39 - [MESSAGE][WARNING] - Timeout '0' is invalid. Using default page load timeout: '30'

2021-10-20 16:28:48 - [MESSAGE][PASSED] - Object 'Object Repository/UinUin/Flujo 3/select_Cuotas' is present

2021-10-20 16:28:48 - [TEST_STEP][PASSED] - enhancedClick(findTestObject("UinUin/Flujo 3/select_Cuotas")): Object: 'Object Repository/UinUin/Flujo 3/select_Cuotas' is clicked on

2021-10-20 16:28:49 - [MESSAGE][PASSED] - Object: 'Object Repository/UinUin/Flujo 3/select_Cuotas' is clicked on

2021-10-20 16:28:49 - [TEST_STEP][PASSED] - sendKeys(findTestObject("UinUin/Flujo 3/select_Cuotas"), Keys.chord(ARROW_DOWN, ENTER)): Keys 'DOWN + ENTER + ' sent to object: 'Object Repository/UinUin/Flujo 3/select_Cuotas'

2021-10-20 16:28:49 - [MESSAGE][PASSED] - Keys 'DOWN + ENTER + ' sent to object: 'Object Repository/UinUin/Flujo 3/select_Cuotas'

2021-10-20 16:28:49 - [TEST_STEP][PASSED] - enhancedClick(findTestObject("UinUin/Flujo 3/button_Continuar-3")): Object: 'Object Repository/UinUin/Flujo 3/button_Continuar-3' is clicked on

2021-10-20 16:28:50 - [MESSAGE][PASSED] - Object: 'Object Repository/UinUin/Flujo 3/button_Continuar-3' is clicked on

2021-10-20 16:28:50 - [TEST_STEP][PASSED] - waitForElementPresent(findTestObject("UinUin/Flujo 4/a_ConfirmarCredito"), 0): Object 'Object Repository/UinUin/Flujo 4/a_ConfirmarCredito' is present

2021-10-20 16:28:50 - [MESSAGE][WARNING] - Timeout '0' is invalid. Using default page load timeout: '30'

2021-10-20 16:28:51 - [MESSAGE][PASSED] - Object 'Object Repository/UinUin/Flujo 4/a_ConfirmarCredito' is present

2021-10-20 16:28:51 - [TEST_STEP][PASSED] - enhancedClick(findTestObject("UinUin/Flujo 4/a_ConfirmarCredito")): Object: 'Object Repository/UinUin/Flujo 4/a_ConfirmarCredito' is clicked on

2021-10-20 16:28:51 - [MESSAGE][PASSED] - Object: 'Object Repository/UinUin/Flujo 4/a_ConfirmarCredito' is clicked on

2021-10-20 16:28:51 - [TEST_STEP][PASSED] - waitForElementPresent(findTestObject("UinUin/Flujo 5/input_Direccion"), 0): Object 'Object Repository/UinUin/Flujo 5/input_Direccion' is present

2021-10-20 16:28:51 - [MESSAGE][WARNING] - Timeout '0' is invalid. Using default page load timeout: '30'

2021-10-20 16:28:52 - [MESSAGE][PASSED] - Object 'Object Repository/UinUin/Flujo 5/input_Direccion' is present

2021-10-20 16:28:52 - [TEST_STEP][PASSED] - setText(findTestObject("UinUin/Flujo 5/input_Direccion"), findTestData("DatosUsuario").getValue(2, 9)): Text 'Calle falsa 123' is set on object 'Object Repository/UinUin/Flujo 5/input_Direccion'

2021-10-20 16:28:53 - [MESSAGE][PASSED] - Text 'Calle falsa 123' is set on object 'Object Repository/UinUin/Flujo 5/input_Direccion'

2021-10-20 16:28:53 - [TEST_STEP][PASSED] - enhancedClick(findTestObject("UinUin/Flujo 5/button_CrearContrasena")): Object: 'Object Repository/UinUin/Flujo 5/button_CrearContrasena' is clicked on

2021-10-20 16:28:53 - [MESSAGE][PASSED] - Object: 'Object Repository/UinUin/Flujo 5/button_CrearContrasena' is clicked on

2021-10-20 16:28:53 - [TEST_STEP][PASSED] - setText(findTestObject("UinUin/Flujo 5/input_Contrasena"), findTestData("DatosUsuario").getValue(2, 11)): Text 'paigo123' is set on object 'Object Repository/UinUin/Flujo 5/input_Contrasena'

2021-10-20 16:28:54 - [MESSAGE][PASSED] - Text 'paigo123' is set on object 'Object Repository/UinUin/Flujo 5/input_Contrasena'

2021-10-20 16:28:54 - [TEST_STEP][PASSED] - setText(findTestObject("UinUin/Flujo 5/input_ConfirmarContrasena"), findTestData("DatosUsuario").getValue(2, 11)): Text 'paigo123' is set on object 'Object Repository/UinUin/Flujo 5/input_ConfirmarContrasena'

2021-10-20 16:28:55 - [MESSAGE][PASSED] - Text 'paigo123' is set on object 'Object Repository/UinUin/Flujo 5/input_ConfirmarContrasena'

2021-10-20 16:28:55 - [TEST_STEP][PASSED] - enhancedClick(findTestObject("UinUin/Flujo 5/input_TyC-2")): Object: 'Object Repository/UinUin/Flujo 5/input_TyC-2' is clicked on

2021-10-20 16:28:55 - [MESSAGE][PASSED] - Object: 'Object Repository/UinUin/Flujo 5/input_TyC-2' is clicked on

2021-10-20 16:28:55 - [TEST_STEP][PASSED] - enhancedClick(findTestObject("UinUin/Flujo 5/button_Continuar-4")): Object: 'Object Repository/UinUin/Flujo 5/button_Continuar-4' is clicked on

2021-10-20 16:28:56 - [MESSAGE][PASSED] - Object: 'Object Repository/UinUin/Flujo 5/button_Continuar-4' is clicked on]]></system-out>
         <system-err><![CDATA[]]></system-err>
      </testcase>
      <testcase name="Test Cases/Admin/Logueo" time="6.861" classname="Test Cases/Admin/Logueo" status="PASSED">
         <system-out><![CDATA[2021-10-20 16:28:56 - [TEST_CASE][PASSED] - Test Cases/Admin/Logueo: Test Cases/Admin/Logueo

2021-10-20 16:28:56 - [TEST_STEP][PASSED] - currentPage = getUrl(): Current window's url is: 'https://dev-www.uinuin.com.uy/aprobar/registro'

2021-10-20 16:28:56 - [MESSAGE][PASSED] - Current window's url is: 'https://dev-www.uinuin.com.uy/aprobar/registro'

2021-10-20 16:28:56 - [TEST_STEP][PASSED] - currentTab = getWindowIndex(): Current window's index is: 1

2021-10-20 16:28:56 - [MESSAGE][PASSED] - Current window's index is: 1

2021-10-20 16:28:56 - [TEST_STEP][PASSED] - driver = getWebDriver(): null

2021-10-20 16:28:56 - [TEST_STEP][PASSED] - js = driver: null

2021-10-20 16:28:56 - [TEST_STEP][PASSED] - js.executeScript("window.open();"): null

2021-10-20 16:28:56 - [TEST_STEP][PASSED] - switchToWindowIndex(currentTab + 1): Switched to window with index: '2'

2021-10-20 16:28:56 - [MESSAGE][PASSED] - Switched to window with index: '2'

2021-10-20 16:28:56 - [TEST_STEP][PASSED] - navigateToUrl(Admin): Navigate to 'https://dev-admin-int.paigo.uy/login' successfully

2021-10-20 16:29:01 - [MESSAGE][PASSED] - Navigate to 'https://dev-admin-int.paigo.uy/login' successfully

2021-10-20 16:29:01 - [TEST_STEP][PASSED] - maximizeWindow(): Current window maximized

2021-10-20 16:29:01 - [MESSAGE][PASSED] - Current window maximized

2021-10-20 16:29:01 - [TEST_STEP][PASSED] - setText(findTestObject("Admin/Logueo/input_Usuario"), findTestData("DatosUsuario").getValue(2, 1)): Text 'gabriel.gayol@paigo.com.uy' is set on object 'Object Repository/Admin/Logueo/input_Usuario'

2021-10-20 16:29:02 - [MESSAGE][PASSED] - Text 'gabriel.gayol@paigo.com.uy' is set on object 'Object Repository/Admin/Logueo/input_Usuario'

2021-10-20 16:29:02 - [TEST_STEP][PASSED] - setText(findTestObject("Admin/Logueo/input_Contrasena"), findTestData("DatosUsuario").getValue(2, 2)): Text '12345678' is set on object 'Object Repository/Admin/Logueo/input_Contrasena'

2021-10-20 16:29:02 - [MESSAGE][PASSED] - Text '12345678' is set on object 'Object Repository/Admin/Logueo/input_Contrasena'

2021-10-20 16:29:02 - [TEST_STEP][PASSED] - enhancedClick(findTestObject("Admin/Logueo/button_Ingresar")): Object: 'Object Repository/Admin/Logueo/button_Ingresar' is clicked on

2021-10-20 16:29:03 - [MESSAGE][PASSED] - Object: 'Object Repository/Admin/Logueo/button_Ingresar' is clicked on]]></system-out>
         <system-err><![CDATA[]]></system-err>
      </testcase>
      <testcase name="Test Cases/Admin/UinUin/Creación Cuenta" time="10.27" classname="Test Cases/Admin/UinUin/Creación Cuenta" status="PASSED">
         <system-out><![CDATA[2021-10-20 16:29:03 - [TEST_CASE][PASSED] - Test Cases/Admin/UinUin/Creación Cuenta: Test Cases/Admin/UinUin/Creación Cuenta

2021-10-20 16:29:03 - [TEST_STEP][PASSED] - waitForElementPresent(findTestObject("Admin/Activación Cuenta/p_BUSCAR CLIENTES"), 0): Object 'Object Repository/Admin/Activación Cuenta/p_BUSCAR CLIENTES' is present

2021-10-20 16:29:03 - [MESSAGE][WARNING] - Timeout '0' is invalid. Using default page load timeout: '30'

2021-10-20 16:29:04 - [MESSAGE][PASSED] - Object 'Object Repository/Admin/Activación Cuenta/p_BUSCAR CLIENTES' is present

2021-10-20 16:29:04 - [TEST_STEP][PASSED] - enhancedClick(findTestObject("Admin/Activación Cuenta/p_BUSCAR CLIENTES")): Object: 'Object Repository/Admin/Activación Cuenta/p_BUSCAR CLIENTES' is clicked on

2021-10-20 16:29:05 - [MESSAGE][PASSED] - Object: 'Object Repository/Admin/Activación Cuenta/p_BUSCAR CLIENTES' is clicked on

2021-10-20 16:29:05 - [TEST_STEP][PASSED] - waitForElementPresent(findTestObject("Admin/Activación Cuenta/input_Cedula"), 0): Object 'Object Repository/Admin/Activación Cuenta/input_Cedula' is present

2021-10-20 16:29:05 - [MESSAGE][WARNING] - Timeout '0' is invalid. Using default page load timeout: '30'

2021-10-20 16:29:06 - [MESSAGE][PASSED] - Object 'Object Repository/Admin/Activación Cuenta/input_Cedula' is present

2021-10-20 16:29:06 - [TEST_STEP][PASSED] - setText(findTestObject("Admin/Activación Cuenta/input_Cedula"), cedulaRandom): Text '29190872' is set on object 'Object Repository/Admin/Activación Cuenta/input_Cedula'

2021-10-20 16:29:06 - [MESSAGE][PASSED] - Text '29190872' is set on object 'Object Repository/Admin/Activación Cuenta/input_Cedula'

2021-10-20 16:29:06 - [TEST_STEP][PASSED] - selectOptionByLabel(findTestObject("Admin/Activación Cuenta/select_SeleccionarMarca"), Marca_UU, false): All options with label 'UinUin' are selected in object 'Object Repository/Admin/Activación Cuenta/select_SeleccionarMarca' 

2021-10-20 16:29:07 - [MESSAGE][PASSED] - All options with label 'UinUin' are selected in object 'Object Repository/Admin/Activación Cuenta/select_SeleccionarMarca' 

2021-10-20 16:29:07 - [TEST_STEP][PASSED] - enhancedClick(findTestObject("Admin/Activación Cuenta/button_Obtener")): Object: 'Object Repository/Admin/Activación Cuenta/button_Obtener' is clicked on

2021-10-20 16:29:07 - [MESSAGE][PASSED] - Object: 'Object Repository/Admin/Activación Cuenta/button_Obtener' is clicked on

2021-10-20 16:29:07 - [TEST_STEP][PASSED] - waitForElementPresent(findTestObject("Admin/Activación Cuenta/button_Guardar"), 0): Object 'Object Repository/Admin/Activación Cuenta/button_Guardar' is present

2021-10-20 16:29:07 - [MESSAGE][WARNING] - Timeout '0' is invalid. Using default page load timeout: '30'

2021-10-20 16:29:09 - [MESSAGE][PASSED] - Object 'Object Repository/Admin/Activación Cuenta/button_Guardar' is present

2021-10-20 16:29:09 - [TEST_STEP][PASSED] - sendKeys(findTestObject("Admin/Activación Cuenta/input_IngresosReferencia"), Keys.chord(TAB, TAB, SPACE)): Keys 'TAB + TAB + SPACE + ' sent to object: 'Object Repository/Admin/Activación Cuenta/input_IngresosReferencia'

2021-10-20 16:29:09 - [MESSAGE][PASSED] - Keys 'TAB + TAB + SPACE + ' sent to object: 'Object Repository/Admin/Activación Cuenta/input_IngresosReferencia'

2021-10-20 16:29:09 - [TEST_STEP][PASSED] - setText(findTestObject("Admin/Creación Cuenta/input_CuentaBancaria"), "1234567"): Text '1234567' is set on object 'Object Repository/Admin/Creación Cuenta/input_CuentaBancaria'

2021-10-20 16:29:10 - [MESSAGE][PASSED] - Text '1234567' is set on object 'Object Repository/Admin/Creación Cuenta/input_CuentaBancaria'

2021-10-20 16:29:10 - [TEST_STEP][PASSED] - enhancedClick(findTestObject("Admin/Creación Cuenta/button_AgregarCuenta")): Object: 'Object Repository/Admin/Creación Cuenta/button_AgregarCuenta' is clicked on

2021-10-20 16:29:11 - [MESSAGE][PASSED] - Object: 'Object Repository/Admin/Creación Cuenta/button_AgregarCuenta' is clicked on

2021-10-20 16:29:11 - [TEST_STEP][PASSED] - enhancedClick(findTestObject("Admin/Activación Cuenta/button_Guardar")): Object: 'Object Repository/Admin/Activación Cuenta/button_Guardar' is clicked on

2021-10-20 16:29:12 - [MESSAGE][PASSED] - Object: 'Object Repository/Admin/Activación Cuenta/button_Guardar' is clicked on

2021-10-20 16:29:12 - [TEST_STEP][PASSED] - verifyElementVisible(findTestObject("Admin/Activación Cuenta/p_ValidacionGuardado")): Object 'Object Repository/Admin/Activación Cuenta/p_ValidacionGuardado' is visible

2021-10-20 16:29:13 - [MESSAGE][PASSED] - Object 'Object Repository/Admin/Activación Cuenta/p_ValidacionGuardado' is visible]]></system-out>
         <system-err><![CDATA[]]></system-err>
      </testcase>
      <testcase name="Test Cases/Admin/UinUin/Verificación" time="57.304" classname="Test Cases/Admin/UinUin/Verificación" status="PASSED">
         <system-out><![CDATA[2021-10-20 16:29:13 - [TEST_CASE][PASSED] - Test Cases/Admin/UinUin/Verificación: Test Cases/Admin/UinUin/Verificación

2021-10-20 16:29:13 - [TEST_STEP][PASSED] - waitForElementPresent(findTestObject("Admin/Verificacion/p_CreditosEnVerificacion"), 0): Object 'Object Repository/Admin/Verificacion/p_CreditosEnVerificacion' is present

2021-10-20 16:29:13 - [MESSAGE][WARNING] - Timeout '0' is invalid. Using default page load timeout: '30'

2021-10-20 16:29:14 - [MESSAGE][PASSED] - Object 'Object Repository/Admin/Verificacion/p_CreditosEnVerificacion' is present

2021-10-20 16:29:14 - [TEST_STEP][PASSED] - enhancedClick(findTestObject("Admin/Verificacion/p_CreditosEnVerificacion")): Object: 'Object Repository/Admin/Verificacion/p_CreditosEnVerificacion' is clicked on

2021-10-20 16:29:14 - [MESSAGE][PASSED] - Object: 'Object Repository/Admin/Verificacion/p_CreditosEnVerificacion' is clicked on

2021-10-20 16:29:14 - [TEST_STEP][PASSED] - waitForElementVisible(findTestObject("Admin/Verificacion/select_SeleccionarMarca"), 0): Object 'Object Repository/Admin/Verificacion/select_SeleccionarMarca' is visible

2021-10-20 16:29:14 - [MESSAGE][WARNING] - Timeout '0' is invalid. Using default page load timeout: '30'

2021-10-20 16:29:14 - [MESSAGE][PASSED] - Object 'Object Repository/Admin/Verificacion/select_SeleccionarMarca' is visible

2021-10-20 16:29:14 - [TEST_STEP][PASSED] - selectOptionByLabel(findTestObject("Admin/Verificacion/select_SeleccionarMarca"), Marca_UU, false): All options with label 'UinUin' are selected in object 'Object Repository/Admin/Verificacion/select_SeleccionarMarca' 

2021-10-20 16:29:15 - [MESSAGE][PASSED] - All options with label 'UinUin' are selected in object 'Object Repository/Admin/Verificacion/select_SeleccionarMarca' 

2021-10-20 16:29:15 - [TEST_STEP][PASSED] - enhancedClick(findTestObject("Admin/Verificacion/button_Obtener")): Object: 'Object Repository/Admin/Verificacion/button_Obtener' is clicked on

2021-10-20 16:29:16 - [MESSAGE][PASSED] - Object: 'Object Repository/Admin/Verificacion/button_Obtener' is clicked on

2021-10-20 16:29:16 - [TEST_STEP][PASSED] - waitForElementVisible(findTestObject("Admin/Verificacion/input_FiltrarCI"), 0): Object 'Object Repository/Admin/Verificacion/input_FiltrarCI' is visible

2021-10-20 16:29:16 - [MESSAGE][WARNING] - Timeout '0' is invalid. Using default page load timeout: '30'

2021-10-20 16:29:37 - [MESSAGE][PASSED] - Object 'Object Repository/Admin/Verificacion/input_FiltrarCI' is visible

2021-10-20 16:29:37 - [TEST_STEP][PASSED] - setText(findTestObject("Admin/Verificacion/input_FiltrarCI"), cedulaRandom): Text '29190872' is set on object 'Object Repository/Admin/Verificacion/input_FiltrarCI'

2021-10-20 16:29:38 - [MESSAGE][PASSED] - Text '29190872' is set on object 'Object Repository/Admin/Verificacion/input_FiltrarCI'

2021-10-20 16:29:38 - [TEST_STEP][PASSED] - enhancedClick(findTestObject("Admin/Verificacion/button_Retomar VI")): Object: 'Object Repository/Admin/Verificacion/button_Retomar VI' is clicked on

2021-10-20 16:29:39 - [MESSAGE][PASSED] - Object: 'Object Repository/Admin/Verificacion/button_Retomar VI' is clicked on

2021-10-20 16:29:39 - [TEST_STEP][PASSED] - waitForElementPresent(findTestObject("Admin/Verificacion/button_Subir_1"), 0): Object 'Object Repository/Admin/Verificacion/button_Subir_1' is present

2021-10-20 16:29:39 - [MESSAGE][WARNING] - Timeout '0' is invalid. Using default page load timeout: '30'

2021-10-20 16:29:47 - [MESSAGE][PASSED] - Object 'Object Repository/Admin/Verificacion/button_Subir_1' is present

2021-10-20 16:29:47 - [TEST_STEP][PASSED] - enhancedClick(findTestObject("Admin/Verificacion/button_Subir_1")): Object: 'Object Repository/Admin/Verificacion/button_Subir_1' is clicked on

2021-10-20 16:29:48 - [MESSAGE][PASSED] - Object: 'Object Repository/Admin/Verificacion/button_Subir_1' is clicked on

2021-10-20 16:29:48 - [TEST_STEP][PASSED] - uploadFile(findTestObject("Admin/Verificacion/input_File"), "C:\Users\nicolas.aquino\Desktop\Trabajo\TomMeme.jpg"): File 'C:\Users\nicolas.aquino\Desktop\Trabajo\TomMeme.jpg' sent to object: 'Object Repository/Admin/Verificacion/input_File'

2021-10-20 16:29:48 - [MESSAGE][PASSED] - File 'C:\Users\nicolas.aquino\Desktop\Trabajo\TomMeme.jpg' sent to object: 'Object Repository/Admin/Verificacion/input_File'

2021-10-20 16:29:48 - [TEST_STEP][PASSED] - waitForElementClickable(findTestObject("Admin/Verificacion/button_ConfirmarSubidaImagen_1"), 0): Object 'Object Repository/Admin/Verificacion/button_ConfirmarSubidaImagen_1' is clickable

2021-10-20 16:29:48 - [MESSAGE][WARNING] - Timeout '0' is invalid. Using default page load timeout: '30'

2021-10-20 16:29:49 - [MESSAGE][PASSED] - Object 'Object Repository/Admin/Verificacion/button_ConfirmarSubidaImagen_1' is clickable

2021-10-20 16:29:49 - [TEST_STEP][PASSED] - enhancedClick(findTestObject("Admin/Verificacion/button_ConfirmarSubidaImagen_1")): Object: 'Object Repository/Admin/Verificacion/button_ConfirmarSubidaImagen_1' is clicked on

2021-10-20 16:29:49 - [MESSAGE][PASSED] - Object: 'Object Repository/Admin/Verificacion/button_ConfirmarSubidaImagen_1' is clicked on

2021-10-20 16:29:49 - [TEST_STEP][PASSED] - check(findTestObject("Admin/Verificacion/input_ConfirmarImagen_1")): Object 'Object Repository/Admin/Verificacion/input_ConfirmarImagen_1' is checked

2021-10-20 16:29:50 - [MESSAGE][PASSED] - Object 'Object Repository/Admin/Verificacion/input_ConfirmarImagen_1' is checked

2021-10-20 16:29:50 - [TEST_STEP][PASSED] - waitForElementVisible(findTestObject("Admin/Verificacion/button_Subir_2"), 0): Object 'Object Repository/Admin/Verificacion/button_Subir_2' is visible

2021-10-20 16:29:50 - [MESSAGE][WARNING] - Timeout '0' is invalid. Using default page load timeout: '30'

2021-10-20 16:29:50 - [MESSAGE][PASSED] - Object 'Object Repository/Admin/Verificacion/button_Subir_2' is visible

2021-10-20 16:29:50 - [TEST_STEP][PASSED] - enhancedClick(findTestObject("Admin/Verificacion/button_Subir_2")): Object: 'Object Repository/Admin/Verificacion/button_Subir_2' is clicked on

2021-10-20 16:29:51 - [MESSAGE][PASSED] - Object: 'Object Repository/Admin/Verificacion/button_Subir_2' is clicked on

2021-10-20 16:29:51 - [TEST_STEP][PASSED] - uploadFile(findTestObject("Admin/Verificacion/input_File"), "C:\Users\nicolas.aquino\Desktop\Trabajo\TomMeme.jpg"): File 'C:\Users\nicolas.aquino\Desktop\Trabajo\TomMeme.jpg' sent to object: 'Object Repository/Admin/Verificacion/input_File'

2021-10-20 16:29:52 - [MESSAGE][PASSED] - File 'C:\Users\nicolas.aquino\Desktop\Trabajo\TomMeme.jpg' sent to object: 'Object Repository/Admin/Verificacion/input_File'

2021-10-20 16:29:52 - [TEST_STEP][PASSED] - waitForElementClickable(findTestObject("Admin/Verificacion/button_ConfirmarSubidaImagen_2"), 0): Object 'Object Repository/Admin/Verificacion/button_ConfirmarSubidaImagen_2' is clickable

2021-10-20 16:29:52 - [MESSAGE][WARNING] - Timeout '0' is invalid. Using default page load timeout: '30'

2021-10-20 16:29:52 - [MESSAGE][PASSED] - Object 'Object Repository/Admin/Verificacion/button_ConfirmarSubidaImagen_2' is clickable

2021-10-20 16:29:52 - [TEST_STEP][PASSED] - enhancedClick(findTestObject("Admin/Verificacion/button_ConfirmarSubidaImagen_2")): Object: 'Object Repository/Admin/Verificacion/button_ConfirmarSubidaImagen_2' is clicked on

2021-10-20 16:29:52 - [MESSAGE][PASSED] - Object: 'Object Repository/Admin/Verificacion/button_ConfirmarSubidaImagen_2' is clicked on

2021-10-20 16:29:52 - [TEST_STEP][PASSED] - check(findTestObject("Admin/Verificacion/input_ConfirmarImagen_2")): Object 'Object Repository/Admin/Verificacion/input_ConfirmarImagen_2' is checked

2021-10-20 16:29:54 - [MESSAGE][PASSED] - Object 'Object Repository/Admin/Verificacion/input_ConfirmarImagen_2' is checked

2021-10-20 16:29:54 - [TEST_STEP][PASSED] - waitForElementVisible(findTestObject("Admin/Verificacion/button_Subir_3"), 0): Object 'Object Repository/Admin/Verificacion/button_Subir_3' is visible

2021-10-20 16:29:54 - [MESSAGE][WARNING] - Timeout '0' is invalid. Using default page load timeout: '30'

2021-10-20 16:29:54 - [MESSAGE][PASSED] - Object 'Object Repository/Admin/Verificacion/button_Subir_3' is visible

2021-10-20 16:29:54 - [TEST_STEP][PASSED] - enhancedClick(findTestObject("Admin/Verificacion/button_Subir_3")): Object: 'Object Repository/Admin/Verificacion/button_Subir_3' is clicked on

2021-10-20 16:29:55 - [MESSAGE][PASSED] - Object: 'Object Repository/Admin/Verificacion/button_Subir_3' is clicked on

2021-10-20 16:29:55 - [TEST_STEP][PASSED] - uploadFile(findTestObject("Admin/Verificacion/input_File"), "C:\Users\nicolas.aquino\Desktop\Trabajo\TomMeme.jpg"): File 'C:\Users\nicolas.aquino\Desktop\Trabajo\TomMeme.jpg' sent to object: 'Object Repository/Admin/Verificacion/input_File'

2021-10-20 16:29:55 - [MESSAGE][PASSED] - File 'C:\Users\nicolas.aquino\Desktop\Trabajo\TomMeme.jpg' sent to object: 'Object Repository/Admin/Verificacion/input_File'

2021-10-20 16:29:55 - [TEST_STEP][PASSED] - waitForElementClickable(findTestObject("Admin/Verificacion/button_ConfirmarSubidaImagen_3"), 0): Object 'Object Repository/Admin/Verificacion/button_ConfirmarSubidaImagen_3' is clickable

2021-10-20 16:29:55 - [MESSAGE][WARNING] - Timeout '0' is invalid. Using default page load timeout: '30'

2021-10-20 16:29:56 - [MESSAGE][PASSED] - Object 'Object Repository/Admin/Verificacion/button_ConfirmarSubidaImagen_3' is clickable

2021-10-20 16:29:56 - [TEST_STEP][PASSED] - enhancedClick(findTestObject("Admin/Verificacion/button_ConfirmarSubidaImagen_3")): Object: 'Object Repository/Admin/Verificacion/button_ConfirmarSubidaImagen_3' is clicked on

2021-10-20 16:29:56 - [MESSAGE][PASSED] - Object: 'Object Repository/Admin/Verificacion/button_ConfirmarSubidaImagen_3' is clicked on

2021-10-20 16:29:56 - [TEST_STEP][PASSED] - check(findTestObject("Admin/Verificacion/input_ConfirmarImagen_3")): Object 'Object Repository/Admin/Verificacion/input_ConfirmarImagen_3' is checked

2021-10-20 16:29:58 - [MESSAGE][PASSED] - Object 'Object Repository/Admin/Verificacion/input_ConfirmarImagen_3' is checked

2021-10-20 16:29:58 - [TEST_STEP][PASSED] - setText(findTestObject("Admin/Verificacion/input_NumeroSerieCI"), "123456"): Text '123456' is set on object 'Object Repository/Admin/Verificacion/input_NumeroSerieCI'

2021-10-20 16:29:59 - [MESSAGE][PASSED] - Text '123456' is set on object 'Object Repository/Admin/Verificacion/input_NumeroSerieCI'

2021-10-20 16:29:59 - [TEST_STEP][PASSED] - url = getUrl(): Current window's url is: 'https://dev-admin-int.paigo.uy/admin/iv?request=d22b0af2-4d22-4d86-9f77-fab1b6cc80b1&brand=UinUin&moment=ManualVerification&reason=VerificationNeeded'

2021-10-20 16:29:59 - [MESSAGE][PASSED] - Current window's url is: 'https://dev-admin-int.paigo.uy/admin/iv?request=d22b0af2-4d22-4d86-9f77-fab1b6cc80b1&brand=UinUin&moment=ManualVerification&reason=VerificationNeeded'

2021-10-20 16:29:59 - [TEST_STEP][PASSED] - enhancedClick(findTestObject("Admin/Verificacion/button_Obtener")): Object: 'Object Repository/Admin/Verificacion/button_Obtener' is clicked on

2021-10-20 16:29:59 - [MESSAGE][PASSED] - Object: 'Object Repository/Admin/Verificacion/button_Obtener' is clicked on

2021-10-20 16:29:59 - [TEST_STEP][PASSED] - delay(5, STOP_ON_FAILURE): Delayed 5 second(s)

2021-10-20 16:30:04 - [MESSAGE][PASSED] - Delayed 5 second(s)

2021-10-20 16:30:04 - [TEST_STEP][PASSED] - switchToWindowUrl(url): Switched to window with url: 'https://dev-admin-int.paigo.uy/admin/iv?request=d22b0af2-4d22-4d86-9f77-fab1b6cc80b1&brand=UinUin&moment=ManualVerification&reason=VerificationNeeded'

2021-10-20 16:30:04 - [MESSAGE][PASSED] - Switched to window with url: 'https://dev-admin-int.paigo.uy/admin/iv?request=d22b0af2-4d22-4d86-9f77-fab1b6cc80b1&brand=UinUin&moment=ManualVerification&reason=VerificationNeeded'

2021-10-20 16:30:04 - [TEST_STEP][PASSED] - sendKeys(findTestObject("Admin/Verificacion/button_Obtener"), Keys.chord(TAB, "14021970")): Keys 'TAB + 14021970' sent to object: 'Object Repository/Admin/Verificacion/button_Obtener'

2021-10-20 16:30:05 - [MESSAGE][PASSED] - Keys 'TAB + 14021970' sent to object: 'Object Repository/Admin/Verificacion/button_Obtener'

2021-10-20 16:30:05 - [TEST_STEP][PASSED] - sendKeys(findTestObject("Admin/Verificacion/input_FechaNacimiento"), Keys.chord(TAB, "14022002")): Keys 'TAB + 14022002' sent to object: 'Object Repository/Admin/Verificacion/input_FechaNacimiento'

2021-10-20 16:30:05 - [MESSAGE][PASSED] - Keys 'TAB + 14022002' sent to object: 'Object Repository/Admin/Verificacion/input_FechaNacimiento'

2021-10-20 16:30:05 - [TEST_STEP][PASSED] - sendKeys(findTestObject("Admin/Verificacion/input_FechaEmisionCI"), Keys.chord(TAB, "14022040")): Keys 'TAB + 14022040' sent to object: 'Object Repository/Admin/Verificacion/input_FechaEmisionCI'

2021-10-20 16:30:05 - [MESSAGE][PASSED] - Keys 'TAB + 14022040' sent to object: 'Object Repository/Admin/Verificacion/input_FechaEmisionCI'

2021-10-20 16:30:05 - [TEST_STEP][PASSED] - enhancedClick(findTestObject("Admin/Verificacion/button_ConfirmarIdentidad")): Object: 'Object Repository/Admin/Verificacion/button_ConfirmarIdentidad' is clicked on

2021-10-20 16:30:06 - [MESSAGE][PASSED] - Object: 'Object Repository/Admin/Verificacion/button_ConfirmarIdentidad' is clicked on

2021-10-20 16:30:06 - [TEST_STEP][PASSED] - waitForElementVisible(findTestObject("Admin/Verificacion/button_Confirmar"), 0): Object 'Object Repository/Admin/Verificacion/button_Confirmar' is visible

2021-10-20 16:30:06 - [MESSAGE][WARNING] - Timeout '0' is invalid. Using default page load timeout: '30'

2021-10-20 16:30:07 - [MESSAGE][PASSED] - Object 'Object Repository/Admin/Verificacion/button_Confirmar' is visible

2021-10-20 16:30:07 - [TEST_STEP][PASSED] - enhancedClick(findTestObject("Admin/Verificacion/button_Confirmar")): Object: 'Object Repository/Admin/Verificacion/button_Confirmar' is clicked on

2021-10-20 16:30:07 - [MESSAGE][PASSED] - Object: 'Object Repository/Admin/Verificacion/button_Confirmar' is clicked on

2021-10-20 16:30:07 - [TEST_STEP][PASSED] - delay(3): Delayed 3 second(s)

2021-10-20 16:30:10 - [MESSAGE][PASSED] - Delayed 3 second(s)

2021-10-20 16:30:10 - [TEST_STEP][PASSED] - verifyTextPresent("VERIFICACIÓN COMPLETADA", false): Text 'VERIFICACIÓN COMPLETADA' is present on page 

2021-10-20 16:30:10 - [MESSAGE][PASSED] - Text 'VERIFICACIÓN COMPLETADA' is present on page]]></system-out>
         <system-err><![CDATA[]]></system-err>
      </testcase>
      <testcase name="Test Cases/Admin/UinUin/Desembolso" time="32.605" classname="Test Cases/Admin/UinUin/Desembolso" status="PASSED">
         <system-out><![CDATA[2021-10-20 16:30:10 - [TEST_CASE][PASSED] - Test Cases/Admin/UinUin/Desembolso: Test Cases/Admin/UinUin/Desembolso

2021-10-20 16:30:10 - [TEST_STEP][PASSED] - waitForElementVisible(findTestObject("Admin/Desembolso/p_DESEMBOLSO"), 0): Object 'Object Repository/Admin/Desembolso/p_DESEMBOLSO' is visible

2021-10-20 16:30:11 - [MESSAGE][WARNING] - Timeout '0' is invalid. Using default page load timeout: '30'

2021-10-20 16:30:11 - [MESSAGE][PASSED] - Object 'Object Repository/Admin/Desembolso/p_DESEMBOLSO' is visible

2021-10-20 16:30:11 - [TEST_STEP][PASSED] - enhancedClick(findTestObject("Admin/Desembolso/p_DESEMBOLSO")): Object: 'Object Repository/Admin/Desembolso/p_DESEMBOLSO' is clicked on

2021-10-20 16:30:11 - [MESSAGE][PASSED] - Object: 'Object Repository/Admin/Desembolso/p_DESEMBOLSO' is clicked on

2021-10-20 16:30:11 - [TEST_STEP][PASSED] - selectOptionByLabel(findTestObject("Admin/Desembolso/select_Marca"), Marca_UU, false): All options with label 'UinUin' are selected in object 'Object Repository/Admin/Desembolso/select_Marca' 

2021-10-20 16:30:12 - [MESSAGE][PASSED] - All options with label 'UinUin' are selected in object 'Object Repository/Admin/Desembolso/select_Marca' 

2021-10-20 16:30:12 - [TEST_STEP][PASSED] - enhancedClick(findTestObject("Admin/Desembolso/button_Obtener")): Object: 'Object Repository/Admin/Desembolso/button_Obtener' is clicked on

2021-10-20 16:30:13 - [MESSAGE][PASSED] - Object: 'Object Repository/Admin/Desembolso/button_Obtener' is clicked on

2021-10-20 16:30:13 - [TEST_STEP][PASSED] - waitForElementVisible(findTestObject("Admin/Desembolso/input_FiltrarCI"), 0): Object 'Object Repository/Admin/Desembolso/input_FiltrarCI' is visible

2021-10-20 16:30:13 - [MESSAGE][WARNING] - Timeout '0' is invalid. Using default page load timeout: '30'

2021-10-20 16:30:36 - [MESSAGE][PASSED] - Object 'Object Repository/Admin/Desembolso/input_FiltrarCI' is visible

2021-10-20 16:30:36 - [TEST_STEP][PASSED] - setText(findTestObject("Admin/Desembolso/input_FiltrarCI"), cedulaRandom): Text '29190872' is set on object 'Object Repository/Admin/Desembolso/input_FiltrarCI'

2021-10-20 16:30:37 - [MESSAGE][PASSED] - Text '29190872' is set on object 'Object Repository/Admin/Desembolso/input_FiltrarCI'

2021-10-20 16:30:37 - [TEST_STEP][PASSED] - enhancedClick(findTestObject("Admin/Desembolso/button_Desembolsar")): Object: 'Object Repository/Admin/Desembolso/button_Desembolsar' is clicked on

2021-10-20 16:30:38 - [MESSAGE][PASSED] - Object: 'Object Repository/Admin/Desembolso/button_Desembolsar' is clicked on

2021-10-20 16:30:38 - [TEST_STEP][PASSED] - sendKeys(findTestObject(null), Keys.chord(TAB, TAB, ARROW_DOWN)): Keys 'TAB + TAB + DOWN + ' sent to object: 'tempBody'

2021-10-20 16:30:38 - [MESSAGE][WARNING] - Test object id is null

2021-10-20 16:30:38 - [MESSAGE][WARNING] - Test object with id 'Object Repository/' does not exist

2021-10-20 16:30:38 - [MESSAGE][PASSED] - Keys 'TAB + TAB + DOWN + ' sent to object: 'tempBody'

2021-10-20 16:30:38 - [TEST_STEP][PASSED] - delay(1): Delayed 1 second(s)

2021-10-20 16:30:39 - [MESSAGE][PASSED] - Delayed 1 second(s)

2021-10-20 16:30:39 - [TEST_STEP][PASSED] - enhancedClick(findTestObject("Admin/Desembolso/button_AceptarDesembolso")): Object: 'Object Repository/Admin/Desembolso/button_AceptarDesembolso' is clicked on

2021-10-20 16:30:39 - [MESSAGE][PASSED] - Object: 'Object Repository/Admin/Desembolso/button_AceptarDesembolso' is clicked on

2021-10-20 16:30:39 - [TEST_STEP][PASSED] - delay(3): Delayed 3 second(s)

2021-10-20 16:30:43 - [MESSAGE][PASSED] - Delayed 3 second(s)

2021-10-20 16:30:43 - [TEST_STEP][PASSED] - verifyTextPresent("✓ Desembolso completado correctamente", false): Text '✓ Desembolso completado correctamente' is present on page 

2021-10-20 16:30:43 - [MESSAGE][PASSED] - Text '✓ Desembolso completado correctamente' is present on page]]></system-out>
         <system-err><![CDATA[]]></system-err>
      </testcase>
      <system-out><![CDATA[2021-10-20 16:27:41 - [TEST_SUITE][PASSED] - UinUin: Test Cases/Admin/UinUin/Desembolso]]></system-out>
      <system-err><![CDATA[]]></system-err>
   </testsuite>
</testsuites>
