<?xml version="1.0" encoding="UTF-8"?>
<testsuites name="Credisol" time="156.592" tests="6" failures="0" errors="0">
   <testsuite name="Credisol" tests="6" failures="0" errors="0" time="156.592" skipped="0" timestamp="2021-10-28 23:18:38" hostname="nicolas.aquino - ip-192-168-0-141.ec2.internal" id="Test Suites/Primera Venta/Credisol">
      <properties>
         <property name="deviceName" value=""/>
         <property name="devicePlatform" value=""/>
         <property name="logFolder" value="C:\\Users\\nicolas.aquino\\Katalon Studio\\Paigo\\Reports\\20211028_231829\\Primera Venta\\Credisol\\20211028_231829"/>
         <property name="logFiles" value="C:\\Users\\nicolas.aquino\\Katalon Studio\\Paigo\\Reports\\20211028_231829\\Primera Venta\\Credisol\\20211028_231829\\execution0.log"/>
         <property name="attachments" value="C:\Users\nicolas.aquino\Desktop\Trabajo\Screenshots Katalon\58918487\1_CedulaGenerada.jpg, C:\Users\nicolas.aquino\Desktop\Trabajo\Screenshots Katalon\58918487\2_FlujoCreditoUruguayo.jpg, C:\Users\nicolas.aquino\Desktop\Trabajo\Screenshots Katalon\58918487\3_Desembolso.jpg"/>
         <property name="hostName" value="nicolas.aquino - ip-192-168-0-141.ec2.internal"/>
         <property name="os" value="Windows 10 64bit"/>
         <property name="katalonVersion" value="8.1.0.208"/>
         <property name="browser" value="Chrome 94.0.4606.81"/>
         <property name="hostAddress" value="192.168.0.141"/>
         <property name="sessionId" value="405d5663a9506aa494e6d9cd3c5e2f19"/>
         <property name="seleniumVersion" value="3.141.59"/>
         <property name="proxyInformation" value="ProxyInformation { proxyOption=NO_PROXY, proxyServerType=HTTP, username=, password=********, proxyServerAddress=, proxyServerPort=0, executionList=&quot;&quot;, isApplyToDesiredCapabilities=true }"/>
         <property name="platform" value="Windows 10"/>
      </properties>
      <testcase name="Test Cases/General/Generar Cedula Random" time="10.592" classname="Test Cases/General/Generar Cedula Random" status="PASSED">
         <system-out><![CDATA[2021-10-28 23:18:38 - [TEST_CASE][PASSED] - Test Cases/General/Generar Cedula Random: Test Cases/General/Generar Cedula Random

2021-10-28 23:18:38 - [TEST_STEP][PASSED] - openBrowser("https://picandocodigo.github.io/ci_js/"): Browser is opened with url: 'https://picandocodigo.github.io/ci_js/'

2021-10-28 23:18:39 - [MESSAGE][INFO] - Starting 'Chrome' driver

2021-10-28 23:18:39 - [MESSAGE][INFO] - Action delay is set to 0 milliseconds

2021-10-28 23:18:41 - [MESSAGE][PASSED] - Browser is opened with url: 'https://picandocodigo.github.io/ci_js/'

2021-10-28 23:18:41 - [TEST_STEP][PASSED] - maximizeWindow(): Current window maximized

2021-10-28 23:18:42 - [MESSAGE][PASSED] - Current window maximized

2021-10-28 23:18:42 - [TEST_STEP][PASSED] - click(findTestObject("Generador de cedulas/botonGenerar")): Object: 'Object Repository/Generador de cedulas/botonGenerar' is clicked on

2021-10-28 23:18:42 - [MESSAGE][PASSED] - Object: 'Object Repository/Generador de cedulas/botonGenerar' is clicked on

2021-10-28 23:18:42 - [TEST_STEP][PASSED] - cedulaRandom = getAttribute(findTestObject("Generador de cedulas/obtenerCedulaRandom"), "value"): Attribute 'value' of object 'Object Repository/Generador de cedulas/obtenerCedulaRandom' is: '77754274'

2021-10-28 23:18:43 - [MESSAGE][PASSED] - Attribute 'value' of object 'Object Repository/Generador de cedulas/obtenerCedulaRandom' is: '77754274'

2021-10-28 23:18:44 - [TEST_STEP][PASSED] - while (cedulaRandom >= "60000000"): Attribute 'value' of object 'Object Repository/Generador de cedulas/obtenerCedulaRandom' is: '58918487'

2021-10-28 23:18:44 - [TEST_STEP][PASSED] - click(findTestObject("Generador de cedulas/botonGenerar")): Object: 'Object Repository/Generador de cedulas/botonGenerar' is clicked on

2021-10-28 23:18:44 - [MESSAGE][PASSED] - Object: 'Object Repository/Generador de cedulas/botonGenerar' is clicked on

2021-10-28 23:18:44 - [TEST_STEP][PASSED] - cedulaRandom = getAttribute(findTestObject("Generador de cedulas/obtenerCedulaRandom"), "value"): Attribute 'value' of object 'Object Repository/Generador de cedulas/obtenerCedulaRandom' is: '95651246'

2021-10-28 23:18:45 - [MESSAGE][PASSED] - Attribute 'value' of object 'Object Repository/Generador de cedulas/obtenerCedulaRandom' is: '95651246'

2021-10-28 23:18:45 - [TEST_STEP][PASSED] - click(findTestObject("Generador de cedulas/botonGenerar")): Object: 'Object Repository/Generador de cedulas/botonGenerar' is clicked on

2021-10-28 23:18:45 - [MESSAGE][PASSED] - Object: 'Object Repository/Generador de cedulas/botonGenerar' is clicked on

2021-10-28 23:18:45 - [TEST_STEP][PASSED] - cedulaRandom = getAttribute(findTestObject("Generador de cedulas/obtenerCedulaRandom"), "value"): Attribute 'value' of object 'Object Repository/Generador de cedulas/obtenerCedulaRandom' is: '62283856'

2021-10-28 23:18:46 - [MESSAGE][PASSED] - Attribute 'value' of object 'Object Repository/Generador de cedulas/obtenerCedulaRandom' is: '62283856'

2021-10-28 23:18:46 - [TEST_STEP][PASSED] - click(findTestObject("Generador de cedulas/botonGenerar")): Object: 'Object Repository/Generador de cedulas/botonGenerar' is clicked on

2021-10-28 23:18:46 - [MESSAGE][PASSED] - Object: 'Object Repository/Generador de cedulas/botonGenerar' is clicked on

2021-10-28 23:18:46 - [TEST_STEP][PASSED] - cedulaRandom = getAttribute(findTestObject("Generador de cedulas/obtenerCedulaRandom"), "value"): Attribute 'value' of object 'Object Repository/Generador de cedulas/obtenerCedulaRandom' is: '65090282'

2021-10-28 23:18:47 - [MESSAGE][PASSED] - Attribute 'value' of object 'Object Repository/Generador de cedulas/obtenerCedulaRandom' is: '65090282'

2021-10-28 23:18:47 - [TEST_STEP][PASSED] - click(findTestObject("Generador de cedulas/botonGenerar")): Object: 'Object Repository/Generador de cedulas/botonGenerar' is clicked on

2021-10-28 23:18:47 - [MESSAGE][PASSED] - Object: 'Object Repository/Generador de cedulas/botonGenerar' is clicked on

2021-10-28 23:18:47 - [TEST_STEP][PASSED] - cedulaRandom = getAttribute(findTestObject("Generador de cedulas/obtenerCedulaRandom"), "value"): Attribute 'value' of object 'Object Repository/Generador de cedulas/obtenerCedulaRandom' is: '58918487'

2021-10-28 23:18:48 - [MESSAGE][PASSED] - Attribute 'value' of object 'Object Repository/Generador de cedulas/obtenerCedulaRandom' is: '58918487'

2021-10-28 23:18:48 - [TEST_STEP][PASSED] - takeScreenshot(C:\Users\nicolas.aquino\Desktop\Trabajo\Screenshots Katalon\$GlobalVariable.cedulaRandom\1_CedulaGenerada.jpg): Taking screenshot successfully

2021-10-28 23:18:49 - [MESSAGE][PASSED] - Taking screenshot successfully
[[ATTACHMENT|C:\Users\nicolas.aquino\Desktop\Trabajo\Screenshots Katalon\58918487\1_CedulaGenerada.jpg]]]]></system-out>
         <system-err><![CDATA[]]></system-err>
      </testcase>
      <testcase name="Test Cases/Credisol/CS - Flujo Web" time="70.471" classname="Test Cases/Credisol/CS - Flujo Web" status="PASSED">
         <system-out><![CDATA[2021-10-28 23:18:49 - [TEST_CASE][PASSED] - Test Cases/Credisol/CS - Flujo Web: Test Cases/Credisol/CS - Flujo Web

2021-10-28 23:18:50 - [TEST_STEP][PASSED] - currentPage = getUrl(): Current window's url is: 'https://picandocodigo.github.io/ci_js/'

2021-10-28 23:18:50 - [MESSAGE][PASSED] - Current window's url is: 'https://picandocodigo.github.io/ci_js/'

2021-10-28 23:18:50 - [TEST_STEP][PASSED] - currentTab = getWindowIndex(): Current window's index is: 0

2021-10-28 23:18:50 - [MESSAGE][PASSED] - Current window's index is: 0

2021-10-28 23:18:50 - [TEST_STEP][PASSED] - driver = getWebDriver(): null

2021-10-28 23:18:50 - [TEST_STEP][PASSED] - js = driver: null

2021-10-28 23:18:50 - [TEST_STEP][PASSED] - js.executeScript("window.open();"): null

2021-10-28 23:18:50 - [TEST_STEP][PASSED] - switchToWindowIndex(currentTab + 1): Switched to window with index: '1'

2021-10-28 23:18:50 - [MESSAGE][PASSED] - Switched to window with index: '1'

2021-10-28 23:18:50 - [TEST_STEP][PASSED] - navigateToUrl(Credisol): Navigate to 'https://stage-credisol.paigo.uy' successfully

2021-10-28 23:18:56 - [MESSAGE][PASSED] - Navigate to 'https://stage-credisol.paigo.uy' successfully

2021-10-28 23:18:57 - [TEST_STEP][PASSED] - waitForElementPresent(findTestObject("Credisol/Inicio/h3_InicioFlujo"), 0): Object 'Object Repository/Credisol/Inicio/h3_InicioFlujo' is present

2021-10-28 23:18:57 - [MESSAGE][WARNING] - Timeout '0' is invalid. Using default page load timeout: '30'

2021-10-28 23:18:57 - [MESSAGE][PASSED] - Object 'Object Repository/Credisol/Inicio/h3_InicioFlujo' is present

2021-10-28 23:18:57 - [TEST_STEP][PASSED] - enhancedClick(findTestObject("Credisol/Inicio/h3_InicioFlujo")): Object: 'Object Repository/Credisol/Inicio/h3_InicioFlujo' is clicked on

2021-10-28 23:18:58 - [MESSAGE][PASSED] - Object: 'Object Repository/Credisol/Inicio/h3_InicioFlujo' is clicked on

2021-10-28 23:18:58 - [TEST_STEP][PASSED] - waitForElementPresent(findTestObject("Credisol/Flujo 1/input_Cedula"), 0): Object 'Object Repository/Credisol/Flujo 1/input_Cedula' is present

2021-10-28 23:18:58 - [MESSAGE][WARNING] - Timeout '0' is invalid. Using default page load timeout: '30'

2021-10-28 23:18:58 - [MESSAGE][PASSED] - Object 'Object Repository/Credisol/Flujo 1/input_Cedula' is present

2021-10-28 23:18:58 - [TEST_STEP][PASSED] - setText(findTestObject("Credisol/Flujo 1/input_Cedula"), cedulaRandom): Text '58918487' is set on object 'Object Repository/Credisol/Flujo 1/input_Cedula'

2021-10-28 23:18:59 - [MESSAGE][PASSED] - Text '58918487' is set on object 'Object Repository/Credisol/Flujo 1/input_Cedula'

2021-10-28 23:18:59 - [TEST_STEP][PASSED] - setText(findTestObject("Credisol/Flujo 1/input_Celular"), findTestData("DatosUsuario").getValue(2, 3)): Text '94040738' is set on object 'Object Repository/Credisol/Flujo 1/input_Celular'

2021-10-28 23:19:00 - [MESSAGE][PASSED] - Text '94040738' is set on object 'Object Repository/Credisol/Flujo 1/input_Celular'

2021-10-28 23:19:00 - [TEST_STEP][PASSED] - enhancedClick(findTestObject("Credisol/Flujo 1/input_TyC-1")): Object: 'Object Repository/Credisol/Flujo 1/input_TyC-1' is clicked on

2021-10-28 23:19:01 - [MESSAGE][PASSED] - Object: 'Object Repository/Credisol/Flujo 1/input_TyC-1' is clicked on

2021-10-28 23:19:01 - [TEST_STEP][PASSED] - enhancedClick(findTestObject("Credisol/Flujo 1/div_Continuar-1")): Object: 'Object Repository/Credisol/Flujo 1/div_Continuar-1' is clicked on

2021-10-28 23:19:02 - [MESSAGE][PASSED] - Object: 'Object Repository/Credisol/Flujo 1/div_Continuar-1' is clicked on

2021-10-28 23:19:02 - [TEST_STEP][PASSED] - waitForElementPresent(findTestObject("Credisol/Flujo 2/input_Nombre"), 0): Object 'Object Repository/Credisol/Flujo 2/input_Nombre' is present

2021-10-28 23:19:02 - [MESSAGE][WARNING] - Timeout '0' is invalid. Using default page load timeout: '30'

2021-10-28 23:19:03 - [MESSAGE][PASSED] - Object 'Object Repository/Credisol/Flujo 2/input_Nombre' is present

2021-10-28 23:19:03 - [TEST_STEP][PASSED] - setText(findTestObject("Credisol/Flujo 2/input_Nombre"), findTestData("DatosUsuario").getValue(2, 7)): Text 'Nicolas' is set on object 'Object Repository/Credisol/Flujo 2/input_Nombre'

2021-10-28 23:19:04 - [MESSAGE][PASSED] - Text 'Nicolas' is set on object 'Object Repository/Credisol/Flujo 2/input_Nombre'

2021-10-28 23:19:04 - [TEST_STEP][PASSED] - setText(findTestObject("Credisol/Flujo 2/input_Apellido"), findTestData("DatosUsuario").getValue(2, 8)): Text 'Aquino' is set on object 'Object Repository/Credisol/Flujo 2/input_Apellido'

2021-10-28 23:19:05 - [MESSAGE][PASSED] - Text 'Aquino' is set on object 'Object Repository/Credisol/Flujo 2/input_Apellido'

2021-10-28 23:19:05 - [TEST_STEP][PASSED] - selectOptionByValue(findTestObject("Credisol/Flujo 2/select_Anio"), "1970", false): All options with value '1970' are selected in object 'Object Repository/Credisol/Flujo 2/select_Anio' 

2021-10-28 23:19:06 - [MESSAGE][PASSED] - All options with value '1970' are selected in object 'Object Repository/Credisol/Flujo 2/select_Anio' 

2021-10-28 23:19:06 - [TEST_STEP][PASSED] - selectOptionByValue(findTestObject("Credisol/Flujo 2/select_Mes"), "2", false): All options with value '2' are selected in object 'Object Repository/Credisol/Flujo 2/select_Mes' 

2021-10-28 23:19:07 - [MESSAGE][PASSED] - All options with value '2' are selected in object 'Object Repository/Credisol/Flujo 2/select_Mes' 

2021-10-28 23:19:07 - [TEST_STEP][PASSED] - selectOptionByValue(findTestObject("Credisol/Flujo 2/select_Dia"), "14", false): All options with value '14' are selected in object 'Object Repository/Credisol/Flujo 2/select_Dia' 

2021-10-28 23:19:07 - [MESSAGE][PASSED] - All options with value '14' are selected in object 'Object Repository/Credisol/Flujo 2/select_Dia' 

2021-10-28 23:19:07 - [TEST_STEP][PASSED] - delay(0.7): Delayed 0,7 second(s)

2021-10-28 23:19:08 - [MESSAGE][PASSED] - Delayed 0,7 second(s)

2021-10-28 23:19:08 - [TEST_STEP][PASSED] - setText(findTestObject("Credisol/Flujo 2/input_Email"), findTestData("DatosUsuario").getValue(2, 6)): Text 'nicolas.aquino@paigo.com.uyy' is set on object 'Object Repository/Credisol/Flujo 2/input_Email'

2021-10-28 23:19:09 - [MESSAGE][PASSED] - Text 'nicolas.aquino@paigo.com.uyy' is set on object 'Object Repository/Credisol/Flujo 2/input_Email'

2021-10-28 23:19:09 - [TEST_STEP][PASSED] - delay(0.7): Delayed 0,7 second(s)

2021-10-28 23:19:10 - [MESSAGE][PASSED] - Delayed 0,7 second(s)

2021-10-28 23:19:10 - [TEST_STEP][PASSED] - sendKeys(findTestObject("Credisol/Flujo 2/input_EmailInvalido"), Keys.chord(BACK_SPACE)): Keys 'BACK_SPACE + ' sent to object: 'Object Repository/Credisol/Flujo 2/input_EmailInvalido'

2021-10-28 23:19:11 - [MESSAGE][PASSED] - Keys 'BACK_SPACE + ' sent to object: 'Object Repository/Credisol/Flujo 2/input_EmailInvalido'

2021-10-28 23:19:11 - [TEST_STEP][PASSED] - selectOptionByValue(findTestObject("Credisol/Flujo 2/select_Departamento"), "Montevideo", false): All options with value 'Montevideo' are selected in object 'Object Repository/Credisol/Flujo 2/select_Departamento' 

2021-10-28 23:19:12 - [MESSAGE][PASSED] - All options with value 'Montevideo' are selected in object 'Object Repository/Credisol/Flujo 2/select_Departamento' 

2021-10-28 23:19:12 - [TEST_STEP][PASSED] - selectOptionByValue(findTestObject("Credisol/Flujo 2/select_Localidad"), "Pocitos", false): All options with value 'Pocitos' are selected in object 'Object Repository/Credisol/Flujo 2/select_Localidad' 

2021-10-28 23:19:13 - [MESSAGE][PASSED] - All options with value 'Pocitos' are selected in object 'Object Repository/Credisol/Flujo 2/select_Localidad' 

2021-10-28 23:19:13 - [TEST_STEP][PASSED] - setText(findTestObject("Credisol/Flujo 2/input_Ingresos"), "12000"): Text '12000' is set on object 'Object Repository/Credisol/Flujo 2/input_Ingresos'

2021-10-28 23:19:14 - [MESSAGE][PASSED] - Text '12000' is set on object 'Object Repository/Credisol/Flujo 2/input_Ingresos'

2021-10-28 23:19:14 - [TEST_STEP][PASSED] - selectOptionByValue(findTestObject("Credisol/Flujo 2/select_Genero"), "Male", false): All options with value 'Male' are selected in object 'Object Repository/Credisol/Flujo 2/select_Genero' 

2021-10-28 23:19:15 - [MESSAGE][PASSED] - All options with value 'Male' are selected in object 'Object Repository/Credisol/Flujo 2/select_Genero' 

2021-10-28 23:19:15 - [TEST_STEP][PASSED] - enhancedClick(findTestObject("Credisol/Flujo 2/div_Continuar-2")): Object: 'Object Repository/Credisol/Flujo 2/div_Continuar-2' is clicked on

2021-10-28 23:19:15 - [MESSAGE][PASSED] - Object: 'Object Repository/Credisol/Flujo 2/div_Continuar-2' is clicked on

2021-10-28 23:19:15 - [TEST_STEP][PASSED] - waitForElementPresent(findTestObject("Credisol/Flujo 3/select_Vencimiento"), 0): Object 'Object Repository/Credisol/Flujo 3/select_Vencimiento' is present

2021-10-28 23:19:15 - [MESSAGE][WARNING] - Timeout '0' is invalid. Using default page load timeout: '30'

2021-10-28 23:19:27 - [MESSAGE][PASSED] - Object 'Object Repository/Credisol/Flujo 3/select_Vencimiento' is present

2021-10-28 23:19:27 - [TEST_STEP][PASSED] - enhancedClick(findTestObject("Credisol/Flujo 3/select_Vencimiento"), STOP_ON_FAILURE): Object: 'Object Repository/Credisol/Flujo 3/select_Vencimiento' is clicked on

2021-10-28 23:19:27 - [MESSAGE][PASSED] - Object: 'Object Repository/Credisol/Flujo 3/select_Vencimiento' is clicked on

2021-10-28 23:19:27 - [TEST_STEP][PASSED] - sendKeys(findTestObject("Credisol/Flujo 3/select_Vencimiento"), Keys.chord(ARROW_DOWN, ENTER)): Keys 'DOWN + ENTER + ' sent to object: 'Object Repository/Credisol/Flujo 3/select_Vencimiento'

2021-10-28 23:19:28 - [MESSAGE][PASSED] - Keys 'DOWN + ENTER + ' sent to object: 'Object Repository/Credisol/Flujo 3/select_Vencimiento'

2021-10-28 23:19:28 - [TEST_STEP][PASSED] - delay(7, STOP_ON_FAILURE): Delayed 7 second(s)

2021-10-28 23:19:35 - [MESSAGE][PASSED] - Delayed 7 second(s)

2021-10-28 23:19:35 - [TEST_STEP][PASSED] - enhancedClick(findTestObject("Credisol/Flujo 3/select_Cuotas"), STOP_ON_FAILURE): Object: 'Object Repository/Credisol/Flujo 3/select_Cuotas' is clicked on

2021-10-28 23:19:37 - [MESSAGE][PASSED] - Object: 'Object Repository/Credisol/Flujo 3/select_Cuotas' is clicked on

2021-10-28 23:19:37 - [TEST_STEP][PASSED] - sendKeys(findTestObject("Credisol/Flujo 3/select_Cuotas"), Keys.chord(ARROW_DOWN, ENTER)): Keys 'DOWN + ENTER + ' sent to object: 'Object Repository/Credisol/Flujo 3/select_Cuotas'

2021-10-28 23:19:38 - [MESSAGE][PASSED] - Keys 'DOWN + ENTER + ' sent to object: 'Object Repository/Credisol/Flujo 3/select_Cuotas'

2021-10-28 23:19:38 - [TEST_STEP][PASSED] - selectOptionByValue(findTestObject("Credisol/Flujo 4/select_MetodoDesembolso"), "BankTransfer", false): All options with value 'BankTransfer' are selected in object 'Object Repository/Credisol/Flujo 4/select_MetodoDesembolso' 

2021-10-28 23:19:39 - [MESSAGE][PASSED] - All options with value 'BankTransfer' are selected in object 'Object Repository/Credisol/Flujo 4/select_MetodoDesembolso' 

2021-10-28 23:19:39 - [TEST_STEP][PASSED] - selectOptionByLabel(findTestObject("Credisol/Flujo 3/select_Banco"), "Itaú", false): All options with label 'Itaú' are selected in object 'Object Repository/Credisol/Flujo 3/select_Banco' 

2021-10-28 23:19:39 - [MESSAGE][PASSED] - All options with label 'Itaú' are selected in object 'Object Repository/Credisol/Flujo 3/select_Banco' 

2021-10-28 23:19:39 - [TEST_STEP][PASSED] - setText(findTestObject("Credisol/Flujo 3/input_Cuenta"), findTestData("DatosUsuario").getValue(2, 10)): Text '1234567' is set on object 'Object Repository/Credisol/Flujo 3/input_Cuenta'

2021-10-28 23:19:41 - [MESSAGE][PASSED] - Text '1234567' is set on object 'Object Repository/Credisol/Flujo 3/input_Cuenta'

2021-10-28 23:19:41 - [TEST_STEP][PASSED] - enhancedClick(findTestObject("Credisol/Flujo 3/div_Continuar-3")): Object: 'Object Repository/Credisol/Flujo 3/div_Continuar-3' is clicked on

2021-10-28 23:19:41 - [MESSAGE][PASSED] - Object: 'Object Repository/Credisol/Flujo 3/div_Continuar-3' is clicked on

2021-10-28 23:19:41 - [TEST_STEP][PASSED] - waitForElementPresent(findTestObject("Credisol/Flujo 4/input_Direccion"), 0): Object 'Object Repository/Credisol/Flujo 4/input_Direccion' is present

2021-10-28 23:19:41 - [MESSAGE][WARNING] - Timeout '0' is invalid. Using default page load timeout: '30'

2021-10-28 23:19:43 - [MESSAGE][PASSED] - Object 'Object Repository/Credisol/Flujo 4/input_Direccion' is present

2021-10-28 23:19:43 - [TEST_STEP][PASSED] - setText(findTestObject("Credisol/Flujo 4/input_Direccion"), findTestData("DatosUsuario").getValue(2, 9)): Text 'Calle falsa 123' is set on object 'Object Repository/Credisol/Flujo 4/input_Direccion'

2021-10-28 23:19:44 - [MESSAGE][PASSED] - Text 'Calle falsa 123' is set on object 'Object Repository/Credisol/Flujo 4/input_Direccion'

2021-10-28 23:19:44 - [TEST_STEP][PASSED] - enhancedClick(findTestObject("Credisol/Flujo 4/input_TyC-2")): Object: 'Object Repository/Credisol/Flujo 4/input_TyC-2' is clicked on

2021-10-28 23:19:44 - [MESSAGE][PASSED] - Object: 'Object Repository/Credisol/Flujo 4/input_TyC-2' is clicked on

2021-10-28 23:19:44 - [TEST_STEP][PASSED] - enhancedClick(findTestObject("Credisol/Flujo 4/div_Continuar-4")): Object: 'Object Repository/Credisol/Flujo 4/div_Continuar-4' is clicked on

2021-10-28 23:19:45 - [MESSAGE][PASSED] - Object: 'Object Repository/Credisol/Flujo 4/div_Continuar-4' is clicked on

2021-10-28 23:19:45 - [TEST_STEP][PASSED] - waitForElementPresent(findTestObject("Credisol/Flujo 5/div_QuieroQueMeLlamen"), 0): Object 'Object Repository/Credisol/Flujo 5/div_QuieroQueMeLlamen' is present

2021-10-28 23:19:45 - [MESSAGE][WARNING] - Timeout '0' is invalid. Using default page load timeout: '30'

2021-10-28 23:19:56 - [MESSAGE][PASSED] - Object 'Object Repository/Credisol/Flujo 5/div_QuieroQueMeLlamen' is present

2021-10-28 23:19:56 - [TEST_STEP][PASSED] - enhancedClick(findTestObject("Credisol/Flujo 5/div_QuieroQueMeLlamen")): Object: 'Object Repository/Credisol/Flujo 5/div_QuieroQueMeLlamen' is clicked on

2021-10-28 23:19:56 - [MESSAGE][PASSED] - Object: 'Object Repository/Credisol/Flujo 5/div_QuieroQueMeLlamen' is clicked on

2021-10-28 23:19:56 - [TEST_STEP][PASSED] - takeFullPageScreenshot(C:\Users\nicolas.aquino\Desktop\Trabajo\Screenshots Katalon\$GlobalVariable.cedulaRandom\2_FlujoCreditoUruguayo.jpg): Taking screenshot successfully

2021-10-28 23:19:57 - [MESSAGE][INFO] - 0 hidden object(s)

2021-10-28 23:19:58 - [MESSAGE][PASSED] - Taking screenshot successfully
[[ATTACHMENT|C:\Users\nicolas.aquino\Desktop\Trabajo\Screenshots Katalon\58918487\2_FlujoCreditoUruguayo.jpg]]

2021-10-28 23:19:58 - [TEST_STEP][PASSED] - waitForElementPresent(findTestObject("Credisol/Flujo 6/div_FINALIZAR"), 0): Object 'Object Repository/Credisol/Flujo 6/div_FINALIZAR' is present

2021-10-28 23:19:58 - [MESSAGE][WARNING] - Timeout '0' is invalid. Using default page load timeout: '30'

2021-10-28 23:19:59 - [MESSAGE][PASSED] - Object 'Object Repository/Credisol/Flujo 6/div_FINALIZAR' is present

2021-10-28 23:19:59 - [TEST_STEP][PASSED] - enhancedClick(findTestObject("Credisol/Flujo 6/div_FINALIZAR")): Object: 'Object Repository/Credisol/Flujo 6/div_FINALIZAR' is clicked on

2021-10-28 23:19:59 - [MESSAGE][PASSED] - Object: 'Object Repository/Credisol/Flujo 6/div_FINALIZAR' is clicked on]]></system-out>
         <system-err><![CDATA[]]></system-err>
      </testcase>
      <testcase name="Test Cases/Admin/Logueo" time="8.781" classname="Test Cases/Admin/Logueo" status="PASSED">
         <system-out><![CDATA[2021-10-28 23:19:59 - [TEST_CASE][PASSED] - Test Cases/Admin/Logueo: Test Cases/Admin/Logueo

2021-10-28 23:20:00 - [TEST_STEP][PASSED] - currentPage = getUrl(): Current window's url is: 'https://stage-credisol.paigo.uy/'

2021-10-28 23:20:02 - [MESSAGE][PASSED] - Current window's url is: 'https://stage-credisol.paigo.uy/'

2021-10-28 23:20:02 - [TEST_STEP][PASSED] - currentTab = getWindowIndex(): Current window's index is: 1

2021-10-28 23:20:02 - [MESSAGE][PASSED] - Current window's index is: 1

2021-10-28 23:20:02 - [TEST_STEP][PASSED] - driver = getWebDriver(): null

2021-10-28 23:20:02 - [TEST_STEP][PASSED] - js = driver: null

2021-10-28 23:20:02 - [TEST_STEP][PASSED] - js.executeScript("window.open();"): null

2021-10-28 23:20:02 - [TEST_STEP][PASSED] - switchToWindowIndex(currentTab + 1): Switched to window with index: '2'

2021-10-28 23:20:02 - [MESSAGE][PASSED] - Switched to window with index: '2'

2021-10-28 23:20:02 - [TEST_STEP][PASSED] - navigateToUrl(Admin): Navigate to 'https://stage-admin-int.paigo.uy/login' successfully

2021-10-28 23:20:05 - [MESSAGE][PASSED] - Navigate to 'https://stage-admin-int.paigo.uy/login' successfully

2021-10-28 23:20:05 - [TEST_STEP][PASSED] - maximizeWindow(): Current window maximized

2021-10-28 23:20:05 - [MESSAGE][PASSED] - Current window maximized

2021-10-28 23:20:05 - [TEST_STEP][PASSED] - setText(findTestObject("Admin/Logueo/input_Usuario"), findTestData("DatosUsuario").getValue(2, 1)): Text 'gabriel.gayol@paigo.com.uy' is set on object 'Object Repository/Admin/Logueo/input_Usuario'

2021-10-28 23:20:06 - [MESSAGE][PASSED] - Text 'gabriel.gayol@paigo.com.uy' is set on object 'Object Repository/Admin/Logueo/input_Usuario'

2021-10-28 23:20:06 - [TEST_STEP][PASSED] - setText(findTestObject("Admin/Logueo/input_Contrasena"), findTestData("DatosUsuario").getValue(2, 2)): Text '12345678' is set on object 'Object Repository/Admin/Logueo/input_Contrasena'

2021-10-28 23:20:07 - [MESSAGE][PASSED] - Text '12345678' is set on object 'Object Repository/Admin/Logueo/input_Contrasena'

2021-10-28 23:20:07 - [TEST_STEP][PASSED] - enhancedClick(findTestObject("Admin/Logueo/button_Ingresar")): Object: 'Object Repository/Admin/Logueo/button_Ingresar' is clicked on

2021-10-28 23:20:08 - [MESSAGE][PASSED] - Object: 'Object Repository/Admin/Logueo/button_Ingresar' is clicked on]]></system-out>
         <system-err><![CDATA[]]></system-err>
      </testcase>
      <testcase name="Test Cases/Admin/Credisol/Activación Cuenta" time="9.533" classname="Test Cases/Admin/Credisol/Activación Cuenta" status="PASSED">
         <system-out><![CDATA[2021-10-28 23:20:08 - [TEST_CASE][PASSED] - Test Cases/Admin/Credisol/Activación Cuenta: Test Cases/Admin/Credisol/Activación Cuenta

2021-10-28 23:20:09 - [TEST_STEP][PASSED] - waitForElementPresent(findTestObject("Admin/Activación Cuenta/p_BUSCAR CLIENTES"), 0): Object 'Object Repository/Admin/Activación Cuenta/p_BUSCAR CLIENTES' is present

2021-10-28 23:20:09 - [MESSAGE][WARNING] - Timeout '0' is invalid. Using default page load timeout: '30'

2021-10-28 23:20:10 - [MESSAGE][PASSED] - Object 'Object Repository/Admin/Activación Cuenta/p_BUSCAR CLIENTES' is present

2021-10-28 23:20:10 - [TEST_STEP][PASSED] - enhancedClick(findTestObject("Admin/Activación Cuenta/p_BUSCAR CLIENTES")): Object: 'Object Repository/Admin/Activación Cuenta/p_BUSCAR CLIENTES' is clicked on

2021-10-28 23:20:11 - [MESSAGE][PASSED] - Object: 'Object Repository/Admin/Activación Cuenta/p_BUSCAR CLIENTES' is clicked on

2021-10-28 23:20:11 - [TEST_STEP][PASSED] - waitForElementPresent(findTestObject("Admin/Activación Cuenta/input_Cedula"), 0): Object 'Object Repository/Admin/Activación Cuenta/input_Cedula' is present

2021-10-28 23:20:11 - [MESSAGE][WARNING] - Timeout '0' is invalid. Using default page load timeout: '30'

2021-10-28 23:20:11 - [MESSAGE][PASSED] - Object 'Object Repository/Admin/Activación Cuenta/input_Cedula' is present

2021-10-28 23:20:11 - [TEST_STEP][PASSED] - setText(findTestObject("Admin/Activación Cuenta/input_Cedula"), cedulaRandom): Text '58918487' is set on object 'Object Repository/Admin/Activación Cuenta/input_Cedula'

2021-10-28 23:20:12 - [MESSAGE][PASSED] - Text '58918487' is set on object 'Object Repository/Admin/Activación Cuenta/input_Cedula'

2021-10-28 23:20:12 - [TEST_STEP][PASSED] - selectOptionByLabel(findTestObject("Admin/Activación Cuenta/select_SeleccionarMarca"), Marca_CS, false): All options with label 'Credisol' are selected in object 'Object Repository/Admin/Activación Cuenta/select_SeleccionarMarca' 

2021-10-28 23:20:13 - [MESSAGE][PASSED] - All options with label 'Credisol' are selected in object 'Object Repository/Admin/Activación Cuenta/select_SeleccionarMarca' 

2021-10-28 23:20:13 - [TEST_STEP][PASSED] - enhancedClick(findTestObject("Admin/Activación Cuenta/button_Obtener")): Object: 'Object Repository/Admin/Activación Cuenta/button_Obtener' is clicked on

2021-10-28 23:20:13 - [MESSAGE][PASSED] - Object: 'Object Repository/Admin/Activación Cuenta/button_Obtener' is clicked on

2021-10-28 23:20:13 - [TEST_STEP][PASSED] - waitForElementPresent(findTestObject("Admin/Activación Cuenta/button_Guardar"), 0): Object 'Object Repository/Admin/Activación Cuenta/button_Guardar' is present

2021-10-28 23:20:13 - [MESSAGE][WARNING] - Timeout '0' is invalid. Using default page load timeout: '30'

2021-10-28 23:20:15 - [MESSAGE][PASSED] - Object 'Object Repository/Admin/Activación Cuenta/button_Guardar' is present

2021-10-28 23:20:15 - [TEST_STEP][PASSED] - sendKeys(findTestObject("Admin/Activación Cuenta/input_IngresosReferencia"), Keys.chord(TAB, TAB, TAB, SPACE)): Keys 'TAB + TAB + TAB + SPACE + ' sent to object: 'Object Repository/Admin/Activación Cuenta/input_IngresosReferencia'

2021-10-28 23:20:15 - [MESSAGE][PASSED] - Keys 'TAB + TAB + TAB + SPACE + ' sent to object: 'Object Repository/Admin/Activación Cuenta/input_IngresosReferencia'

2021-10-28 23:20:15 - [TEST_STEP][PASSED] - enhancedClick(findTestObject("Admin/Activación Cuenta/button_Guardar")): Object: 'Object Repository/Admin/Activación Cuenta/button_Guardar' is clicked on

2021-10-28 23:20:16 - [MESSAGE][PASSED] - Object: 'Object Repository/Admin/Activación Cuenta/button_Guardar' is clicked on

2021-10-28 23:20:16 - [TEST_STEP][PASSED] - verifyElementVisible(findTestObject("Admin/Activación Cuenta/p_ValidacionGuardado")): Object 'Object Repository/Admin/Activación Cuenta/p_ValidacionGuardado' is visible

2021-10-28 23:20:17 - [MESSAGE][PASSED] - Object 'Object Repository/Admin/Activación Cuenta/p_ValidacionGuardado' is visible]]></system-out>
         <system-err><![CDATA[]]></system-err>
      </testcase>
      <testcase name="Test Cases/Admin/Credisol/Verificación" time="42.822" classname="Test Cases/Admin/Credisol/Verificación" status="PASSED">
         <system-out><![CDATA[2021-10-28 23:20:17 - [TEST_CASE][PASSED] - Test Cases/Admin/Credisol/Verificación: Test Cases/Admin/Credisol/Verificación

2021-10-28 23:20:19 - [TEST_STEP][PASSED] - waitForElementPresent(findTestObject("Admin/Verificacion/p_CreditosEnVerificacion"), 0): Object 'Object Repository/Admin/Verificacion/p_CreditosEnVerificacion' is present

2021-10-28 23:20:19 - [MESSAGE][WARNING] - Timeout '0' is invalid. Using default page load timeout: '30'

2021-10-28 23:20:19 - [MESSAGE][PASSED] - Object 'Object Repository/Admin/Verificacion/p_CreditosEnVerificacion' is present

2021-10-28 23:20:19 - [TEST_STEP][PASSED] - enhancedClick(findTestObject("Admin/Verificacion/p_CreditosEnVerificacion")): Object: 'Object Repository/Admin/Verificacion/p_CreditosEnVerificacion' is clicked on

2021-10-28 23:20:20 - [MESSAGE][PASSED] - Object: 'Object Repository/Admin/Verificacion/p_CreditosEnVerificacion' is clicked on

2021-10-28 23:20:20 - [TEST_STEP][PASSED] - waitForElementVisible(findTestObject("Admin/Verificacion/select_SeleccionarMarca"), 0): Object 'Object Repository/Admin/Verificacion/select_SeleccionarMarca' is visible

2021-10-28 23:20:20 - [MESSAGE][WARNING] - Timeout '0' is invalid. Using default page load timeout: '30'

2021-10-28 23:20:20 - [MESSAGE][PASSED] - Object 'Object Repository/Admin/Verificacion/select_SeleccionarMarca' is visible

2021-10-28 23:20:20 - [TEST_STEP][PASSED] - selectOptionByLabel(findTestObject("Admin/Verificacion/select_SeleccionarMarca"), Marca_CS, false): All options with label 'Credisol' are selected in object 'Object Repository/Admin/Verificacion/select_SeleccionarMarca' 

2021-10-28 23:20:21 - [MESSAGE][PASSED] - All options with label 'Credisol' are selected in object 'Object Repository/Admin/Verificacion/select_SeleccionarMarca' 

2021-10-28 23:20:21 - [TEST_STEP][PASSED] - enhancedClick(findTestObject("Admin/Verificacion/button_Obtener")): Object: 'Object Repository/Admin/Verificacion/button_Obtener' is clicked on

2021-10-28 23:20:22 - [MESSAGE][PASSED] - Object: 'Object Repository/Admin/Verificacion/button_Obtener' is clicked on

2021-10-28 23:20:22 - [TEST_STEP][PASSED] - waitForElementVisible(findTestObject("Admin/Verificacion/input_FiltrarCI"), 0): Object 'Object Repository/Admin/Verificacion/input_FiltrarCI' is visible

2021-10-28 23:20:22 - [MESSAGE][WARNING] - Timeout '0' is invalid. Using default page load timeout: '30'

2021-10-28 23:20:23 - [MESSAGE][PASSED] - Object 'Object Repository/Admin/Verificacion/input_FiltrarCI' is visible

2021-10-28 23:20:23 - [TEST_STEP][PASSED] - setText(findTestObject("Admin/Verificacion/input_FiltrarCI"), cedulaRandom): Text '58918487' is set on object 'Object Repository/Admin/Verificacion/input_FiltrarCI'

2021-10-28 23:20:24 - [MESSAGE][PASSED] - Text '58918487' is set on object 'Object Repository/Admin/Verificacion/input_FiltrarCI'

2021-10-28 23:20:24 - [TEST_STEP][PASSED] - enhancedClick(findTestObject("Admin/Verificacion/button_Retomar VI")): Object: 'Object Repository/Admin/Verificacion/button_Retomar VI' is clicked on

2021-10-28 23:20:26 - [MESSAGE][PASSED] - Object: 'Object Repository/Admin/Verificacion/button_Retomar VI' is clicked on

2021-10-28 23:20:26 - [TEST_STEP][PASSED] - waitForElementPresent(findTestObject("Admin/Verificacion/button_Subir_1"), 0): Object 'Object Repository/Admin/Verificacion/button_Subir_1' is present

2021-10-28 23:20:26 - [MESSAGE][WARNING] - Timeout '0' is invalid. Using default page load timeout: '30'

2021-10-28 23:20:34 - [MESSAGE][PASSED] - Object 'Object Repository/Admin/Verificacion/button_Subir_1' is present

2021-10-28 23:20:34 - [TEST_STEP][PASSED] - enhancedClick(findTestObject("Admin/Verificacion/button_Subir_1")): Object: 'Object Repository/Admin/Verificacion/button_Subir_1' is clicked on

2021-10-28 23:20:34 - [MESSAGE][PASSED] - Object: 'Object Repository/Admin/Verificacion/button_Subir_1' is clicked on

2021-10-28 23:20:34 - [TEST_STEP][PASSED] - uploadFile(findTestObject("Admin/Verificacion/input_File"), "C:\Users\nicolas.aquino\Desktop\Trabajo\TomMeme.jpg"): File 'C:\Users\nicolas.aquino\Desktop\Trabajo\TomMeme.jpg' sent to object: 'Object Repository/Admin/Verificacion/input_File'

2021-10-28 23:20:35 - [MESSAGE][PASSED] - File 'C:\Users\nicolas.aquino\Desktop\Trabajo\TomMeme.jpg' sent to object: 'Object Repository/Admin/Verificacion/input_File'

2021-10-28 23:20:35 - [TEST_STEP][PASSED] - waitForElementClickable(findTestObject("Admin/Verificacion/button_ConfirmarSubidaImagen_1"), 0): Object 'Object Repository/Admin/Verificacion/button_ConfirmarSubidaImagen_1' is clickable

2021-10-28 23:20:35 - [MESSAGE][WARNING] - Timeout '0' is invalid. Using default page load timeout: '30'

2021-10-28 23:20:36 - [MESSAGE][PASSED] - Object 'Object Repository/Admin/Verificacion/button_ConfirmarSubidaImagen_1' is clickable

2021-10-28 23:20:36 - [TEST_STEP][PASSED] - enhancedClick(findTestObject("Admin/Verificacion/button_ConfirmarSubidaImagen_1")): Object: 'Object Repository/Admin/Verificacion/button_ConfirmarSubidaImagen_1' is clicked on

2021-10-28 23:20:36 - [MESSAGE][PASSED] - Object: 'Object Repository/Admin/Verificacion/button_ConfirmarSubidaImagen_1' is clicked on

2021-10-28 23:20:36 - [TEST_STEP][PASSED] - check(findTestObject("Admin/Verificacion/input_ConfirmarImagen_1")): Object 'Object Repository/Admin/Verificacion/input_ConfirmarImagen_1' is checked

2021-10-28 23:20:38 - [MESSAGE][PASSED] - Object 'Object Repository/Admin/Verificacion/input_ConfirmarImagen_1' is checked

2021-10-28 23:20:38 - [TEST_STEP][PASSED] - waitForElementVisible(findTestObject("Admin/Verificacion/button_Subir_2"), 0): Object 'Object Repository/Admin/Verificacion/button_Subir_2' is visible

2021-10-28 23:20:38 - [MESSAGE][WARNING] - Timeout '0' is invalid. Using default page load timeout: '30'

2021-10-28 23:20:38 - [MESSAGE][PASSED] - Object 'Object Repository/Admin/Verificacion/button_Subir_2' is visible

2021-10-28 23:20:38 - [TEST_STEP][PASSED] - enhancedClick(findTestObject("Admin/Verificacion/button_Subir_2")): Object: 'Object Repository/Admin/Verificacion/button_Subir_2' is clicked on

2021-10-28 23:20:39 - [MESSAGE][PASSED] - Object: 'Object Repository/Admin/Verificacion/button_Subir_2' is clicked on

2021-10-28 23:20:39 - [TEST_STEP][PASSED] - uploadFile(findTestObject("Admin/Verificacion/input_File"), "C:\Users\nicolas.aquino\Desktop\Trabajo\TomMeme.jpg"): File 'C:\Users\nicolas.aquino\Desktop\Trabajo\TomMeme.jpg' sent to object: 'Object Repository/Admin/Verificacion/input_File'

2021-10-28 23:20:39 - [MESSAGE][PASSED] - File 'C:\Users\nicolas.aquino\Desktop\Trabajo\TomMeme.jpg' sent to object: 'Object Repository/Admin/Verificacion/input_File'

2021-10-28 23:20:39 - [TEST_STEP][PASSED] - waitForElementClickable(findTestObject("Admin/Verificacion/button_ConfirmarSubidaImagen_2"), 0): Object 'Object Repository/Admin/Verificacion/button_ConfirmarSubidaImagen_2' is clickable

2021-10-28 23:20:40 - [MESSAGE][WARNING] - Timeout '0' is invalid. Using default page load timeout: '30'

2021-10-28 23:20:40 - [MESSAGE][PASSED] - Object 'Object Repository/Admin/Verificacion/button_ConfirmarSubidaImagen_2' is clickable

2021-10-28 23:20:40 - [TEST_STEP][PASSED] - enhancedClick(findTestObject("Admin/Verificacion/button_ConfirmarSubidaImagen_2")): Object: 'Object Repository/Admin/Verificacion/button_ConfirmarSubidaImagen_2' is clicked on

2021-10-28 23:20:41 - [MESSAGE][PASSED] - Object: 'Object Repository/Admin/Verificacion/button_ConfirmarSubidaImagen_2' is clicked on

2021-10-28 23:20:41 - [TEST_STEP][PASSED] - check(findTestObject("Admin/Verificacion/input_ConfirmarImagen_2")): Object 'Object Repository/Admin/Verificacion/input_ConfirmarImagen_2' is checked

2021-10-28 23:20:42 - [MESSAGE][PASSED] - Object 'Object Repository/Admin/Verificacion/input_ConfirmarImagen_2' is checked

2021-10-28 23:20:42 - [TEST_STEP][PASSED] - waitForElementVisible(findTestObject("Admin/Verificacion/button_Subir_3"), 0): Object 'Object Repository/Admin/Verificacion/button_Subir_3' is visible

2021-10-28 23:20:42 - [MESSAGE][WARNING] - Timeout '0' is invalid. Using default page load timeout: '30'

2021-10-28 23:20:42 - [MESSAGE][PASSED] - Object 'Object Repository/Admin/Verificacion/button_Subir_3' is visible

2021-10-28 23:20:42 - [TEST_STEP][PASSED] - enhancedClick(findTestObject("Admin/Verificacion/button_Subir_3")): Object: 'Object Repository/Admin/Verificacion/button_Subir_3' is clicked on

2021-10-28 23:20:43 - [MESSAGE][PASSED] - Object: 'Object Repository/Admin/Verificacion/button_Subir_3' is clicked on

2021-10-28 23:20:43 - [TEST_STEP][PASSED] - uploadFile(findTestObject("Admin/Verificacion/input_File"), "C:\Users\nicolas.aquino\Desktop\Trabajo\TomMeme.jpg"): File 'C:\Users\nicolas.aquino\Desktop\Trabajo\TomMeme.jpg' sent to object: 'Object Repository/Admin/Verificacion/input_File'

2021-10-28 23:20:44 - [MESSAGE][PASSED] - File 'C:\Users\nicolas.aquino\Desktop\Trabajo\TomMeme.jpg' sent to object: 'Object Repository/Admin/Verificacion/input_File'

2021-10-28 23:20:44 - [TEST_STEP][PASSED] - waitForElementClickable(findTestObject("Admin/Verificacion/button_ConfirmarSubidaImagen_3"), 0): Object 'Object Repository/Admin/Verificacion/button_ConfirmarSubidaImagen_3' is clickable

2021-10-28 23:20:44 - [MESSAGE][WARNING] - Timeout '0' is invalid. Using default page load timeout: '30'

2021-10-28 23:20:44 - [MESSAGE][PASSED] - Object 'Object Repository/Admin/Verificacion/button_ConfirmarSubidaImagen_3' is clickable

2021-10-28 23:20:44 - [TEST_STEP][PASSED] - enhancedClick(findTestObject("Admin/Verificacion/button_ConfirmarSubidaImagen_3")): Object: 'Object Repository/Admin/Verificacion/button_ConfirmarSubidaImagen_3' is clicked on

2021-10-28 23:20:45 - [MESSAGE][PASSED] - Object: 'Object Repository/Admin/Verificacion/button_ConfirmarSubidaImagen_3' is clicked on

2021-10-28 23:20:45 - [TEST_STEP][PASSED] - check(findTestObject("Admin/Verificacion/input_ConfirmarImagen_3")): Object 'Object Repository/Admin/Verificacion/input_ConfirmarImagen_3' is checked

2021-10-28 23:20:46 - [MESSAGE][PASSED] - Object 'Object Repository/Admin/Verificacion/input_ConfirmarImagen_3' is checked

2021-10-28 23:20:46 - [TEST_STEP][PASSED] - setText(findTestObject("Admin/Verificacion/input_NumeroSerieCI"), "123456"): Text '123456' is set on object 'Object Repository/Admin/Verificacion/input_NumeroSerieCI'

2021-10-28 23:20:47 - [MESSAGE][PASSED] - Text '123456' is set on object 'Object Repository/Admin/Verificacion/input_NumeroSerieCI'

2021-10-28 23:20:47 - [TEST_STEP][PASSED] - url = getUrl(): Current window's url is: 'https://stage-admin-int.paigo.uy/admin/iv?request=91b45c15-cf5f-49a7-9cab-d1e51f72c341&brand=Credisol&moment=ManualVerification&reason=VerificationNeeded'

2021-10-28 23:20:47 - [MESSAGE][PASSED] - Current window's url is: 'https://stage-admin-int.paigo.uy/admin/iv?request=91b45c15-cf5f-49a7-9cab-d1e51f72c341&brand=Credisol&moment=ManualVerification&reason=VerificationNeeded'

2021-10-28 23:20:47 - [TEST_STEP][PASSED] - enhancedClick(findTestObject("Admin/Verificacion/button_Obtener")): Object: 'Object Repository/Admin/Verificacion/button_Obtener' is clicked on

2021-10-28 23:20:48 - [MESSAGE][PASSED] - Object: 'Object Repository/Admin/Verificacion/button_Obtener' is clicked on

2021-10-28 23:20:48 - [TEST_STEP][PASSED] - delay(5, STOP_ON_FAILURE): Delayed 5 second(s)

2021-10-28 23:20:53 - [MESSAGE][PASSED] - Delayed 5 second(s)

2021-10-28 23:20:53 - [TEST_STEP][PASSED] - switchToWindowUrl(url): Switched to window with url: 'https://stage-admin-int.paigo.uy/admin/iv?request=91b45c15-cf5f-49a7-9cab-d1e51f72c341&brand=Credisol&moment=ManualVerification&reason=VerificationNeeded'

2021-10-28 23:20:53 - [MESSAGE][PASSED] - Switched to window with url: 'https://stage-admin-int.paigo.uy/admin/iv?request=91b45c15-cf5f-49a7-9cab-d1e51f72c341&brand=Credisol&moment=ManualVerification&reason=VerificationNeeded'

2021-10-28 23:20:53 - [TEST_STEP][PASSED] - sendKeys(findTestObject("Admin/Verificacion/button_Obtener"), Keys.chord(TAB, "14021970")): Keys 'TAB + 14021970' sent to object: 'Object Repository/Admin/Verificacion/button_Obtener'

2021-10-28 23:20:54 - [MESSAGE][PASSED] - Keys 'TAB + 14021970' sent to object: 'Object Repository/Admin/Verificacion/button_Obtener'

2021-10-28 23:20:54 - [TEST_STEP][PASSED] - sendKeys(findTestObject("Admin/Verificacion/input_FechaNacimiento"), Keys.chord(TAB, "14022002")): Keys 'TAB + 14022002' sent to object: 'Object Repository/Admin/Verificacion/input_FechaNacimiento'

2021-10-28 23:20:54 - [MESSAGE][PASSED] - Keys 'TAB + 14022002' sent to object: 'Object Repository/Admin/Verificacion/input_FechaNacimiento'

2021-10-28 23:20:54 - [TEST_STEP][PASSED] - sendKeys(findTestObject("Admin/Verificacion/input_FechaEmisionCI"), Keys.chord(TAB, "14022040")): Keys 'TAB + 14022040' sent to object: 'Object Repository/Admin/Verificacion/input_FechaEmisionCI'

2021-10-28 23:20:55 - [MESSAGE][PASSED] - Keys 'TAB + 14022040' sent to object: 'Object Repository/Admin/Verificacion/input_FechaEmisionCI'

2021-10-28 23:20:55 - [TEST_STEP][PASSED] - enhancedClick(findTestObject("Admin/Verificacion/button_ConfirmarIdentidad")): Object: 'Object Repository/Admin/Verificacion/button_ConfirmarIdentidad' is clicked on

2021-10-28 23:20:56 - [MESSAGE][PASSED] - Object: 'Object Repository/Admin/Verificacion/button_ConfirmarIdentidad' is clicked on

2021-10-28 23:20:56 - [TEST_STEP][PASSED] - waitForElementVisible(findTestObject("Admin/Verificacion/button_Confirmar"), 0): Object 'Object Repository/Admin/Verificacion/button_Confirmar' is visible

2021-10-28 23:20:56 - [MESSAGE][WARNING] - Timeout '0' is invalid. Using default page load timeout: '30'

2021-10-28 23:20:56 - [MESSAGE][PASSED] - Object 'Object Repository/Admin/Verificacion/button_Confirmar' is visible

2021-10-28 23:20:56 - [TEST_STEP][PASSED] - enhancedClick(findTestObject("Admin/Verificacion/button_Confirmar")): Object: 'Object Repository/Admin/Verificacion/button_Confirmar' is clicked on

2021-10-28 23:20:57 - [MESSAGE][PASSED] - Object: 'Object Repository/Admin/Verificacion/button_Confirmar' is clicked on

2021-10-28 23:20:57 - [TEST_STEP][PASSED] - delay(3): Delayed 3 second(s)

2021-10-28 23:21:00 - [MESSAGE][PASSED] - Delayed 3 second(s)

2021-10-28 23:21:00 - [TEST_STEP][PASSED] - verifyTextPresent("VERIFICACIÓN COMPLETADA", false): Text 'VERIFICACIÓN COMPLETADA' is present on page 

2021-10-28 23:21:00 - [MESSAGE][PASSED] - Text 'VERIFICACIÓN COMPLETADA' is present on page]]></system-out>
         <system-err><![CDATA[]]></system-err>
      </testcase>
      <testcase name="Test Cases/Admin/Credisol/Desembolso" time="13.967" classname="Test Cases/Admin/Credisol/Desembolso" status="PASSED">
         <system-out><![CDATA[2021-10-28 23:21:00 - [TEST_CASE][PASSED] - Test Cases/Admin/Credisol/Desembolso: Test Cases/Admin/Credisol/Desembolso

2021-10-28 23:21:01 - [TEST_STEP][PASSED] - waitForElementPresent(findTestObject("Admin/Desembolso/p_DESEMBOLSO"), 0): Object 'Object Repository/Admin/Desembolso/p_DESEMBOLSO' is present

2021-10-28 23:21:01 - [MESSAGE][WARNING] - Timeout '0' is invalid. Using default page load timeout: '30'

2021-10-28 23:21:02 - [MESSAGE][PASSED] - Object 'Object Repository/Admin/Desembolso/p_DESEMBOLSO' is present

2021-10-28 23:21:02 - [TEST_STEP][PASSED] - enhancedClick(findTestObject("Admin/Desembolso/p_DESEMBOLSO")): Object: 'Object Repository/Admin/Desembolso/p_DESEMBOLSO' is clicked on

2021-10-28 23:21:02 - [MESSAGE][PASSED] - Object: 'Object Repository/Admin/Desembolso/p_DESEMBOLSO' is clicked on

2021-10-28 23:21:02 - [TEST_STEP][PASSED] - selectOptionByLabel(findTestObject("Admin/Desembolso/select_Marca"), Marca_CS, false): All options with label 'Credisol' are selected in object 'Object Repository/Admin/Desembolso/select_Marca' 

2021-10-28 23:21:03 - [MESSAGE][PASSED] - All options with label 'Credisol' are selected in object 'Object Repository/Admin/Desembolso/select_Marca' 

2021-10-28 23:21:03 - [TEST_STEP][PASSED] - enhancedClick(findTestObject("Admin/Desembolso/button_Obtener")): Object: 'Object Repository/Admin/Desembolso/button_Obtener' is clicked on

2021-10-28 23:21:04 - [MESSAGE][PASSED] - Object: 'Object Repository/Admin/Desembolso/button_Obtener' is clicked on

2021-10-28 23:21:04 - [TEST_STEP][PASSED] - waitForElementVisible(findTestObject("Admin/Desembolso/input_FiltrarCI"), 0): Object 'Object Repository/Admin/Desembolso/input_FiltrarCI' is visible

2021-10-28 23:21:04 - [MESSAGE][WARNING] - Timeout '0' is invalid. Using default page load timeout: '30'

2021-10-28 23:21:06 - [MESSAGE][PASSED] - Object 'Object Repository/Admin/Desembolso/input_FiltrarCI' is visible

2021-10-28 23:21:06 - [TEST_STEP][PASSED] - setText(findTestObject("Admin/Desembolso/input_FiltrarCI"), cedulaRandom): Text '58918487' is set on object 'Object Repository/Admin/Desembolso/input_FiltrarCI'

2021-10-28 23:21:07 - [MESSAGE][PASSED] - Text '58918487' is set on object 'Object Repository/Admin/Desembolso/input_FiltrarCI'

2021-10-28 23:21:07 - [TEST_STEP][PASSED] - enhancedClick(findTestObject("Admin/Desembolso/button_Desembolsar")): Object: 'Object Repository/Admin/Desembolso/button_Desembolsar' is clicked on

2021-10-28 23:21:07 - [MESSAGE][PASSED] - Object: 'Object Repository/Admin/Desembolso/button_Desembolsar' is clicked on

2021-10-28 23:21:07 - [TEST_STEP][PASSED] - sendKeys(findTestObject(null), Keys.chord(TAB, TAB, ARROW_DOWN)): Keys 'TAB + TAB + DOWN + ' sent to object: 'tempBody'

2021-10-28 23:21:07 - [MESSAGE][WARNING] - Test object id is null

2021-10-28 23:21:07 - [MESSAGE][WARNING] - Test object with id 'Object Repository/' does not exist

2021-10-28 23:21:08 - [MESSAGE][PASSED] - Keys 'TAB + TAB + DOWN + ' sent to object: 'tempBody'

2021-10-28 23:21:08 - [TEST_STEP][PASSED] - delay(1): Delayed 1 second(s)

2021-10-28 23:21:09 - [MESSAGE][PASSED] - Delayed 1 second(s)

2021-10-28 23:21:09 - [TEST_STEP][PASSED] - enhancedClick(findTestObject("Admin/Desembolso/button_AceptarDesembolso")): Object: 'Object Repository/Admin/Desembolso/button_AceptarDesembolso' is clicked on

2021-10-28 23:21:10 - [MESSAGE][PASSED] - Object: 'Object Repository/Admin/Desembolso/button_AceptarDesembolso' is clicked on

2021-10-28 23:21:10 - [TEST_STEP][PASSED] - delay(3): Delayed 3 second(s)

2021-10-28 23:21:13 - [MESSAGE][PASSED] - Delayed 3 second(s)

2021-10-28 23:21:13 - [TEST_STEP][PASSED] - verifyTextPresent("✓ Desembolso completado correctamente", false): Text '✓ Desembolso completado correctamente' is present on page 

2021-10-28 23:21:13 - [MESSAGE][PASSED] - Text '✓ Desembolso completado correctamente' is present on page 

2021-10-28 23:21:13 - [TEST_STEP][PASSED] - takeFullPageScreenshot(C:\Users\nicolas.aquino\Desktop\Trabajo\Screenshots Katalon\$GlobalVariable.cedulaRandom\3_Desembolso.jpg): Taking screenshot successfully

2021-10-28 23:21:14 - [MESSAGE][INFO] - 0 hidden object(s)

2021-10-28 23:21:14 - [MESSAGE][PASSED] - Taking screenshot successfully
[[ATTACHMENT|C:\Users\nicolas.aquino\Desktop\Trabajo\Screenshots Katalon\58918487\3_Desembolso.jpg]]]]></system-out>
         <system-err><![CDATA[]]></system-err>
      </testcase>
      <system-out><![CDATA[2021-10-28 23:18:38 - [TEST_SUITE][PASSED] - Credisol: Test Cases/Admin/Credisol/Desembolso]]></system-out>
      <system-err><![CDATA[]]></system-err>
   </testsuite>
</testsuites>
