<?xml version="1.0" encoding="UTF-8"?>
<testsuites name="UinUin" time="156.578" tests="6" failures="0" errors="0">
   <testsuite name="UinUin" tests="6" failures="0" errors="0" time="156.578" skipped="0" timestamp="2021-10-28 17:40:18" hostname="nicolas.aquino - ip-192-168-1-5.ec2.internal" id="Test Suites/Primera Venta/UinUin">
      <properties>
         <property name="deviceName" value=""/>
         <property name="devicePlatform" value=""/>
         <property name="logFolder" value="C:\\Users\\nicolas.aquino\\Katalon Studio\\Paigo\\Reports\\20211028_174011\\Primera Venta\\UinUin\\20211028_174011"/>
         <property name="logFiles" value="C:\\Users\\nicolas.aquino\\Katalon Studio\\Paigo\\Reports\\20211028_174011\\Primera Venta\\UinUin\\20211028_174011\\execution0.log"/>
         <property name="attachments" value="C:\Users\nicolas.aquino\Desktop\Trabajo\Screenshots Katalon\57446948\1_CedulaGenerada.jpg, C:\Users\nicolas.aquino\Desktop\Trabajo\Screenshots Katalon\57446948\2_FlujoUinUin.jpg, C:\Users\nicolas.aquino\Desktop\Trabajo\Screenshots Katalon\57446948\3_Desembolso.jpg"/>
         <property name="hostName" value="nicolas.aquino - ip-192-168-1-5.ec2.internal"/>
         <property name="os" value="Windows 10 64bit"/>
         <property name="katalonVersion" value="8.1.0.208"/>
         <property name="browser" value="Chrome 94.0.4606.81"/>
         <property name="hostAddress" value="192.168.1.5"/>
         <property name="sessionId" value="45a6f63a375a7bf9d465d5ab0b548904"/>
         <property name="seleniumVersion" value="3.141.59"/>
         <property name="proxyInformation" value="ProxyInformation { proxyOption=NO_PROXY, proxyServerType=HTTP, username=, password=********, proxyServerAddress=, proxyServerPort=0, executionList=&quot;&quot;, isApplyToDesiredCapabilities=true }"/>
         <property name="platform" value="Windows 10"/>
      </properties>
      <testcase name="Test Cases/General/Generar Cedula Random" time="7.636" classname="Test Cases/General/Generar Cedula Random" status="PASSED">
         <system-out><![CDATA[2021-10-28 17:40:18 - [TEST_CASE][PASSED] - Test Cases/General/Generar Cedula Random: Test Cases/General/Generar Cedula Random

2021-10-28 17:40:19 - [TEST_STEP][PASSED] - openBrowser("https://picandocodigo.github.io/ci_js/"): Browser is opened with url: 'https://picandocodigo.github.io/ci_js/'

2021-10-28 17:40:19 - [MESSAGE][INFO] - Starting 'Chrome' driver

2021-10-28 17:40:19 - [MESSAGE][INFO] - Action delay is set to 0 milliseconds

2021-10-28 17:40:22 - [MESSAGE][PASSED] - Browser is opened with url: 'https://picandocodigo.github.io/ci_js/'

2021-10-28 17:40:22 - [TEST_STEP][PASSED] - maximizeWindow(): Current window maximized

2021-10-28 17:40:22 - [MESSAGE][PASSED] - Current window maximized

2021-10-28 17:40:22 - [TEST_STEP][PASSED] - click(findTestObject("Generador de cedulas/botonGenerar")): Object: 'Object Repository/Generador de cedulas/botonGenerar' is clicked on

2021-10-28 17:40:23 - [MESSAGE][PASSED] - Object: 'Object Repository/Generador de cedulas/botonGenerar' is clicked on

2021-10-28 17:40:23 - [TEST_STEP][PASSED] - cedulaRandom = getAttribute(findTestObject("Generador de cedulas/obtenerCedulaRandom"), "value"): Attribute 'value' of object 'Object Repository/Generador de cedulas/obtenerCedulaRandom' is: '67615389'

2021-10-28 17:40:23 - [MESSAGE][PASSED] - Attribute 'value' of object 'Object Repository/Generador de cedulas/obtenerCedulaRandom' is: '67615389'

2021-10-28 17:40:23 - [TEST_STEP][PASSED] - while (cedulaRandom >= "60000000"): Attribute 'value' of object 'Object Repository/Generador de cedulas/obtenerCedulaRandom' is: '57446948'

2021-10-28 17:40:23 - [TEST_STEP][PASSED] - click(findTestObject("Generador de cedulas/botonGenerar")): Object: 'Object Repository/Generador de cedulas/botonGenerar' is clicked on

2021-10-28 17:40:24 - [MESSAGE][PASSED] - Object: 'Object Repository/Generador de cedulas/botonGenerar' is clicked on

2021-10-28 17:40:24 - [TEST_STEP][PASSED] - cedulaRandom = getAttribute(findTestObject("Generador de cedulas/obtenerCedulaRandom"), "value"): Attribute 'value' of object 'Object Repository/Generador de cedulas/obtenerCedulaRandom' is: '90883026'

2021-10-28 17:40:24 - [MESSAGE][PASSED] - Attribute 'value' of object 'Object Repository/Generador de cedulas/obtenerCedulaRandom' is: '90883026'

2021-10-28 17:40:24 - [TEST_STEP][PASSED] - click(findTestObject("Generador de cedulas/botonGenerar")): Object: 'Object Repository/Generador de cedulas/botonGenerar' is clicked on

2021-10-28 17:40:25 - [MESSAGE][PASSED] - Object: 'Object Repository/Generador de cedulas/botonGenerar' is clicked on

2021-10-28 17:40:25 - [TEST_STEP][PASSED] - cedulaRandom = getAttribute(findTestObject("Generador de cedulas/obtenerCedulaRandom"), "value"): Attribute 'value' of object 'Object Repository/Generador de cedulas/obtenerCedulaRandom' is: '89467342'

2021-10-28 17:40:25 - [MESSAGE][PASSED] - Attribute 'value' of object 'Object Repository/Generador de cedulas/obtenerCedulaRandom' is: '89467342'

2021-10-28 17:40:25 - [TEST_STEP][PASSED] - click(findTestObject("Generador de cedulas/botonGenerar")): Object: 'Object Repository/Generador de cedulas/botonGenerar' is clicked on

2021-10-28 17:40:25 - [MESSAGE][PASSED] - Object: 'Object Repository/Generador de cedulas/botonGenerar' is clicked on

2021-10-28 17:40:25 - [TEST_STEP][PASSED] - cedulaRandom = getAttribute(findTestObject("Generador de cedulas/obtenerCedulaRandom"), "value"): Attribute 'value' of object 'Object Repository/Generador de cedulas/obtenerCedulaRandom' is: '57446948'

2021-10-28 17:40:26 - [MESSAGE][PASSED] - Attribute 'value' of object 'Object Repository/Generador de cedulas/obtenerCedulaRandom' is: '57446948'

2021-10-28 17:40:26 - [TEST_STEP][PASSED] - takeScreenshot(C:\Users\nicolas.aquino\Desktop\Trabajo\Screenshots Katalon\$GlobalVariable.cedulaRandom\1_CedulaGenerada.jpg): Taking screenshot successfully

2021-10-28 17:40:26 - [MESSAGE][PASSED] - Taking screenshot successfully
[[ATTACHMENT|C:\Users\nicolas.aquino\Desktop\Trabajo\Screenshots Katalon\57446948\1_CedulaGenerada.jpg]]]]></system-out>
         <system-err><![CDATA[]]></system-err>
      </testcase>
      <testcase name="Test Cases/UinUin/UU - Flujo Web" time="66.553" classname="Test Cases/UinUin/UU - Flujo Web" status="PASSED">
         <system-out><![CDATA[2021-10-28 17:40:26 - [TEST_CASE][PASSED] - Test Cases/UinUin/UU - Flujo Web: Test Cases/UinUin/UU - Flujo Web

2021-10-28 17:40:27 - [TEST_STEP][PASSED] - currentPage = getUrl(): Current window's url is: 'https://picandocodigo.github.io/ci_js/'

2021-10-28 17:40:27 - [MESSAGE][PASSED] - Current window's url is: 'https://picandocodigo.github.io/ci_js/'

2021-10-28 17:40:27 - [TEST_STEP][PASSED] - currentTab = getWindowIndex(): Current window's index is: 0

2021-10-28 17:40:27 - [MESSAGE][PASSED] - Current window's index is: 0

2021-10-28 17:40:27 - [TEST_STEP][PASSED] - driver = getWebDriver(): null

2021-10-28 17:40:27 - [TEST_STEP][PASSED] - js = driver: null

2021-10-28 17:40:27 - [TEST_STEP][PASSED] - js.executeScript("window.open();"): null

2021-10-28 17:40:27 - [TEST_STEP][PASSED] - switchToWindowIndex(currentTab + 1): Switched to window with index: '1'

2021-10-28 17:40:27 - [MESSAGE][PASSED] - Switched to window with index: '1'

2021-10-28 17:40:27 - [TEST_STEP][PASSED] - navigateToUrl(UinUin): Navigate to 'https://stage-www.uinuin.com.uy' successfully

2021-10-28 17:40:32 - [MESSAGE][PASSED] - Navigate to 'https://stage-www.uinuin.com.uy' successfully

2021-10-28 17:40:32 - [TEST_STEP][PASSED] - waitForElementPresent(findTestObject("UinUin/Inicio/a_ComienzoFlujo"), 0): Object 'Object Repository/UinUin/Inicio/a_ComienzoFlujo' is present

2021-10-28 17:40:32 - [MESSAGE][WARNING] - Timeout '0' is invalid. Using default page load timeout: '30'

2021-10-28 17:40:32 - [MESSAGE][PASSED] - Object 'Object Repository/UinUin/Inicio/a_ComienzoFlujo' is present

2021-10-28 17:40:32 - [TEST_STEP][PASSED] - enhancedClick(findTestObject("UinUin/Inicio/a_ComienzoFlujo")): Object: 'Object Repository/UinUin/Inicio/a_ComienzoFlujo' is clicked on

2021-10-28 17:40:33 - [MESSAGE][PASSED] - Object: 'Object Repository/UinUin/Inicio/a_ComienzoFlujo' is clicked on

2021-10-28 17:40:33 - [TEST_STEP][PASSED] - waitForElementPresent(findTestObject("UinUin/Flujo 1/input_Cedula"), 0): Object 'Object Repository/UinUin/Flujo 1/input_Cedula' is present

2021-10-28 17:40:33 - [MESSAGE][WARNING] - Timeout '0' is invalid. Using default page load timeout: '30'

2021-10-28 17:40:34 - [MESSAGE][PASSED] - Object 'Object Repository/UinUin/Flujo 1/input_Cedula' is present

2021-10-28 17:40:34 - [TEST_STEP][PASSED] - setText(findTestObject("UinUin/Flujo 1/input_Cedula"), cedulaRandom): Text '57446948' is set on object 'Object Repository/UinUin/Flujo 1/input_Cedula'

2021-10-28 17:40:35 - [MESSAGE][PASSED] - Text '57446948' is set on object 'Object Repository/UinUin/Flujo 1/input_Cedula'

2021-10-28 17:40:35 - [TEST_STEP][PASSED] - setText(findTestObject("UinUin/Flujo 1/input_Celular"), findTestData("DatosUsuario").getValue(2, 3)): Text '94040738' is set on object 'Object Repository/UinUin/Flujo 1/input_Celular'

2021-10-28 17:40:36 - [MESSAGE][PASSED] - Text '94040738' is set on object 'Object Repository/UinUin/Flujo 1/input_Celular'

2021-10-28 17:40:36 - [TEST_STEP][PASSED] - enhancedClick(findTestObject("UinUin/Flujo 1/input_TyC-1")): Object: 'Object Repository/UinUin/Flujo 1/input_TyC-1' is clicked on

2021-10-28 17:40:36 - [MESSAGE][PASSED] - Object: 'Object Repository/UinUin/Flujo 1/input_TyC-1' is clicked on

2021-10-28 17:40:36 - [TEST_STEP][PASSED] - enhancedClick(findTestObject("UinUin/Flujo 1/button_Continuar-1")): Object: 'Object Repository/UinUin/Flujo 1/button_Continuar-1' is clicked on

2021-10-28 17:40:37 - [MESSAGE][PASSED] - Object: 'Object Repository/UinUin/Flujo 1/button_Continuar-1' is clicked on

2021-10-28 17:40:37 - [TEST_STEP][PASSED] - waitForElementPresent(findTestObject("UinUin/Flujo 2/input_Nombre"), 0): Object 'Object Repository/UinUin/Flujo 2/input_Nombre' is present

2021-10-28 17:40:37 - [MESSAGE][WARNING] - Timeout '0' is invalid. Using default page load timeout: '30'

2021-10-28 17:40:38 - [MESSAGE][PASSED] - Object 'Object Repository/UinUin/Flujo 2/input_Nombre' is present

2021-10-28 17:40:38 - [TEST_STEP][PASSED] - setText(findTestObject("UinUin/Flujo 2/input_Nombre"), findTestData("DatosUsuario").getValue(2, 7)): Text 'Nicolas' is set on object 'Object Repository/UinUin/Flujo 2/input_Nombre'

2021-10-28 17:40:39 - [MESSAGE][PASSED] - Text 'Nicolas' is set on object 'Object Repository/UinUin/Flujo 2/input_Nombre'

2021-10-28 17:40:39 - [TEST_STEP][PASSED] - setText(findTestObject("UinUin/Flujo 2/input_Apellido"), findTestData("DatosUsuario").getValue(2, 8)): Text 'Aquino' is set on object 'Object Repository/UinUin/Flujo 2/input_Apellido'

2021-10-28 17:40:40 - [MESSAGE][PASSED] - Text 'Aquino' is set on object 'Object Repository/UinUin/Flujo 2/input_Apellido'

2021-10-28 17:40:40 - [TEST_STEP][PASSED] - selectOptionByValue(findTestObject("UinUin/Flujo 2/select_Dia"), "15", false): All options with value '15' are selected in object 'Object Repository/UinUin/Flujo 2/select_Dia' 

2021-10-28 17:40:40 - [MESSAGE][PASSED] - All options with value '15' are selected in object 'Object Repository/UinUin/Flujo 2/select_Dia' 

2021-10-28 17:40:40 - [TEST_STEP][PASSED] - selectOptionByValue(findTestObject("UinUin/Flujo 2/select_Mes"), "10", false): All options with value '10' are selected in object 'Object Repository/UinUin/Flujo 2/select_Mes' 

2021-10-28 17:40:41 - [MESSAGE][PASSED] - All options with value '10' are selected in object 'Object Repository/UinUin/Flujo 2/select_Mes' 

2021-10-28 17:40:41 - [TEST_STEP][PASSED] - selectOptionByValue(findTestObject("UinUin/Flujo 2/select_Anio"), "1970", false): All options with value '1970' are selected in object 'Object Repository/UinUin/Flujo 2/select_Anio' 

2021-10-28 17:40:42 - [MESSAGE][PASSED] - All options with value '1970' are selected in object 'Object Repository/UinUin/Flujo 2/select_Anio' 

2021-10-28 17:40:42 - [TEST_STEP][PASSED] - delay(0.7): Delayed 0,7 second(s)

2021-10-28 17:40:42 - [MESSAGE][PASSED] - Delayed 0,7 second(s)

2021-10-28 17:40:42 - [TEST_STEP][PASSED] - setText(findTestObject("UinUin/Flujo 2/input_Email"), findTestData("DatosUsuario").getValue(2, 6)): Text 'nicolas.aquino@paigo.com.uyy' is set on object 'Object Repository/UinUin/Flujo 2/input_Email'

2021-10-28 17:40:43 - [MESSAGE][PASSED] - Text 'nicolas.aquino@paigo.com.uyy' is set on object 'Object Repository/UinUin/Flujo 2/input_Email'

2021-10-28 17:40:43 - [TEST_STEP][PASSED] - delay(0.7): Delayed 0,7 second(s)

2021-10-28 17:40:44 - [MESSAGE][PASSED] - Delayed 0,7 second(s)

2021-10-28 17:40:44 - [TEST_STEP][PASSED] - sendKeys(findTestObject("UinUin/Flujo 2/emailNoValidoFocus"), Keys.chord(BACK_SPACE)): Keys 'BACK_SPACE + ' sent to object: 'Object Repository/UinUin/Flujo 2/emailNoValidoFocus'

2021-10-28 17:40:45 - [MESSAGE][PASSED] - Keys 'BACK_SPACE + ' sent to object: 'Object Repository/UinUin/Flujo 2/emailNoValidoFocus'

2021-10-28 17:40:45 - [TEST_STEP][PASSED] - sendKeys(findTestObject("UinUin/Flujo 2/input_Email"), Keys.chord(TAB)): Keys 'TAB + ' sent to object: 'Object Repository/UinUin/Flujo 2/input_Email'

2021-10-28 17:40:45 - [MESSAGE][PASSED] - Keys 'TAB + ' sent to object: 'Object Repository/UinUin/Flujo 2/input_Email'

2021-10-28 17:40:45 - [TEST_STEP][PASSED] - enhancedClick(findTestObject("UinUin/Flujo 2/select_Departamento")): Object: 'Object Repository/UinUin/Flujo 2/select_Departamento' is clicked on

2021-10-28 17:40:46 - [MESSAGE][PASSED] - Object: 'Object Repository/UinUin/Flujo 2/select_Departamento' is clicked on

2021-10-28 17:40:46 - [TEST_STEP][PASSED] - sendKeys(findTestObject("UinUin/Flujo 2/select_Departamento"), Keys.chord(ARROW_DOWN, ENTER)): Keys 'DOWN + ENTER + ' sent to object: 'Object Repository/UinUin/Flujo 2/select_Departamento'

2021-10-28 17:40:46 - [MESSAGE][PASSED] - Keys 'DOWN + ENTER + ' sent to object: 'Object Repository/UinUin/Flujo 2/select_Departamento'

2021-10-28 17:40:46 - [TEST_STEP][PASSED] - sendKeys(findTestObject(null), Keys.chord(TAB, TAB)): Keys 'TAB + TAB + ' sent to object: 'tempBody'

2021-10-28 17:40:46 - [MESSAGE][WARNING] - Test object id is null

2021-10-28 17:40:46 - [MESSAGE][WARNING] - Test object with id 'Object Repository/' does not exist

2021-10-28 17:40:47 - [MESSAGE][PASSED] - Keys 'TAB + TAB + ' sent to object: 'tempBody'

2021-10-28 17:40:47 - [TEST_STEP][PASSED] - setText(findTestObject("UinUin/Flujo 2/input_Ingresos"), "120000"): Text '120000' is set on object 'Object Repository/UinUin/Flujo 2/input_Ingresos'

2021-10-28 17:40:47 - [MESSAGE][PASSED] - Text '120000' is set on object 'Object Repository/UinUin/Flujo 2/input_Ingresos'

2021-10-28 17:40:47 - [TEST_STEP][PASSED] - selectOptionByValue(findTestObject("UinUin/Flujo 2/select_Genero"), "Male", false): All options with value 'Male' are selected in object 'Object Repository/UinUin/Flujo 2/select_Genero' 

2021-10-28 17:40:48 - [MESSAGE][PASSED] - All options with value 'Male' are selected in object 'Object Repository/UinUin/Flujo 2/select_Genero' 

2021-10-28 17:40:48 - [TEST_STEP][PASSED] - enhancedClick(findTestObject("UinUin/Flujo 2/button_Continuar-2")): Object: 'Object Repository/UinUin/Flujo 2/button_Continuar-2' is clicked on

2021-10-28 17:40:49 - [MESSAGE][PASSED] - Object: 'Object Repository/UinUin/Flujo 2/button_Continuar-2' is clicked on

2021-10-28 17:40:49 - [TEST_STEP][PASSED] - if (verifyElementPresent(findTestObject("UinUin/Flujo 3/div_SinOferta"), 0, OPTIONAL)): null

2021-10-28 17:40:49 - [MESSAGE][WARNING] - Timeout '0' is invalid. Using default page load timeout: '30'

2021-10-28 17:41:03 - [MESSAGE][PASSED] - Object 'Object Repository/UinUin/Flujo 3/div_SinOferta' is present

2021-10-28 17:41:03 - [TEST_STEP][PASSED] - database.query.connectDB(DB, "processor_uy_pago_despues", "3306", "root", "r{OD_XIn(Ec]"): database.query.connectDB is PASSED

2021-10-28 17:41:05 - [MESSAGE][PASSED] - database.query.connectDB is PASSED

2021-10-28 17:41:05 - [TEST_STEP][PASSED] - database.query.execute(UPDATE ScoringSourceQualification S INNER JOIN Client C ON C.id = S.clientId INNER JOIN Person P ON P.id = C.personId INNER JOIN Entity E ON E.id = P.id INNER JOIN Brand B ON B.id = C.brandId AND B.name = 'UinUin' SET qualification = 	(CASE 	    WHEN sourceType = 'Person' THEN 'M3***' 	    WHEN sourceType = 'RiskCentral' THEN 'RISKCENTRAL_1' 		WHEN sourceType = 'RCTiers' THEN 'RCTG1' 	    WHEN S.sourceType = 'Background' THEN CONCAT('PX2' , RIGHT(S.qualification, locate('-', S.qualification,4))) 	    ELSE qualification     END) WHERE E.legalId = $GlobalVariable.cedulaRandom AND S.date = DATE(NOW());): database.query.execute is PASSED

2021-10-28 17:41:06 - [MESSAGE][PASSED] - database.query.execute is PASSED

2021-10-28 17:41:06 - [TEST_STEP][PASSED] - database.query.closeDatabaseConnection(): database.query.closeDatabaseConnection is PASSED

2021-10-28 17:41:06 - [MESSAGE][PASSED] - database.query.closeDatabaseConnection is PASSED

2021-10-28 17:41:06 - [TEST_STEP][PASSED] - back(): Navigate back successfully

2021-10-28 17:41:07 - [MESSAGE][PASSED] - Navigate back successfully

2021-10-28 17:41:07 - [TEST_STEP][PASSED] - delay(1): Delayed 1 second(s)

2021-10-28 17:41:08 - [MESSAGE][PASSED] - Delayed 1 second(s)

2021-10-28 17:41:08 - [TEST_STEP][PASSED] - click(findTestObject("CreditoUruguayo/Flujo 2/button_Continuar-2")): Object: 'Object Repository/CreditoUruguayo/Flujo 2/button_Continuar-2' is clicked on

2021-10-28 17:41:08 - [MESSAGE][PASSED] - Object: 'Object Repository/CreditoUruguayo/Flujo 2/button_Continuar-2' is clicked on

2021-10-28 17:41:08 - [TEST_STEP][PASSED] - delay(1): Delayed 1 second(s)

2021-10-28 17:41:09 - [MESSAGE][PASSED] - Delayed 1 second(s)

2021-10-28 17:41:09 - [TEST_STEP][PASSED] - waitForElementPresent(findTestObject("UinUin/Flujo 3/select_Vencimiento"), 0): Object 'Object Repository/UinUin/Flujo 3/select_Vencimiento' is present

2021-10-28 17:41:09 - [MESSAGE][WARNING] - Timeout '0' is invalid. Using default page load timeout: '30'

2021-10-28 17:41:15 - [MESSAGE][PASSED] - Object 'Object Repository/UinUin/Flujo 3/select_Vencimiento' is present

2021-10-28 17:41:15 - [TEST_STEP][PASSED] - enhancedClick(findTestObject("UinUin/Flujo 3/select_Vencimiento")): Object: 'Object Repository/UinUin/Flujo 3/select_Vencimiento' is clicked on

2021-10-28 17:41:16 - [MESSAGE][PASSED] - Object: 'Object Repository/UinUin/Flujo 3/select_Vencimiento' is clicked on

2021-10-28 17:41:16 - [TEST_STEP][PASSED] - sendKeys(findTestObject("UinUin/Flujo 3/select_Vencimiento"), Keys.chord(ARROW_DOWN, ENTER)): Keys 'DOWN + ENTER + ' sent to object: 'Object Repository/UinUin/Flujo 3/select_Vencimiento'

2021-10-28 17:41:16 - [MESSAGE][PASSED] - Keys 'DOWN + ENTER + ' sent to object: 'Object Repository/UinUin/Flujo 3/select_Vencimiento'

2021-10-28 17:41:16 - [TEST_STEP][PASSED] - waitForElementPresent(findTestObject("UinUin/Flujo 3/select_Cuotas"), 0): Object 'Object Repository/UinUin/Flujo 3/select_Cuotas' is present

2021-10-28 17:41:17 - [MESSAGE][WARNING] - Timeout '0' is invalid. Using default page load timeout: '30'

2021-10-28 17:41:24 - [MESSAGE][PASSED] - Object 'Object Repository/UinUin/Flujo 3/select_Cuotas' is present

2021-10-28 17:41:24 - [TEST_STEP][PASSED] - enhancedClick(findTestObject("UinUin/Flujo 3/select_Cuotas")): Object: 'Object Repository/UinUin/Flujo 3/select_Cuotas' is clicked on

2021-10-28 17:41:24 - [MESSAGE][PASSED] - Object: 'Object Repository/UinUin/Flujo 3/select_Cuotas' is clicked on

2021-10-28 17:41:24 - [TEST_STEP][PASSED] - sendKeys(findTestObject("UinUin/Flujo 3/select_Cuotas"), Keys.chord(ARROW_DOWN, ENTER)): Keys 'DOWN + ENTER + ' sent to object: 'Object Repository/UinUin/Flujo 3/select_Cuotas'

2021-10-28 17:41:25 - [MESSAGE][PASSED] - Keys 'DOWN + ENTER + ' sent to object: 'Object Repository/UinUin/Flujo 3/select_Cuotas'

2021-10-28 17:41:25 - [TEST_STEP][PASSED] - enhancedClick(findTestObject("UinUin/Flujo 3/button_Continuar-3")): Object: 'Object Repository/UinUin/Flujo 3/button_Continuar-3' is clicked on

2021-10-28 17:41:25 - [MESSAGE][PASSED] - Object: 'Object Repository/UinUin/Flujo 3/button_Continuar-3' is clicked on

2021-10-28 17:41:25 - [TEST_STEP][PASSED] - waitForElementPresent(findTestObject("UinUin/Flujo 4/a_ConfirmarCredito"), 0): Object 'Object Repository/UinUin/Flujo 4/a_ConfirmarCredito' is present

2021-10-28 17:41:25 - [MESSAGE][WARNING] - Timeout '0' is invalid. Using default page load timeout: '30'

2021-10-28 17:41:26 - [MESSAGE][PASSED] - Object 'Object Repository/UinUin/Flujo 4/a_ConfirmarCredito' is present

2021-10-28 17:41:26 - [TEST_STEP][PASSED] - enhancedClick(findTestObject("UinUin/Flujo 4/a_ConfirmarCredito")): Object: 'Object Repository/UinUin/Flujo 4/a_ConfirmarCredito' is clicked on

2021-10-28 17:41:27 - [MESSAGE][PASSED] - Object: 'Object Repository/UinUin/Flujo 4/a_ConfirmarCredito' is clicked on

2021-10-28 17:41:27 - [TEST_STEP][PASSED] - waitForElementPresent(findTestObject("UinUin/Flujo 5/input_Direccion"), 0): Object 'Object Repository/UinUin/Flujo 5/input_Direccion' is present

2021-10-28 17:41:27 - [MESSAGE][WARNING] - Timeout '0' is invalid. Using default page load timeout: '30'

2021-10-28 17:41:28 - [MESSAGE][PASSED] - Object 'Object Repository/UinUin/Flujo 5/input_Direccion' is present

2021-10-28 17:41:28 - [TEST_STEP][PASSED] - setText(findTestObject("UinUin/Flujo 5/input_Direccion"), findTestData("DatosUsuario").getValue(2, 9)): Text 'Calle falsa 123' is set on object 'Object Repository/UinUin/Flujo 5/input_Direccion'

2021-10-28 17:41:28 - [MESSAGE][PASSED] - Text 'Calle falsa 123' is set on object 'Object Repository/UinUin/Flujo 5/input_Direccion'

2021-10-28 17:41:28 - [TEST_STEP][PASSED] - enhancedClick(findTestObject("UinUin/Flujo 5/button_CrearContrasena")): Object: 'Object Repository/UinUin/Flujo 5/button_CrearContrasena' is clicked on

2021-10-28 17:41:29 - [MESSAGE][PASSED] - Object: 'Object Repository/UinUin/Flujo 5/button_CrearContrasena' is clicked on

2021-10-28 17:41:29 - [TEST_STEP][PASSED] - setText(findTestObject("UinUin/Flujo 5/input_Contrasena"), findTestData("DatosUsuario").getValue(2, 11)): Text 'paigo123' is set on object 'Object Repository/UinUin/Flujo 5/input_Contrasena'

2021-10-28 17:41:30 - [MESSAGE][PASSED] - Text 'paigo123' is set on object 'Object Repository/UinUin/Flujo 5/input_Contrasena'

2021-10-28 17:41:30 - [TEST_STEP][PASSED] - setText(findTestObject("UinUin/Flujo 5/input_ConfirmarContrasena"), findTestData("DatosUsuario").getValue(2, 11)): Text 'paigo123' is set on object 'Object Repository/UinUin/Flujo 5/input_ConfirmarContrasena'

2021-10-28 17:41:31 - [MESSAGE][PASSED] - Text 'paigo123' is set on object 'Object Repository/UinUin/Flujo 5/input_ConfirmarContrasena'

2021-10-28 17:41:31 - [TEST_STEP][PASSED] - enhancedClick(findTestObject("UinUin/Flujo 5/input_TyC-2")): Object: 'Object Repository/UinUin/Flujo 5/input_TyC-2' is clicked on

2021-10-28 17:41:31 - [MESSAGE][PASSED] - Object: 'Object Repository/UinUin/Flujo 5/input_TyC-2' is clicked on

2021-10-28 17:41:31 - [TEST_STEP][PASSED] - enhancedClick(findTestObject("UinUin/Flujo 5/button_Continuar-4")): Object: 'Object Repository/UinUin/Flujo 5/button_Continuar-4' is clicked on

2021-10-28 17:41:32 - [MESSAGE][PASSED] - Object: 'Object Repository/UinUin/Flujo 5/button_Continuar-4' is clicked on

2021-10-28 17:41:32 - [TEST_STEP][PASSED] - takeFullPageScreenshot(C:\Users\nicolas.aquino\Desktop\Trabajo\Screenshots Katalon\$GlobalVariable.cedulaRandom\2_FlujoUinUin.jpg): Taking screenshot successfully

2021-10-28 17:41:32 - [MESSAGE][INFO] - 0 hidden object(s)

2021-10-28 17:41:33 - [MESSAGE][PASSED] - Taking screenshot successfully
[[ATTACHMENT|C:\Users\nicolas.aquino\Desktop\Trabajo\Screenshots Katalon\57446948\2_FlujoUinUin.jpg]]]]></system-out>
         <system-err><![CDATA[]]></system-err>
      </testcase>
      <testcase name="Test Cases/Admin/Logueo" time="5.443" classname="Test Cases/Admin/Logueo" status="PASSED">
         <system-out><![CDATA[2021-10-28 17:41:33 - [TEST_CASE][PASSED] - Test Cases/Admin/Logueo: Test Cases/Admin/Logueo

2021-10-28 17:41:33 - [TEST_STEP][PASSED] - currentPage = getUrl(): Current window's url is: 'https://stage-www.uinuin.com.uy/aprobar/registro'

2021-10-28 17:41:33 - [MESSAGE][PASSED] - Current window's url is: 'https://stage-www.uinuin.com.uy/aprobar/registro'

2021-10-28 17:41:33 - [TEST_STEP][PASSED] - currentTab = getWindowIndex(): Current window's index is: 1

2021-10-28 17:41:33 - [MESSAGE][PASSED] - Current window's index is: 1

2021-10-28 17:41:33 - [TEST_STEP][PASSED] - driver = getWebDriver(): null

2021-10-28 17:41:33 - [TEST_STEP][PASSED] - js = driver: null

2021-10-28 17:41:33 - [TEST_STEP][PASSED] - js.executeScript("window.open();"): null

2021-10-28 17:41:33 - [TEST_STEP][PASSED] - switchToWindowIndex(currentTab + 1): Switched to window with index: '2'

2021-10-28 17:41:33 - [MESSAGE][PASSED] - Switched to window with index: '2'

2021-10-28 17:41:33 - [TEST_STEP][PASSED] - navigateToUrl(Admin): Navigate to 'https://stage-admin-int.paigo.uy/login' successfully

2021-10-28 17:41:36 - [MESSAGE][PASSED] - Navigate to 'https://stage-admin-int.paigo.uy/login' successfully

2021-10-28 17:41:36 - [TEST_STEP][PASSED] - maximizeWindow(): Current window maximized

2021-10-28 17:41:36 - [MESSAGE][PASSED] - Current window maximized

2021-10-28 17:41:36 - [TEST_STEP][PASSED] - setText(findTestObject("Admin/Logueo/input_Usuario"), findTestData("DatosUsuario").getValue(2, 1)): Text 'gabriel.gayol@paigo.com.uy' is set on object 'Object Repository/Admin/Logueo/input_Usuario'

2021-10-28 17:41:37 - [MESSAGE][PASSED] - Text 'gabriel.gayol@paigo.com.uy' is set on object 'Object Repository/Admin/Logueo/input_Usuario'

2021-10-28 17:41:37 - [TEST_STEP][PASSED] - setText(findTestObject("Admin/Logueo/input_Contrasena"), findTestData("DatosUsuario").getValue(2, 2)): Text '12345678' is set on object 'Object Repository/Admin/Logueo/input_Contrasena'

2021-10-28 17:41:38 - [MESSAGE][PASSED] - Text '12345678' is set on object 'Object Repository/Admin/Logueo/input_Contrasena'

2021-10-28 17:41:38 - [TEST_STEP][PASSED] - enhancedClick(findTestObject("Admin/Logueo/button_Ingresar")): Object: 'Object Repository/Admin/Logueo/button_Ingresar' is clicked on

2021-10-28 17:41:38 - [MESSAGE][PASSED] - Object: 'Object Repository/Admin/Logueo/button_Ingresar' is clicked on]]></system-out>
         <system-err><![CDATA[]]></system-err>
      </testcase>
      <testcase name="Test Cases/Admin/UinUin/Creación Cuenta" time="9.885" classname="Test Cases/Admin/UinUin/Creación Cuenta" status="PASSED">
         <system-out><![CDATA[2021-10-28 17:41:38 - [TEST_CASE][PASSED] - Test Cases/Admin/UinUin/Creación Cuenta: Test Cases/Admin/UinUin/Creación Cuenta

2021-10-28 17:41:38 - [TEST_STEP][PASSED] - waitForElementPresent(findTestObject("Admin/Activación Cuenta/p_BUSCAR CLIENTES"), 0): Object 'Object Repository/Admin/Activación Cuenta/p_BUSCAR CLIENTES' is present

2021-10-28 17:41:39 - [MESSAGE][WARNING] - Timeout '0' is invalid. Using default page load timeout: '30'

2021-10-28 17:41:40 - [MESSAGE][PASSED] - Object 'Object Repository/Admin/Activación Cuenta/p_BUSCAR CLIENTES' is present

2021-10-28 17:41:40 - [TEST_STEP][PASSED] - enhancedClick(findTestObject("Admin/Activación Cuenta/p_BUSCAR CLIENTES")): Object: 'Object Repository/Admin/Activación Cuenta/p_BUSCAR CLIENTES' is clicked on

2021-10-28 17:41:40 - [MESSAGE][PASSED] - Object: 'Object Repository/Admin/Activación Cuenta/p_BUSCAR CLIENTES' is clicked on

2021-10-28 17:41:40 - [TEST_STEP][PASSED] - waitForElementPresent(findTestObject("Admin/Activación Cuenta/input_Cedula"), 0): Object 'Object Repository/Admin/Activación Cuenta/input_Cedula' is present

2021-10-28 17:41:41 - [MESSAGE][WARNING] - Timeout '0' is invalid. Using default page load timeout: '30'

2021-10-28 17:41:41 - [MESSAGE][PASSED] - Object 'Object Repository/Admin/Activación Cuenta/input_Cedula' is present

2021-10-28 17:41:41 - [TEST_STEP][PASSED] - setText(findTestObject("Admin/Activación Cuenta/input_Cedula"), cedulaRandom): Text '57446948' is set on object 'Object Repository/Admin/Activación Cuenta/input_Cedula'

2021-10-28 17:41:42 - [MESSAGE][PASSED] - Text '57446948' is set on object 'Object Repository/Admin/Activación Cuenta/input_Cedula'

2021-10-28 17:41:42 - [TEST_STEP][PASSED] - selectOptionByLabel(findTestObject("Admin/Activación Cuenta/select_SeleccionarMarca"), Marca_UU, false): All options with label 'UinUin' are selected in object 'Object Repository/Admin/Activación Cuenta/select_SeleccionarMarca' 

2021-10-28 17:41:42 - [MESSAGE][PASSED] - All options with label 'UinUin' are selected in object 'Object Repository/Admin/Activación Cuenta/select_SeleccionarMarca' 

2021-10-28 17:41:42 - [TEST_STEP][PASSED] - enhancedClick(findTestObject("Admin/Activación Cuenta/button_Obtener")): Object: 'Object Repository/Admin/Activación Cuenta/button_Obtener' is clicked on

2021-10-28 17:41:43 - [MESSAGE][PASSED] - Object: 'Object Repository/Admin/Activación Cuenta/button_Obtener' is clicked on

2021-10-28 17:41:43 - [TEST_STEP][PASSED] - waitForElementPresent(findTestObject("Admin/Activación Cuenta/button_Guardar"), 0): Object 'Object Repository/Admin/Activación Cuenta/button_Guardar' is present

2021-10-28 17:41:43 - [MESSAGE][WARNING] - Timeout '0' is invalid. Using default page load timeout: '30'

2021-10-28 17:41:44 - [MESSAGE][PASSED] - Object 'Object Repository/Admin/Activación Cuenta/button_Guardar' is present

2021-10-28 17:41:44 - [TEST_STEP][PASSED] - sendKeys(findTestObject("Admin/Activación Cuenta/input_IngresosReferencia"), Keys.chord(TAB, TAB, SPACE)): Keys 'TAB + TAB + SPACE + ' sent to object: 'Object Repository/Admin/Activación Cuenta/input_IngresosReferencia'

2021-10-28 17:41:45 - [MESSAGE][PASSED] - Keys 'TAB + TAB + SPACE + ' sent to object: 'Object Repository/Admin/Activación Cuenta/input_IngresosReferencia'

2021-10-28 17:41:45 - [TEST_STEP][PASSED] - setText(findTestObject("Admin/Creación Cuenta/input_CuentaBancaria"), "1234567"): Text '1234567' is set on object 'Object Repository/Admin/Creación Cuenta/input_CuentaBancaria'

2021-10-28 17:41:46 - [MESSAGE][PASSED] - Text '1234567' is set on object 'Object Repository/Admin/Creación Cuenta/input_CuentaBancaria'

2021-10-28 17:41:46 - [TEST_STEP][PASSED] - enhancedClick(findTestObject("Admin/Creación Cuenta/button_AgregarCuenta")): Object: 'Object Repository/Admin/Creación Cuenta/button_AgregarCuenta' is clicked on

2021-10-28 17:41:46 - [MESSAGE][PASSED] - Object: 'Object Repository/Admin/Creación Cuenta/button_AgregarCuenta' is clicked on

2021-10-28 17:41:46 - [TEST_STEP][PASSED] - enhancedClick(findTestObject("Admin/Activación Cuenta/button_Guardar")): Object: 'Object Repository/Admin/Activación Cuenta/button_Guardar' is clicked on

2021-10-28 17:41:47 - [MESSAGE][PASSED] - Object: 'Object Repository/Admin/Activación Cuenta/button_Guardar' is clicked on

2021-10-28 17:41:47 - [TEST_STEP][PASSED] - verifyElementVisible(findTestObject("Admin/Activación Cuenta/p_ValidacionGuardado")): Object 'Object Repository/Admin/Activación Cuenta/p_ValidacionGuardado' is visible

2021-10-28 17:41:48 - [MESSAGE][PASSED] - Object 'Object Repository/Admin/Activación Cuenta/p_ValidacionGuardado' is visible]]></system-out>
         <system-err><![CDATA[]]></system-err>
      </testcase>
      <testcase name="Test Cases/Admin/UinUin/Verificación" time="54.142" classname="Test Cases/Admin/UinUin/Verificación" status="PASSED">
         <system-out><![CDATA[2021-10-28 17:41:48 - [TEST_CASE][PASSED] - Test Cases/Admin/UinUin/Verificación: Test Cases/Admin/UinUin/Verificación

2021-10-28 17:41:48 - [TEST_STEP][PASSED] - waitForElementPresent(findTestObject("Admin/Verificacion/p_CreditosEnVerificacion"), 0): Object 'Object Repository/Admin/Verificacion/p_CreditosEnVerificacion' is present

2021-10-28 17:41:48 - [MESSAGE][WARNING] - Timeout '0' is invalid. Using default page load timeout: '30'

2021-10-28 17:41:49 - [MESSAGE][PASSED] - Object 'Object Repository/Admin/Verificacion/p_CreditosEnVerificacion' is present

2021-10-28 17:41:49 - [TEST_STEP][PASSED] - enhancedClick(findTestObject("Admin/Verificacion/p_CreditosEnVerificacion")): Object: 'Object Repository/Admin/Verificacion/p_CreditosEnVerificacion' is clicked on

2021-10-28 17:41:49 - [MESSAGE][PASSED] - Object: 'Object Repository/Admin/Verificacion/p_CreditosEnVerificacion' is clicked on

2021-10-28 17:41:49 - [TEST_STEP][PASSED] - waitForElementVisible(findTestObject("Admin/Verificacion/select_SeleccionarMarca"), 0): Object 'Object Repository/Admin/Verificacion/select_SeleccionarMarca' is visible

2021-10-28 17:41:50 - [MESSAGE][WARNING] - Timeout '0' is invalid. Using default page load timeout: '30'

2021-10-28 17:41:50 - [MESSAGE][PASSED] - Object 'Object Repository/Admin/Verificacion/select_SeleccionarMarca' is visible

2021-10-28 17:41:50 - [TEST_STEP][PASSED] - selectOptionByLabel(findTestObject("Admin/Verificacion/select_SeleccionarMarca"), Marca_UU, false): All options with label 'UinUin' are selected in object 'Object Repository/Admin/Verificacion/select_SeleccionarMarca' 

2021-10-28 17:41:51 - [MESSAGE][PASSED] - All options with label 'UinUin' are selected in object 'Object Repository/Admin/Verificacion/select_SeleccionarMarca' 

2021-10-28 17:41:51 - [TEST_STEP][PASSED] - enhancedClick(findTestObject("Admin/Verificacion/button_Obtener")): Object: 'Object Repository/Admin/Verificacion/button_Obtener' is clicked on

2021-10-28 17:41:51 - [MESSAGE][PASSED] - Object: 'Object Repository/Admin/Verificacion/button_Obtener' is clicked on

2021-10-28 17:41:51 - [TEST_STEP][PASSED] - waitForElementVisible(findTestObject("Admin/Verificacion/input_FiltrarCI"), 0): Object 'Object Repository/Admin/Verificacion/input_FiltrarCI' is visible

2021-10-28 17:41:51 - [MESSAGE][WARNING] - Timeout '0' is invalid. Using default page load timeout: '30'

2021-10-28 17:42:08 - [MESSAGE][PASSED] - Object 'Object Repository/Admin/Verificacion/input_FiltrarCI' is visible

2021-10-28 17:42:08 - [TEST_STEP][PASSED] - setText(findTestObject("Admin/Verificacion/input_FiltrarCI"), cedulaRandom): Text '57446948' is set on object 'Object Repository/Admin/Verificacion/input_FiltrarCI'

2021-10-28 17:42:08 - [MESSAGE][PASSED] - Text '57446948' is set on object 'Object Repository/Admin/Verificacion/input_FiltrarCI'

2021-10-28 17:42:08 - [TEST_STEP][PASSED] - enhancedClick(findTestObject("Admin/Verificacion/button_Retomar VI")): Object: 'Object Repository/Admin/Verificacion/button_Retomar VI' is clicked on

2021-10-28 17:42:10 - [MESSAGE][PASSED] - Object: 'Object Repository/Admin/Verificacion/button_Retomar VI' is clicked on

2021-10-28 17:42:10 - [TEST_STEP][PASSED] - waitForElementPresent(findTestObject("Admin/Verificacion/button_Subir_1"), 0): Object 'Object Repository/Admin/Verificacion/button_Subir_1' is present

2021-10-28 17:42:10 - [MESSAGE][WARNING] - Timeout '0' is invalid. Using default page load timeout: '30'

2021-10-28 17:42:18 - [MESSAGE][PASSED] - Object 'Object Repository/Admin/Verificacion/button_Subir_1' is present

2021-10-28 17:42:18 - [TEST_STEP][PASSED] - enhancedClick(findTestObject("Admin/Verificacion/button_Subir_1")): Object: 'Object Repository/Admin/Verificacion/button_Subir_1' is clicked on

2021-10-28 17:42:18 - [MESSAGE][PASSED] - Object: 'Object Repository/Admin/Verificacion/button_Subir_1' is clicked on

2021-10-28 17:42:18 - [TEST_STEP][PASSED] - uploadFile(findTestObject("Admin/Verificacion/input_File"), "C:\Users\nicolas.aquino\Desktop\Trabajo\TomMeme.jpg"): File 'C:\Users\nicolas.aquino\Desktop\Trabajo\TomMeme.jpg' sent to object: 'Object Repository/Admin/Verificacion/input_File'

2021-10-28 17:42:19 - [MESSAGE][PASSED] - File 'C:\Users\nicolas.aquino\Desktop\Trabajo\TomMeme.jpg' sent to object: 'Object Repository/Admin/Verificacion/input_File'

2021-10-28 17:42:19 - [TEST_STEP][PASSED] - waitForElementClickable(findTestObject("Admin/Verificacion/button_ConfirmarSubidaImagen_1"), 0): Object 'Object Repository/Admin/Verificacion/button_ConfirmarSubidaImagen_1' is clickable

2021-10-28 17:42:19 - [MESSAGE][WARNING] - Timeout '0' is invalid. Using default page load timeout: '30'

2021-10-28 17:42:19 - [MESSAGE][PASSED] - Object 'Object Repository/Admin/Verificacion/button_ConfirmarSubidaImagen_1' is clickable

2021-10-28 17:42:19 - [TEST_STEP][PASSED] - enhancedClick(findTestObject("Admin/Verificacion/button_ConfirmarSubidaImagen_1")): Object: 'Object Repository/Admin/Verificacion/button_ConfirmarSubidaImagen_1' is clicked on

2021-10-28 17:42:20 - [MESSAGE][PASSED] - Object: 'Object Repository/Admin/Verificacion/button_ConfirmarSubidaImagen_1' is clicked on

2021-10-28 17:42:20 - [TEST_STEP][PASSED] - check(findTestObject("Admin/Verificacion/input_ConfirmarImagen_1")): Object 'Object Repository/Admin/Verificacion/input_ConfirmarImagen_1' is checked

2021-10-28 17:42:22 - [MESSAGE][PASSED] - Object 'Object Repository/Admin/Verificacion/input_ConfirmarImagen_1' is checked

2021-10-28 17:42:22 - [TEST_STEP][PASSED] - waitForElementVisible(findTestObject("Admin/Verificacion/button_Subir_2"), 0): Object 'Object Repository/Admin/Verificacion/button_Subir_2' is visible

2021-10-28 17:42:22 - [MESSAGE][WARNING] - Timeout '0' is invalid. Using default page load timeout: '30'

2021-10-28 17:42:22 - [MESSAGE][PASSED] - Object 'Object Repository/Admin/Verificacion/button_Subir_2' is visible

2021-10-28 17:42:22 - [TEST_STEP][PASSED] - enhancedClick(findTestObject("Admin/Verificacion/button_Subir_2")): Object: 'Object Repository/Admin/Verificacion/button_Subir_2' is clicked on

2021-10-28 17:42:23 - [MESSAGE][PASSED] - Object: 'Object Repository/Admin/Verificacion/button_Subir_2' is clicked on

2021-10-28 17:42:23 - [TEST_STEP][PASSED] - uploadFile(findTestObject("Admin/Verificacion/input_File"), "C:\Users\nicolas.aquino\Desktop\Trabajo\TomMeme.jpg"): File 'C:\Users\nicolas.aquino\Desktop\Trabajo\TomMeme.jpg' sent to object: 'Object Repository/Admin/Verificacion/input_File'

2021-10-28 17:42:23 - [MESSAGE][PASSED] - File 'C:\Users\nicolas.aquino\Desktop\Trabajo\TomMeme.jpg' sent to object: 'Object Repository/Admin/Verificacion/input_File'

2021-10-28 17:42:23 - [TEST_STEP][PASSED] - waitForElementClickable(findTestObject("Admin/Verificacion/button_ConfirmarSubidaImagen_2"), 0): Object 'Object Repository/Admin/Verificacion/button_ConfirmarSubidaImagen_2' is clickable

2021-10-28 17:42:23 - [MESSAGE][WARNING] - Timeout '0' is invalid. Using default page load timeout: '30'

2021-10-28 17:42:24 - [MESSAGE][PASSED] - Object 'Object Repository/Admin/Verificacion/button_ConfirmarSubidaImagen_2' is clickable

2021-10-28 17:42:24 - [TEST_STEP][PASSED] - enhancedClick(findTestObject("Admin/Verificacion/button_ConfirmarSubidaImagen_2")): Object: 'Object Repository/Admin/Verificacion/button_ConfirmarSubidaImagen_2' is clicked on

2021-10-28 17:42:24 - [MESSAGE][PASSED] - Object: 'Object Repository/Admin/Verificacion/button_ConfirmarSubidaImagen_2' is clicked on

2021-10-28 17:42:24 - [TEST_STEP][PASSED] - check(findTestObject("Admin/Verificacion/input_ConfirmarImagen_2")): Object 'Object Repository/Admin/Verificacion/input_ConfirmarImagen_2' is checked

2021-10-28 17:42:25 - [MESSAGE][PASSED] - Object 'Object Repository/Admin/Verificacion/input_ConfirmarImagen_2' is checked

2021-10-28 17:42:25 - [TEST_STEP][PASSED] - waitForElementVisible(findTestObject("Admin/Verificacion/button_Subir_3"), 0): Object 'Object Repository/Admin/Verificacion/button_Subir_3' is visible

2021-10-28 17:42:26 - [MESSAGE][WARNING] - Timeout '0' is invalid. Using default page load timeout: '30'

2021-10-28 17:42:26 - [MESSAGE][PASSED] - Object 'Object Repository/Admin/Verificacion/button_Subir_3' is visible

2021-10-28 17:42:26 - [TEST_STEP][PASSED] - enhancedClick(findTestObject("Admin/Verificacion/button_Subir_3")): Object: 'Object Repository/Admin/Verificacion/button_Subir_3' is clicked on

2021-10-28 17:42:27 - [MESSAGE][PASSED] - Object: 'Object Repository/Admin/Verificacion/button_Subir_3' is clicked on

2021-10-28 17:42:27 - [TEST_STEP][PASSED] - uploadFile(findTestObject("Admin/Verificacion/input_File"), "C:\Users\nicolas.aquino\Desktop\Trabajo\TomMeme.jpg"): File 'C:\Users\nicolas.aquino\Desktop\Trabajo\TomMeme.jpg' sent to object: 'Object Repository/Admin/Verificacion/input_File'

2021-10-28 17:42:27 - [MESSAGE][PASSED] - File 'C:\Users\nicolas.aquino\Desktop\Trabajo\TomMeme.jpg' sent to object: 'Object Repository/Admin/Verificacion/input_File'

2021-10-28 17:42:27 - [TEST_STEP][PASSED] - waitForElementClickable(findTestObject("Admin/Verificacion/button_ConfirmarSubidaImagen_3"), 0): Object 'Object Repository/Admin/Verificacion/button_ConfirmarSubidaImagen_3' is clickable

2021-10-28 17:42:27 - [MESSAGE][WARNING] - Timeout '0' is invalid. Using default page load timeout: '30'

2021-10-28 17:42:28 - [MESSAGE][PASSED] - Object 'Object Repository/Admin/Verificacion/button_ConfirmarSubidaImagen_3' is clickable

2021-10-28 17:42:28 - [TEST_STEP][PASSED] - enhancedClick(findTestObject("Admin/Verificacion/button_ConfirmarSubidaImagen_3")): Object: 'Object Repository/Admin/Verificacion/button_ConfirmarSubidaImagen_3' is clicked on

2021-10-28 17:42:28 - [MESSAGE][PASSED] - Object: 'Object Repository/Admin/Verificacion/button_ConfirmarSubidaImagen_3' is clicked on

2021-10-28 17:42:28 - [TEST_STEP][PASSED] - check(findTestObject("Admin/Verificacion/input_ConfirmarImagen_3")): Object 'Object Repository/Admin/Verificacion/input_ConfirmarImagen_3' is checked

2021-10-28 17:42:30 - [MESSAGE][PASSED] - Object 'Object Repository/Admin/Verificacion/input_ConfirmarImagen_3' is checked

2021-10-28 17:42:30 - [TEST_STEP][PASSED] - setText(findTestObject("Admin/Verificacion/input_NumeroSerieCI"), "123456"): Text '123456' is set on object 'Object Repository/Admin/Verificacion/input_NumeroSerieCI'

2021-10-28 17:42:31 - [MESSAGE][PASSED] - Text '123456' is set on object 'Object Repository/Admin/Verificacion/input_NumeroSerieCI'

2021-10-28 17:42:31 - [TEST_STEP][PASSED] - url = getUrl(): Current window's url is: 'https://stage-admin-int.paigo.uy/admin/iv?request=67f0bbe4-cc91-4285-9489-efb8d5e394c3&brand=UinUin&moment=ManualVerification&reason=VerificationNeeded'

2021-10-28 17:42:31 - [MESSAGE][PASSED] - Current window's url is: 'https://stage-admin-int.paigo.uy/admin/iv?request=67f0bbe4-cc91-4285-9489-efb8d5e394c3&brand=UinUin&moment=ManualVerification&reason=VerificationNeeded'

2021-10-28 17:42:31 - [TEST_STEP][PASSED] - enhancedClick(findTestObject("Admin/Verificacion/button_Obtener")): Object: 'Object Repository/Admin/Verificacion/button_Obtener' is clicked on

2021-10-28 17:42:31 - [MESSAGE][PASSED] - Object: 'Object Repository/Admin/Verificacion/button_Obtener' is clicked on

2021-10-28 17:42:31 - [TEST_STEP][PASSED] - delay(5, STOP_ON_FAILURE): Delayed 5 second(s)

2021-10-28 17:42:36 - [MESSAGE][PASSED] - Delayed 5 second(s)

2021-10-28 17:42:36 - [TEST_STEP][PASSED] - switchToWindowUrl(url): Switched to window with url: 'https://stage-admin-int.paigo.uy/admin/iv?request=67f0bbe4-cc91-4285-9489-efb8d5e394c3&brand=UinUin&moment=ManualVerification&reason=VerificationNeeded'

2021-10-28 17:42:36 - [MESSAGE][PASSED] - Switched to window with url: 'https://stage-admin-int.paigo.uy/admin/iv?request=67f0bbe4-cc91-4285-9489-efb8d5e394c3&brand=UinUin&moment=ManualVerification&reason=VerificationNeeded'

2021-10-28 17:42:36 - [TEST_STEP][PASSED] - sendKeys(findTestObject("Admin/Verificacion/button_Obtener"), Keys.chord(TAB, "14021970")): Keys 'TAB + 14021970' sent to object: 'Object Repository/Admin/Verificacion/button_Obtener'

2021-10-28 17:42:37 - [MESSAGE][PASSED] - Keys 'TAB + 14021970' sent to object: 'Object Repository/Admin/Verificacion/button_Obtener'

2021-10-28 17:42:37 - [TEST_STEP][PASSED] - sendKeys(findTestObject("Admin/Verificacion/input_FechaNacimiento"), Keys.chord(TAB, "14022002")): Keys 'TAB + 14022002' sent to object: 'Object Repository/Admin/Verificacion/input_FechaNacimiento'

2021-10-28 17:42:37 - [MESSAGE][PASSED] - Keys 'TAB + 14022002' sent to object: 'Object Repository/Admin/Verificacion/input_FechaNacimiento'

2021-10-28 17:42:37 - [TEST_STEP][PASSED] - sendKeys(findTestObject("Admin/Verificacion/input_FechaEmisionCI"), Keys.chord(TAB, "14022040")): Keys 'TAB + 14022040' sent to object: 'Object Repository/Admin/Verificacion/input_FechaEmisionCI'

2021-10-28 17:42:38 - [MESSAGE][PASSED] - Keys 'TAB + 14022040' sent to object: 'Object Repository/Admin/Verificacion/input_FechaEmisionCI'

2021-10-28 17:42:38 - [TEST_STEP][PASSED] - enhancedClick(findTestObject("Admin/Verificacion/button_ConfirmarIdentidad")): Object: 'Object Repository/Admin/Verificacion/button_ConfirmarIdentidad' is clicked on

2021-10-28 17:42:38 - [MESSAGE][PASSED] - Object: 'Object Repository/Admin/Verificacion/button_ConfirmarIdentidad' is clicked on

2021-10-28 17:42:38 - [TEST_STEP][PASSED] - waitForElementVisible(findTestObject("Admin/Verificacion/button_Confirmar"), 0): Object 'Object Repository/Admin/Verificacion/button_Confirmar' is visible

2021-10-28 17:42:38 - [MESSAGE][WARNING] - Timeout '0' is invalid. Using default page load timeout: '30'

2021-10-28 17:42:38 - [MESSAGE][PASSED] - Object 'Object Repository/Admin/Verificacion/button_Confirmar' is visible

2021-10-28 17:42:38 - [TEST_STEP][PASSED] - enhancedClick(findTestObject("Admin/Verificacion/button_Confirmar")): Object: 'Object Repository/Admin/Verificacion/button_Confirmar' is clicked on

2021-10-28 17:42:39 - [MESSAGE][PASSED] - Object: 'Object Repository/Admin/Verificacion/button_Confirmar' is clicked on

2021-10-28 17:42:39 - [TEST_STEP][PASSED] - delay(3): Delayed 3 second(s)

2021-10-28 17:42:42 - [MESSAGE][PASSED] - Delayed 3 second(s)

2021-10-28 17:42:42 - [TEST_STEP][PASSED] - verifyTextPresent("VERIFICACIÓN COMPLETADA", false): Text 'VERIFICACIÓN COMPLETADA' is present on page 

2021-10-28 17:42:42 - [MESSAGE][PASSED] - Text 'VERIFICACIÓN COMPLETADA' is present on page]]></system-out>
         <system-err><![CDATA[]]></system-err>
      </testcase>
      <testcase name="Test Cases/Admin/UinUin/Desembolso" time="12.54" classname="Test Cases/Admin/UinUin/Desembolso" status="PASSED">
         <system-out><![CDATA[2021-10-28 17:42:42 - [TEST_CASE][PASSED] - Test Cases/Admin/UinUin/Desembolso: Test Cases/Admin/UinUin/Desembolso

2021-10-28 17:42:42 - [TEST_STEP][PASSED] - waitForElementPresent(findTestObject("Admin/Desembolso/p_DESEMBOLSO"), 0): Object 'Object Repository/Admin/Desembolso/p_DESEMBOLSO' is present

2021-10-28 17:42:43 - [MESSAGE][WARNING] - Timeout '0' is invalid. Using default page load timeout: '30'

2021-10-28 17:42:43 - [MESSAGE][PASSED] - Object 'Object Repository/Admin/Desembolso/p_DESEMBOLSO' is present

2021-10-28 17:42:43 - [TEST_STEP][PASSED] - enhancedClick(findTestObject("Admin/Desembolso/p_DESEMBOLSO")): Object: 'Object Repository/Admin/Desembolso/p_DESEMBOLSO' is clicked on

2021-10-28 17:42:43 - [MESSAGE][PASSED] - Object: 'Object Repository/Admin/Desembolso/p_DESEMBOLSO' is clicked on

2021-10-28 17:42:43 - [TEST_STEP][PASSED] - selectOptionByLabel(findTestObject("Admin/Desembolso/select_Marca"), Marca_UU, false): All options with label 'UinUin' are selected in object 'Object Repository/Admin/Desembolso/select_Marca' 

2021-10-28 17:42:44 - [MESSAGE][PASSED] - All options with label 'UinUin' are selected in object 'Object Repository/Admin/Desembolso/select_Marca' 

2021-10-28 17:42:44 - [TEST_STEP][PASSED] - enhancedClick(findTestObject("Admin/Desembolso/button_Obtener")): Object: 'Object Repository/Admin/Desembolso/button_Obtener' is clicked on

2021-10-28 17:42:44 - [MESSAGE][PASSED] - Object: 'Object Repository/Admin/Desembolso/button_Obtener' is clicked on

2021-10-28 17:42:44 - [TEST_STEP][PASSED] - waitForElementVisible(findTestObject("Admin/Desembolso/input_FiltrarCI"), 0): Object 'Object Repository/Admin/Desembolso/input_FiltrarCI' is visible

2021-10-28 17:42:44 - [MESSAGE][WARNING] - Timeout '0' is invalid. Using default page load timeout: '30'

2021-10-28 17:42:48 - [MESSAGE][PASSED] - Object 'Object Repository/Admin/Desembolso/input_FiltrarCI' is visible

2021-10-28 17:42:48 - [TEST_STEP][PASSED] - setText(findTestObject("Admin/Desembolso/input_FiltrarCI"), cedulaRandom): Text '57446948' is set on object 'Object Repository/Admin/Desembolso/input_FiltrarCI'

2021-10-28 17:42:48 - [MESSAGE][PASSED] - Text '57446948' is set on object 'Object Repository/Admin/Desembolso/input_FiltrarCI'

2021-10-28 17:42:48 - [TEST_STEP][PASSED] - enhancedClick(findTestObject("Admin/Desembolso/button_Desembolsar")): Object: 'Object Repository/Admin/Desembolso/button_Desembolsar' is clicked on

2021-10-28 17:42:49 - [MESSAGE][PASSED] - Object: 'Object Repository/Admin/Desembolso/button_Desembolsar' is clicked on

2021-10-28 17:42:49 - [TEST_STEP][PASSED] - sendKeys(findTestObject(null), Keys.chord(TAB, TAB, ARROW_DOWN)): Keys 'TAB + TAB + DOWN + ' sent to object: 'tempBody'

2021-10-28 17:42:49 - [MESSAGE][WARNING] - Test object id is null

2021-10-28 17:42:49 - [MESSAGE][WARNING] - Test object with id 'Object Repository/' does not exist

2021-10-28 17:42:49 - [MESSAGE][PASSED] - Keys 'TAB + TAB + DOWN + ' sent to object: 'tempBody'

2021-10-28 17:42:49 - [TEST_STEP][PASSED] - delay(1): Delayed 1 second(s)

2021-10-28 17:42:50 - [MESSAGE][PASSED] - Delayed 1 second(s)

2021-10-28 17:42:50 - [TEST_STEP][PASSED] - enhancedClick(findTestObject("Admin/Desembolso/button_AceptarDesembolso")): Object: 'Object Repository/Admin/Desembolso/button_AceptarDesembolso' is clicked on

2021-10-28 17:42:51 - [MESSAGE][PASSED] - Object: 'Object Repository/Admin/Desembolso/button_AceptarDesembolso' is clicked on

2021-10-28 17:42:51 - [TEST_STEP][PASSED] - delay(3): Delayed 3 second(s)

2021-10-28 17:42:54 - [MESSAGE][PASSED] - Delayed 3 second(s)

2021-10-28 17:42:54 - [TEST_STEP][PASSED] - verifyTextPresent("✓ Desembolso completado correctamente", false): Text '✓ Desembolso completado correctamente' is present on page 

2021-10-28 17:42:54 - [MESSAGE][PASSED] - Text '✓ Desembolso completado correctamente' is present on page 

2021-10-28 17:42:54 - [TEST_STEP][PASSED] - takeFullPageScreenshot(C:\Users\nicolas.aquino\Desktop\Trabajo\Screenshots Katalon\$GlobalVariable.cedulaRandom\3_Desembolso.jpg): Taking screenshot successfully

2021-10-28 17:42:55 - [MESSAGE][INFO] - 0 hidden object(s)

2021-10-28 17:42:55 - [MESSAGE][PASSED] - Taking screenshot successfully
[[ATTACHMENT|C:\Users\nicolas.aquino\Desktop\Trabajo\Screenshots Katalon\57446948\3_Desembolso.jpg]]]]></system-out>
         <system-err><![CDATA[]]></system-err>
      </testcase>
      <system-out><![CDATA[2021-10-28 17:40:18 - [TEST_SUITE][PASSED] - UinUin: Test Cases/Admin/UinUin/Desembolso]]></system-out>
      <system-err><![CDATA[]]></system-err>
   </testsuite>
</testsuites>
