<?xml version="1.0" encoding="UTF-8"?>
<testsuites name="Credisol" time="46.211" tests="2" failures="0" errors="0">
   <testsuite name="Credisol" tests="2" failures="0" errors="0" time="46.211" skipped="0" timestamp="2021-10-27 14:31:53" hostname="nicolas.aquino - ip-192-168-0-142.ec2.internal" id="Test Suites/Primera Venta/Credisol">
      <properties>
         <property name="deviceName" value=""/>
         <property name="devicePlatform" value=""/>
         <property name="logFolder" value="C:\\Users\\nicolas.aquino\\Katalon Studio\\Paigo\\Reports\\20211027_143146\\Primera Venta\\Credisol\\20211027_143146"/>
         <property name="logFiles" value="C:\\Users\\nicolas.aquino\\Katalon Studio\\Paigo\\Reports\\20211027_143146\\Primera Venta\\Credisol\\20211027_143146\\execution0.log"/>
         <property name="attachments" value="C:\Users\nicolas.aquino\Desktop\Trabajo\Screenshots Katalon\35609900\1_CedulaGenerada.jpg"/>
         <property name="hostName" value="nicolas.aquino - ip-192-168-0-142.ec2.internal"/>
         <property name="os" value="Windows 10 64bit"/>
         <property name="katalonVersion" value="8.1.0.208"/>
         <property name="browser" value="Chrome 94.0.4606.81"/>
         <property name="hostAddress" value="192.168.0.142"/>
         <property name="sessionId" value="757fa9a846f21bc566fb0e74ae7a7d68"/>
         <property name="seleniumVersion" value="3.141.59"/>
         <property name="proxyInformation" value="ProxyInformation { proxyOption=NO_PROXY, proxyServerType=HTTP, username=, password=********, proxyServerAddress=, proxyServerPort=0, executionList=&quot;&quot;, isApplyToDesiredCapabilities=true }"/>
         <property name="platform" value="Windows 10"/>
      </properties>
      <testcase name="Test Cases/General/Generar Cedula Random" time="4.593" classname="Test Cases/General/Generar Cedula Random" status="PASSED">
         <system-out><![CDATA[2021-10-27 14:31:53 - [TEST_CASE][PASSED] - Test Cases/General/Generar Cedula Random: Test Cases/General/Generar Cedula Random

2021-10-27 14:31:53 - [TEST_STEP][PASSED] - openBrowser("https://picandocodigo.github.io/ci_js/"): Browser is opened with url: 'https://picandocodigo.github.io/ci_js/'

2021-10-27 14:31:53 - [MESSAGE][INFO] - Starting 'Chrome' driver

2021-10-27 14:31:53 - [MESSAGE][INFO] - Action delay is set to 0 milliseconds

2021-10-27 14:31:55 - [MESSAGE][PASSED] - Browser is opened with url: 'https://picandocodigo.github.io/ci_js/'

2021-10-27 14:31:55 - [TEST_STEP][PASSED] - maximizeWindow(): Current window maximized

2021-10-27 14:31:55 - [MESSAGE][PASSED] - Current window maximized

2021-10-27 14:31:55 - [TEST_STEP][PASSED] - click(findTestObject("Generador de cedulas/botonGenerar")): Object: 'Object Repository/Generador de cedulas/botonGenerar' is clicked on

2021-10-27 14:31:56 - [MESSAGE][PASSED] - Object: 'Object Repository/Generador de cedulas/botonGenerar' is clicked on

2021-10-27 14:31:56 - [TEST_STEP][PASSED] - cedulaRandom = getAttribute(findTestObject("Generador de cedulas/obtenerCedulaRandom"), "value"): Attribute 'value' of object 'Object Repository/Generador de cedulas/obtenerCedulaRandom' is: '87790074'

2021-10-27 14:31:56 - [MESSAGE][PASSED] - Attribute 'value' of object 'Object Repository/Generador de cedulas/obtenerCedulaRandom' is: '87790074'

2021-10-27 14:31:56 - [TEST_STEP][PASSED] - while (cedulaRandom >= "60000000"): Attribute 'value' of object 'Object Repository/Generador de cedulas/obtenerCedulaRandom' is: '35609900'

2021-10-27 14:31:56 - [TEST_STEP][PASSED] - click(findTestObject("Generador de cedulas/botonGenerar")): Object: 'Object Repository/Generador de cedulas/botonGenerar' is clicked on

2021-10-27 14:31:57 - [MESSAGE][PASSED] - Object: 'Object Repository/Generador de cedulas/botonGenerar' is clicked on

2021-10-27 14:31:57 - [TEST_STEP][PASSED] - cedulaRandom = getAttribute(findTestObject("Generador de cedulas/obtenerCedulaRandom"), "value"): Attribute 'value' of object 'Object Repository/Generador de cedulas/obtenerCedulaRandom' is: '35609900'

2021-10-27 14:31:57 - [MESSAGE][PASSED] - Attribute 'value' of object 'Object Repository/Generador de cedulas/obtenerCedulaRandom' is: '35609900'

2021-10-27 14:31:57 - [TEST_STEP][PASSED] - takeScreenshot(C:\Users\nicolas.aquino\Desktop\Trabajo\Screenshots Katalon\$GlobalVariable.cedulaRandom\1_CedulaGenerada.jpg): Taking screenshot successfully

2021-10-27 14:31:57 - [MESSAGE][PASSED] - Taking screenshot successfully
[[ATTACHMENT|C:\Users\nicolas.aquino\Desktop\Trabajo\Screenshots Katalon\35609900\1_CedulaGenerada.jpg]]]]></system-out>
         <system-err><![CDATA[]]></system-err>
      </testcase>
      <testcase name="Test Cases/Credisol/CS - Flujo Web" time="41.383" classname="Test Cases/Credisol/CS - Flujo Web" status="PASSED">
         <system-out><![CDATA[2021-10-27 14:31:57 - [TEST_CASE][PASSED] - Test Cases/Credisol/CS - Flujo Web: Test Cases/Credisol/CS - Flujo Web

2021-10-27 14:31:58 - [TEST_STEP][PASSED] - currentPage = getUrl(): Current window's url is: 'https://picandocodigo.github.io/ci_js/'

2021-10-27 14:31:58 - [MESSAGE][PASSED] - Current window's url is: 'https://picandocodigo.github.io/ci_js/'

2021-10-27 14:31:58 - [TEST_STEP][PASSED] - currentTab = getWindowIndex(): Current window's index is: 0

2021-10-27 14:31:58 - [MESSAGE][PASSED] - Current window's index is: 0

2021-10-27 14:31:58 - [TEST_STEP][PASSED] - driver = getWebDriver(): null

2021-10-27 14:31:58 - [TEST_STEP][PASSED] - js = driver: null

2021-10-27 14:31:58 - [TEST_STEP][PASSED] - js.executeScript("window.open();"): null

2021-10-27 14:31:58 - [TEST_STEP][PASSED] - switchToWindowIndex(currentTab + 1): Switched to window with index: '1'

2021-10-27 14:31:58 - [MESSAGE][PASSED] - Switched to window with index: '1'

2021-10-27 14:31:58 - [TEST_STEP][PASSED] - navigateToUrl(Credisol): Navigate to 'https://dev-credisol.paigo.uy' successfully

2021-10-27 14:32:03 - [MESSAGE][PASSED] - Navigate to 'https://dev-credisol.paigo.uy' successfully

2021-10-27 14:32:03 - [TEST_STEP][PASSED] - waitForElementPresent(findTestObject("Credisol/Inicio/h4_InicioFlujo"), 0): Object 'Object Repository/Credisol/Inicio/h4_InicioFlujo' is present

2021-10-27 14:32:03 - [MESSAGE][WARNING] - Timeout '0' is invalid. Using default page load timeout: '30'

2021-10-27 14:32:04 - [MESSAGE][PASSED] - Object 'Object Repository/Credisol/Inicio/h4_InicioFlujo' is present

2021-10-27 14:32:04 - [TEST_STEP][PASSED] - enhancedClick(findTestObject("Credisol/Inicio/h4_InicioFlujo")): Object: 'Object Repository/Credisol/Inicio/h4_InicioFlujo' is clicked on

2021-10-27 14:32:04 - [MESSAGE][PASSED] - Object: 'Object Repository/Credisol/Inicio/h4_InicioFlujo' is clicked on

2021-10-27 14:32:04 - [TEST_STEP][PASSED] - waitForElementPresent(findTestObject("Credisol/Flujo 1/input_Cedula"), 0): Object 'Object Repository/Credisol/Flujo 1/input_Cedula' is present

2021-10-27 14:32:04 - [MESSAGE][WARNING] - Timeout '0' is invalid. Using default page load timeout: '30'

2021-10-27 14:32:05 - [MESSAGE][PASSED] - Object 'Object Repository/Credisol/Flujo 1/input_Cedula' is present

2021-10-27 14:32:05 - [TEST_STEP][PASSED] - setText(findTestObject("Credisol/Flujo 1/input_Cedula"), cedulaRandom): Text '35609900' is set on object 'Object Repository/Credisol/Flujo 1/input_Cedula'

2021-10-27 14:32:05 - [MESSAGE][PASSED] - Text '35609900' is set on object 'Object Repository/Credisol/Flujo 1/input_Cedula'

2021-10-27 14:32:05 - [TEST_STEP][PASSED] - setText(findTestObject("Credisol/Flujo 1/input_Celular"), findTestData("DatosUsuario").getValue(2, 3)): Text '94040738' is set on object 'Object Repository/Credisol/Flujo 1/input_Celular'

2021-10-27 14:32:06 - [MESSAGE][PASSED] - Text '94040738' is set on object 'Object Repository/Credisol/Flujo 1/input_Celular'

2021-10-27 14:32:06 - [TEST_STEP][PASSED] - enhancedClick(findTestObject("Credisol/Flujo 1/input_TyC-1")): Object: 'Object Repository/Credisol/Flujo 1/input_TyC-1' is clicked on

2021-10-27 14:32:07 - [MESSAGE][PASSED] - Object: 'Object Repository/Credisol/Flujo 1/input_TyC-1' is clicked on

2021-10-27 14:32:07 - [TEST_STEP][PASSED] - enhancedClick(findTestObject("Credisol/Flujo 1/div_Continuar-1")): Object: 'Object Repository/Credisol/Flujo 1/div_Continuar-1' is clicked on

2021-10-27 14:32:07 - [MESSAGE][PASSED] - Object: 'Object Repository/Credisol/Flujo 1/div_Continuar-1' is clicked on

2021-10-27 14:32:07 - [TEST_STEP][PASSED] - waitForElementPresent(findTestObject("Credisol/Flujo 2/input_Nombre"), 0): Object 'Object Repository/Credisol/Flujo 2/input_Nombre' is present

2021-10-27 14:32:07 - [MESSAGE][WARNING] - Timeout '0' is invalid. Using default page load timeout: '30'

2021-10-27 14:32:08 - [MESSAGE][PASSED] - Object 'Object Repository/Credisol/Flujo 2/input_Nombre' is present

2021-10-27 14:32:08 - [TEST_STEP][PASSED] - setText(findTestObject("Credisol/Flujo 2/input_Nombre"), findTestData("DatosUsuario").getValue(2, 7)): Text 'Nicolas' is set on object 'Object Repository/Credisol/Flujo 2/input_Nombre'

2021-10-27 14:32:09 - [MESSAGE][PASSED] - Text 'Nicolas' is set on object 'Object Repository/Credisol/Flujo 2/input_Nombre'

2021-10-27 14:32:09 - [TEST_STEP][PASSED] - setText(findTestObject("Credisol/Flujo 2/input_Apellido"), findTestData("DatosUsuario").getValue(2, 8)): Text 'Aquino' is set on object 'Object Repository/Credisol/Flujo 2/input_Apellido'

2021-10-27 14:32:10 - [MESSAGE][PASSED] - Text 'Aquino' is set on object 'Object Repository/Credisol/Flujo 2/input_Apellido'

2021-10-27 14:32:10 - [TEST_STEP][PASSED] - selectOptionByValue(findTestObject("Credisol/Flujo 2/select_Anio"), "1970", false): All options with value '1970' are selected in object 'Object Repository/Credisol/Flujo 2/select_Anio' 

2021-10-27 14:32:11 - [MESSAGE][PASSED] - All options with value '1970' are selected in object 'Object Repository/Credisol/Flujo 2/select_Anio' 

2021-10-27 14:32:11 - [TEST_STEP][PASSED] - selectOptionByValue(findTestObject("Credisol/Flujo 2/select_Mes"), "2", false): All options with value '2' are selected in object 'Object Repository/Credisol/Flujo 2/select_Mes' 

2021-10-27 14:32:11 - [MESSAGE][PASSED] - All options with value '2' are selected in object 'Object Repository/Credisol/Flujo 2/select_Mes' 

2021-10-27 14:32:11 - [TEST_STEP][PASSED] - selectOptionByValue(findTestObject("Credisol/Flujo 2/select_Dia"), "14", false): All options with value '14' are selected in object 'Object Repository/Credisol/Flujo 2/select_Dia' 

2021-10-27 14:32:12 - [MESSAGE][PASSED] - All options with value '14' are selected in object 'Object Repository/Credisol/Flujo 2/select_Dia' 

2021-10-27 14:32:12 - [TEST_STEP][PASSED] - delay(0.7): Delayed 0,7 second(s)

2021-10-27 14:32:13 - [MESSAGE][PASSED] - Delayed 0,7 second(s)

2021-10-27 14:32:13 - [TEST_STEP][PASSED] - setText(findTestObject("Credisol/Flujo 2/input_Email"), findTestData("DatosUsuario").getValue(2, 6)): Text 'nicolas.aquino@paigo.com.uyy' is set on object 'Object Repository/Credisol/Flujo 2/input_Email'

2021-10-27 14:32:14 - [MESSAGE][PASSED] - Text 'nicolas.aquino@paigo.com.uyy' is set on object 'Object Repository/Credisol/Flujo 2/input_Email'

2021-10-27 14:32:14 - [TEST_STEP][PASSED] - delay(0.7): Delayed 0,7 second(s)

2021-10-27 14:32:14 - [MESSAGE][PASSED] - Delayed 0,7 second(s)

2021-10-27 14:32:14 - [TEST_STEP][PASSED] - sendKeys(findTestObject("Credisol/Flujo 2/input_EmailInvalido"), Keys.chord(BACK_SPACE)): Keys 'BACK_SPACE + ' sent to object: 'Object Repository/Credisol/Flujo 2/input_EmailInvalido'

2021-10-27 14:32:15 - [MESSAGE][PASSED] - Keys 'BACK_SPACE + ' sent to object: 'Object Repository/Credisol/Flujo 2/input_EmailInvalido'

2021-10-27 14:32:15 - [TEST_STEP][PASSED] - selectOptionByValue(findTestObject("Credisol/Flujo 2/select_Departamento"), "Montevideo", false): All options with value 'Montevideo' are selected in object 'Object Repository/Credisol/Flujo 2/select_Departamento' 

2021-10-27 14:32:15 - [MESSAGE][PASSED] - All options with value 'Montevideo' are selected in object 'Object Repository/Credisol/Flujo 2/select_Departamento' 

2021-10-27 14:32:15 - [TEST_STEP][PASSED] - selectOptionByValue(findTestObject("Credisol/Flujo 2/select_Localidad"), "Pocitos", false): All options with value 'Pocitos' are selected in object 'Object Repository/Credisol/Flujo 2/select_Localidad' 

2021-10-27 14:32:16 - [MESSAGE][PASSED] - All options with value 'Pocitos' are selected in object 'Object Repository/Credisol/Flujo 2/select_Localidad' 

2021-10-27 14:32:16 - [TEST_STEP][PASSED] - setText(findTestObject("Credisol/Flujo 2/input_Ingresos"), "12000"): Text '12000' is set on object 'Object Repository/Credisol/Flujo 2/input_Ingresos'

2021-10-27 14:32:17 - [MESSAGE][PASSED] - Text '12000' is set on object 'Object Repository/Credisol/Flujo 2/input_Ingresos'

2021-10-27 14:32:17 - [TEST_STEP][PASSED] - selectOptionByValue(findTestObject("Credisol/Flujo 2/select_Genero"), "Male", false): All options with value 'Male' are selected in object 'Object Repository/Credisol/Flujo 2/select_Genero' 

2021-10-27 14:32:17 - [MESSAGE][PASSED] - All options with value 'Male' are selected in object 'Object Repository/Credisol/Flujo 2/select_Genero' 

2021-10-27 14:32:17 - [TEST_STEP][PASSED] - enhancedClick(findTestObject("Credisol/Flujo 2/div_Continuar-2")): Object: 'Object Repository/Credisol/Flujo 2/div_Continuar-2' is clicked on

2021-10-27 14:32:18 - [MESSAGE][PASSED] - Object: 'Object Repository/Credisol/Flujo 2/div_Continuar-2' is clicked on

2021-10-27 14:32:18 - [TEST_STEP][PASSED] - waitForElementPresent(findTestObject("Credisol/Flujo 3/select_Vencimiento"), 0): Object 'Object Repository/Credisol/Flujo 3/select_Vencimiento' is present

2021-10-27 14:32:18 - [MESSAGE][WARNING] - Timeout '0' is invalid. Using default page load timeout: '30'

2021-10-27 14:32:24 - [MESSAGE][PASSED] - Object 'Object Repository/Credisol/Flujo 3/select_Vencimiento' is present

2021-10-27 14:32:24 - [TEST_STEP][PASSED] - enhancedClick(findTestObject("Credisol/Flujo 3/select_Vencimiento"), STOP_ON_FAILURE): Object: 'Object Repository/Credisol/Flujo 3/select_Vencimiento' is clicked on

2021-10-27 14:32:24 - [MESSAGE][PASSED] - Object: 'Object Repository/Credisol/Flujo 3/select_Vencimiento' is clicked on

2021-10-27 14:32:24 - [TEST_STEP][PASSED] - sendKeys(findTestObject("Credisol/Flujo 3/select_Vencimiento"), Keys.chord(ARROW_DOWN, ENTER)): Keys 'DOWN + ENTER + ' sent to object: 'Object Repository/Credisol/Flujo 3/select_Vencimiento'

2021-10-27 14:32:25 - [MESSAGE][PASSED] - Keys 'DOWN + ENTER + ' sent to object: 'Object Repository/Credisol/Flujo 3/select_Vencimiento'

2021-10-27 14:32:25 - [TEST_STEP][PASSED] - delay(3, STOP_ON_FAILURE): Delayed 3 second(s)

2021-10-27 14:32:28 - [MESSAGE][PASSED] - Delayed 3 second(s)

2021-10-27 14:32:28 - [TEST_STEP][PASSED] - enhancedClick(findTestObject("Credisol/Flujo 3/select_Cuotas"), STOP_ON_FAILURE): Object: 'Object Repository/Credisol/Flujo 3/select_Cuotas' is clicked on

2021-10-27 14:32:29 - [MESSAGE][PASSED] - Object: 'Object Repository/Credisol/Flujo 3/select_Cuotas' is clicked on

2021-10-27 14:32:29 - [TEST_STEP][PASSED] - sendKeys(findTestObject("Credisol/Flujo 3/select_Cuotas"), Keys.chord(ARROW_DOWN, ENTER)): Keys 'DOWN + ENTER + ' sent to object: 'Object Repository/Credisol/Flujo 3/select_Cuotas'

2021-10-27 14:32:29 - [MESSAGE][PASSED] - Keys 'DOWN + ENTER + ' sent to object: 'Object Repository/Credisol/Flujo 3/select_Cuotas'

2021-10-27 14:32:29 - [TEST_STEP][PASSED] - selectOptionByLabel(findTestObject("Credisol/Flujo 3/select_Banco"), "Itaú", false): All options with label 'Itaú' are selected in object 'Object Repository/Credisol/Flujo 3/select_Banco' 

2021-10-27 14:32:30 - [MESSAGE][PASSED] - All options with label 'Itaú' are selected in object 'Object Repository/Credisol/Flujo 3/select_Banco' 

2021-10-27 14:32:30 - [TEST_STEP][PASSED] - setText(findTestObject("Credisol/Flujo 3/input_Cuenta"), findTestData("DatosUsuario").getValue(2, 10)): Text '1234567' is set on object 'Object Repository/Credisol/Flujo 3/input_Cuenta'

2021-10-27 14:32:31 - [MESSAGE][PASSED] - Text '1234567' is set on object 'Object Repository/Credisol/Flujo 3/input_Cuenta'

2021-10-27 14:32:31 - [TEST_STEP][PASSED] - enhancedClick(findTestObject("Credisol/Flujo 3/div_Continuar-3")): Object: 'Object Repository/Credisol/Flujo 3/div_Continuar-3' is clicked on

2021-10-27 14:32:31 - [MESSAGE][PASSED] - Object: 'Object Repository/Credisol/Flujo 3/div_Continuar-3' is clicked on

2021-10-27 14:32:31 - [TEST_STEP][PASSED] - waitForElementPresent(findTestObject("Credisol/Flujo 4/input_Direccion"), 0): Object 'Object Repository/Credisol/Flujo 4/input_Direccion' is present

2021-10-27 14:32:31 - [MESSAGE][WARNING] - Timeout '0' is invalid. Using default page load timeout: '30'

2021-10-27 14:32:33 - [MESSAGE][PASSED] - Object 'Object Repository/Credisol/Flujo 4/input_Direccion' is present

2021-10-27 14:32:33 - [TEST_STEP][PASSED] - setText(findTestObject("Credisol/Flujo 4/input_Direccion"), findTestData("DatosUsuario").getValue(2, 9)): Text 'Calle falsa 123' is set on object 'Object Repository/Credisol/Flujo 4/input_Direccion'

2021-10-27 14:32:33 - [MESSAGE][PASSED] - Text 'Calle falsa 123' is set on object 'Object Repository/Credisol/Flujo 4/input_Direccion'

2021-10-27 14:32:33 - [TEST_STEP][PASSED] - enhancedClick(findTestObject("Credisol/Flujo 4/input_TyC-2")): Object: 'Object Repository/Credisol/Flujo 4/input_TyC-2' is clicked on

2021-10-27 14:32:34 - [MESSAGE][PASSED] - Object: 'Object Repository/Credisol/Flujo 4/input_TyC-2' is clicked on

2021-10-27 14:32:34 - [TEST_STEP][PASSED] - enhancedClick(findTestObject("Credisol/Flujo 4/div_Continuar-4")): Object: 'Object Repository/Credisol/Flujo 4/div_Continuar-4' is clicked on

2021-10-27 14:32:34 - [MESSAGE][PASSED] - Object: 'Object Repository/Credisol/Flujo 4/div_Continuar-4' is clicked on

2021-10-27 14:32:34 - [TEST_STEP][PASSED] - waitForElementPresent(findTestObject("Credisol/Flujo 5/div_QuieroQueMeLlamen"), 0): Object 'Object Repository/Credisol/Flujo 5/div_QuieroQueMeLlamen' is present

2021-10-27 14:32:34 - [MESSAGE][WARNING] - Timeout '0' is invalid. Using default page load timeout: '30'

2021-10-27 14:32:37 - [MESSAGE][PASSED] - Object 'Object Repository/Credisol/Flujo 5/div_QuieroQueMeLlamen' is present

2021-10-27 14:32:37 - [TEST_STEP][PASSED] - enhancedClick(findTestObject("Credisol/Flujo 5/div_QuieroQueMeLlamen")): Object: 'Object Repository/Credisol/Flujo 5/div_QuieroQueMeLlamen' is clicked on

2021-10-27 14:32:38 - [MESSAGE][PASSED] - Object: 'Object Repository/Credisol/Flujo 5/div_QuieroQueMeLlamen' is clicked on

2021-10-27 14:32:38 - [TEST_STEP][PASSED] - waitForElementPresent(findTestObject("Credisol/Flujo 6/div_FINALIZAR"), 0): Object 'Object Repository/Credisol/Flujo 6/div_FINALIZAR' is present

2021-10-27 14:32:38 - [MESSAGE][WARNING] - Timeout '0' is invalid. Using default page load timeout: '30'

2021-10-27 14:32:38 - [MESSAGE][PASSED] - Object 'Object Repository/Credisol/Flujo 6/div_FINALIZAR' is present

2021-10-27 14:32:38 - [TEST_STEP][PASSED] - enhancedClick(findTestObject("Credisol/Flujo 6/div_FINALIZAR")): Object: 'Object Repository/Credisol/Flujo 6/div_FINALIZAR' is clicked on

2021-10-27 14:32:39 - [MESSAGE][PASSED] - Object: 'Object Repository/Credisol/Flujo 6/div_FINALIZAR' is clicked on]]></system-out>
         <system-err><![CDATA[]]></system-err>
      </testcase>
      <system-out><![CDATA[2021-10-27 14:31:53 - [TEST_SUITE][PASSED] - Credisol: Test Cases/Credisol/CS - Flujo Web]]></system-out>
      <system-err><![CDATA[]]></system-err>
   </testsuite>
</testsuites>
